<?xml version="1.0" encoding="UTF-8"?>
<testsuite name="com.mybank.atm.service.PinServiceTest" tests="2" skipped="0" failures="0" errors="0" timestamp="2018-07-28T21:36:25" hostname="MacBook.local" time="0.011">
  <properties/>
  <testcase name="testValidPin" classname="com.mybank.atm.service.PinServiceTest" time="0.006"/>
  <testcase name="testInvalidPin" classname="com.mybank.atm.service.PinServiceTest" time="0.005"/>
  <system-out><![CDATA[[INFO] Neither @ContextConfiguration nor @ContextHierarchy found for test class [com.mybank.atm.service.PinServiceTest], using SpringBootContextLoader
[INFO] Could not detect default resource locations for test class [com.mybank.atm.service.PinServiceTest]: no resource found for suffixes {-context.xml, Context.groovy}.
[INFO] Found @SpringBootConfiguration com.mybank.atm.AtmApplication for test class com.mybank.atm.service.PinServiceTest
[INFO] Loaded default TestExecutionListener class names from location [META-INF/spring.factories]: [org.springframework.boot.test.autoconfigure.restdocs.RestDocsTestExecutionListener, org.springframework.boot.test.autoconfigure.web.client.MockRestServiceServerResetTestExecutionListener, org.springframework.boot.test.autoconfigure.web.servlet.MockMvcPrintOnlyOnFailureTestExecutionListener, org.springframework.boot.test.autoconfigure.web.servlet.WebDriverTestExecutionListener, org.springframework.boot.test.mock.mockito.MockitoTestExecutionListener, org.springframework.boot.test.mock.mockito.ResetMocksTestExecutionListener, org.springframework.test.context.web.ServletTestExecutionListener, org.springframework.test.context.support.DirtiesContextBeforeModesTestExecutionListener, org.springframework.test.context.support.DependencyInjectionTestExecutionListener, org.springframework.test.context.support.DirtiesContextTestExecutionListener, org.springframework.test.context.transaction.TransactionalTestExecutionListener, org.springframework.test.context.jdbc.SqlScriptsTestExecutionListener]
[INFO] Using TestExecutionListeners: [org.springframework.test.context.web.ServletTestExecutionListener@20d74480, org.springframework.test.context.support.DirtiesContextBeforeModesTestExecutionListener@32721a77, org.springframework.boot.test.autoconfigure.SpringBootDependencyInjectionTestExecutionListener@2a041f9e, org.springframework.test.context.support.DirtiesContextTestExecutionListener@3e34742a, org.springframework.test.context.transaction.TransactionalTestExecutionListener@24ddd428, org.springframework.test.context.jdbc.SqlScriptsTestExecutionListener@65ec366, org.springframework.boot.test.mock.mockito.ResetMocksTestExecutionListener@cacc4dc, org.springframework.boot.test.autoconfigure.restdocs.RestDocsTestExecutionListener@11246447, org.springframework.boot.test.autoconfigure.web.client.MockRestServiceServerResetTestExecutionListener@5b129edf, org.springframework.boot.test.autoconfigure.web.servlet.MockMvcPrintOnlyOnFailureTestExecutionListener@2b273328, org.springframework.boot.test.mock.mockito.MockitoTestExecutionListener@414788b4, org.springframework.boot.test.autoconfigure.web.servlet.WebDriverTestExecutionListener@73f3da87]
[INFO] Starting PinServiceTest on MacBook.local with PID 6027 (started by ramanagoudapatil in /Users/ramanagoudapatil/github/testrepo)
[INFO] No active profile set, falling back to default profiles: default
[INFO] Refreshing org.springframework.context.annotation.AnnotationConfigApplicationContext@627ae0d4: startup date [Sat Jul 28 14:36:25 PDT 2018]; root of context hierarchy
[INFO] Replacing 'dataSource' DataSource bean with embedded version
[INFO] Overriding bean definition for bean 'dataSource' with a different definition: replacing [Root bean: class [null]; scope=; abstract=false; lazyInit=false; autowireMode=3; dependencyCheck=0; autowireCandidate=true; primary=false; factoryBeanName=org.springframework.boot.autoconfigure.jdbc.DataSourceConfiguration$Tomcat; factoryMethodName=dataSource; initMethodName=null; destroyMethodName=(inferred); defined in class path resource [org/springframework/boot/autoconfigure/jdbc/DataSourceConfiguration$Tomcat.class]] with [Root bean: class [org.springframework.boot.test.autoconfigure.jdbc.TestDatabaseAutoConfiguration$EmbeddedDataSourceFactoryBean]; scope=; abstract=false; lazyInit=false; autowireMode=0; dependencyCheck=0; autowireCandidate=true; primary=false; factoryBeanName=null; factoryMethodName=null; initMethodName=null; destroyMethodName=null]
[WARN] Cannot enhance @Configuration bean definition 'embeddedDataSourceBeanFactoryPostProcessor' since its singleton instance has been created too early. The typical cause is a non-static @Bean method with a BeanDefinitionRegistryPostProcessor return type: Consider declaring such methods as 'static'.
[INFO] Starting embedded database: url='jdbc:h2:mem:e2399fd1-b34a-45d4-8737-414fd577d509;DB_CLOSE_DELAY=-1;DB_CLOSE_ON_EXIT=false', username='sa'
[INFO] Building JPA container EntityManagerFactory for persistence unit 'default'
Hibernate: drop table account if exists
Hibernate: drop table safe if exists
Hibernate: create table account (id bigint generated by default as identity, account_number bigint not null, balance decimal(19,2) not null, overdraft decimal(19,2) not null, pin varchar(255) not null, primary key (id))
Hibernate: create table safe (bank_note varchar(255) not null, note_count integer not null, primary key (bank_note))
[INFO] Initialized JPA EntityManagerFactory for persistence unit 'default'
[INFO] Executing SQL script from URL [file:/Users/ramanagoudapatil/github/testrepo/build/resources/main/data.sql]
[INFO] Executed SQL script from URL [file:/Users/ramanagoudapatil/github/testrepo/build/resources/main/data.sql] in 2 ms.
[INFO] Executing SQL script from URL [file:/Users/ramanagoudapatil/github/testrepo/build/resources/test/data.sql]
[INFO] Executed SQL script from URL [file:/Users/ramanagoudapatil/github/testrepo/build/resources/test/data.sql] in 1 ms.
[INFO] Started PinServiceTest in 0.464 seconds (JVM running for 100.666)
[INFO] Began transaction (1) for test context [DefaultTestContext@6fa206d4 testClass = PinServiceTest, testInstance = com.mybank.atm.service.PinServiceTest@728832bf, testMethod = testValidPin@PinServiceTest, testException = [null], mergedContextConfiguration = [MergedContextConfiguration@7e4ef3ad testClass = PinServiceTest, locations = '{}', classes = '{class com.mybank.atm.AtmApplication, class com.mybank.atm.service.PinServiceTest$PinServiceImplTestContextConfiguration}', contextInitializerClasses = '[]', activeProfiles = '{}', propertySourceLocations = '{}', propertySourceProperties = '{org.springframework.boot.test.context.SpringBootTestContextBootstrapper=true}', contextCustomizers = set[org.springframework.boot.test.autoconfigure.OverrideAutoConfigurationContextCustomizerFactory$DisableAutoConfigurationContextCustomizer@2480bd81, org.springframework.boot.test.autoconfigure.filter.TypeExcludeFiltersContextCustomizer@351584c0, org.springframework.boot.test.autoconfigure.properties.PropertyMappingContextCustomizer@460a9587, org.springframework.boot.test.autoconfigure.web.servlet.WebDriverContextCustomizerFactory$Customizer@4c032a48, [ImportsContextCustomizer@1882013 key = [com.mybank.atm.service.AccountService, org.springframework.boot.autoconfigure.cache.CacheAutoConfiguration, org.springframework.boot.autoconfigure.data.jpa.JpaRepositoriesAutoConfiguration, org.springframework.boot.autoconfigure.flyway.FlywayAutoConfiguration, org.springframework.boot.autoconfigure.jdbc.DataSourceAutoConfiguration, org.springframework.boot.autoconfigure.jdbc.DataSourceTransactionManagerAutoConfiguration, org.springframework.boot.autoconfigure.jdbc.JdbcTemplateAutoConfiguration, org.springframework.boot.autoconfigure.liquibase.LiquibaseAutoConfiguration, org.springframework.boot.autoconfigure.orm.jpa.HibernateJpaAutoConfiguration, org.springframework.boot.autoconfigure.transaction.TransactionAutoConfiguration, org.springframework.boot.test.autoconfigure.jdbc.TestDatabaseAutoConfiguration, org.springframework.boot.test.autoconfigure.orm.jpa.TestEntityManagerAutoConfiguration]], org.springframework.boot.test.context.filter.ExcludeFilterContextCustomizer@7a25e733, org.springframework.boot.test.json.DuplicateJsonObjectContextCustomizerFactory$DuplicateJsonObjectContextCustomizer@e9faed3, org.springframework.boot.test.mock.mockito.MockitoContextCustomizer@0], contextLoader = 'org.springframework.boot.test.context.SpringBootContextLoader', parent = [null]]]; transaction manager [org.springframework.orm.jpa.JpaTransactionManager@32996447]; rollback [true]
[INFO] Rolled back transaction for test context [DefaultTestContext@6fa206d4 testClass = PinServiceTest, testInstance = com.mybank.atm.service.PinServiceTest@728832bf, testMethod = testValidPin@PinServiceTest, testException = [null], mergedContextConfiguration = [MergedContextConfiguration@7e4ef3ad testClass = PinServiceTest, locations = '{}', classes = '{class com.mybank.atm.AtmApplication, class com.mybank.atm.service.PinServiceTest$PinServiceImplTestContextConfiguration}', contextInitializerClasses = '[]', activeProfiles = '{}', propertySourceLocations = '{}', propertySourceProperties = '{org.springframework.boot.test.context.SpringBootTestContextBootstrapper=true}', contextCustomizers = set[org.springframework.boot.test.autoconfigure.OverrideAutoConfigurationContextCustomizerFactory$DisableAutoConfigurationContextCustomizer@2480bd81, org.springframework.boot.test.autoconfigure.filter.TypeExcludeFiltersContextCustomizer@351584c0, org.springframework.boot.test.autoconfigure.properties.PropertyMappingContextCustomizer@460a9587, org.springframework.boot.test.autoconfigure.web.servlet.WebDriverContextCustomizerFactory$Customizer@4c032a48, [ImportsContextCustomizer@1882013 key = [com.mybank.atm.service.AccountService, org.springframework.boot.autoconfigure.cache.CacheAutoConfiguration, org.springframework.boot.autoconfigure.data.jpa.JpaRepositoriesAutoConfiguration, org.springframework.boot.autoconfigure.flyway.FlywayAutoConfiguration, org.springframework.boot.autoconfigure.jdbc.DataSourceAutoConfiguration, org.springframework.boot.autoconfigure.jdbc.DataSourceTransactionManagerAutoConfiguration, org.springframework.boot.autoconfigure.jdbc.JdbcTemplateAutoConfiguration, org.springframework.boot.autoconfigure.liquibase.LiquibaseAutoConfiguration, org.springframework.boot.autoconfigure.orm.jpa.HibernateJpaAutoConfiguration, org.springframework.boot.autoconfigure.transaction.TransactionAutoConfiguration, org.springframework.boot.test.autoconfigure.jdbc.TestDatabaseAutoConfiguration, org.springframework.boot.test.autoconfigure.orm.jpa.TestEntityManagerAutoConfiguration]], org.springframework.boot.test.context.filter.ExcludeFilterContextCustomizer@7a25e733, org.springframework.boot.test.json.DuplicateJsonObjectContextCustomizerFactory$DuplicateJsonObjectContextCustomizer@e9faed3, org.springframework.boot.test.mock.mockito.MockitoContextCustomizer@0], contextLoader = 'org.springframework.boot.test.context.SpringBootContextLoader', parent = [null]]].
[INFO] Began transaction (1) for test context [DefaultTestContext@6fa206d4 testClass = PinServiceTest, testInstance = com.mybank.atm.service.PinServiceTest@4cd6ef7a, testMethod = testInvalidPin@PinServiceTest, testException = [null], mergedContextConfiguration = [MergedContextConfiguration@7e4ef3ad testClass = PinServiceTest, locations = '{}', classes = '{class com.mybank.atm.AtmApplication, class com.mybank.atm.service.PinServiceTest$PinServiceImplTestContextConfiguration}', contextInitializerClasses = '[]', activeProfiles = '{}', propertySourceLocations = '{}', propertySourceProperties = '{org.springframework.boot.test.context.SpringBootTestContextBootstrapper=true}', contextCustomizers = set[org.springframework.boot.test.autoconfigure.OverrideAutoConfigurationContextCustomizerFactory$DisableAutoConfigurationContextCustomizer@2480bd81, org.springframework.boot.test.autoconfigure.filter.TypeExcludeFiltersContextCustomizer@351584c0, org.springframework.boot.test.autoconfigure.properties.PropertyMappingContextCustomizer@460a9587, org.springframework.boot.test.autoconfigure.web.servlet.WebDriverContextCustomizerFactory$Customizer@4c032a48, [ImportsContextCustomizer@1882013 key = [com.mybank.atm.service.AccountService, org.springframework.boot.autoconfigure.cache.CacheAutoConfiguration, org.springframework.boot.autoconfigure.data.jpa.JpaRepositoriesAutoConfiguration, org.springframework.boot.autoconfigure.flyway.FlywayAutoConfiguration, org.springframework.boot.autoconfigure.jdbc.DataSourceAutoConfiguration, org.springframework.boot.autoconfigure.jdbc.DataSourceTransactionManagerAutoConfiguration, org.springframework.boot.autoconfigure.jdbc.JdbcTemplateAutoConfiguration, org.springframework.boot.autoconfigure.liquibase.LiquibaseAutoConfiguration, org.springframework.boot.autoconfigure.orm.jpa.HibernateJpaAutoConfiguration, org.springframework.boot.autoconfigure.transaction.TransactionAutoConfiguration, org.springframework.boot.test.autoconfigure.jdbc.TestDatabaseAutoConfiguration, org.springframework.boot.test.autoconfigure.orm.jpa.TestEntityManagerAutoConfiguration]], org.springframework.boot.test.context.filter.ExcludeFilterContextCustomizer@7a25e733, org.springframework.boot.test.json.DuplicateJsonObjectContextCustomizerFactory$DuplicateJsonObjectContextCustomizer@e9faed3, org.springframework.boot.test.mock.mockito.MockitoContextCustomizer@0], contextLoader = 'org.springframework.boot.test.context.SpringBootContextLoader', parent = [null]]]; transaction manager [org.springframework.orm.jpa.JpaTransactionManager@32996447]; rollback [true]
[INFO] Rolled back transaction for test context [DefaultTestContext@6fa206d4 testClass = PinServiceTest, testInstance = com.mybank.atm.service.PinServiceTest@4cd6ef7a, testMethod = testInvalidPin@PinServiceTest, testException = [null], mergedContextConfiguration = [MergedContextConfiguration@7e4ef3ad testClass = PinServiceTest, locations = '{}', classes = '{class com.mybank.atm.AtmApplication, class com.mybank.atm.service.PinServiceTest$PinServiceImplTestContextConfiguration}', contextInitializerClasses = '[]', activeProfiles = '{}', propertySourceLocations = '{}', propertySourceProperties = '{org.springframework.boot.test.context.SpringBootTestContextBootstrapper=true}', contextCustomizers = set[org.springframework.boot.test.autoconfigure.OverrideAutoConfigurationContextCustomizerFactory$DisableAutoConfigurationContextCustomizer@2480bd81, org.springframework.boot.test.autoconfigure.filter.TypeExcludeFiltersContextCustomizer@351584c0, org.springframework.boot.test.autoconfigure.properties.PropertyMappingContextCustomizer@460a9587, org.springframework.boot.test.autoconfigure.web.servlet.WebDriverContextCustomizerFactory$Customizer@4c032a48, [ImportsContextCustomizer@1882013 key = [com.mybank.atm.service.AccountService, org.springframework.boot.autoconfigure.cache.CacheAutoConfiguration, org.springframework.boot.autoconfigure.data.jpa.JpaRepositoriesAutoConfiguration, org.springframework.boot.autoconfigure.flyway.FlywayAutoConfiguration, org.springframework.boot.autoconfigure.jdbc.DataSourceAutoConfiguration, org.springframework.boot.autoconfigure.jdbc.DataSourceTransactionManagerAutoConfiguration, org.springframework.boot.autoconfigure.jdbc.JdbcTemplateAutoConfiguration, org.springframework.boot.autoconfigure.liquibase.LiquibaseAutoConfiguration, org.springframework.boot.autoconfigure.orm.jpa.HibernateJpaAutoConfiguration, org.springframework.boot.autoconfigure.transaction.TransactionAutoConfiguration, org.springframework.boot.test.autoconfigure.jdbc.TestDatabaseAutoConfiguration, org.springframework.boot.test.autoconfigure.orm.jpa.TestEntityManagerAutoConfiguration]], org.springframework.boot.test.context.filter.ExcludeFilterContextCustomizer@7a25e733, org.springframework.boot.test.json.DuplicateJsonObjectContextCustomizerFactory$DuplicateJsonObjectContextCustomizer@e9faed3, org.springframework.boot.test.mock.mockito.MockitoContextCustomizer@0], contextLoader = 'org.springframework.boot.test.context.SpringBootContextLoader', parent = [null]]].
]]></system-out>
  <system-err><![CDATA[]]></system-err>
</testsuite>
