<?xml version="1.0" encoding="UTF-8"?>
<testsuite name="com.mybank.atm.entity.json.WithdrawalResourceTest" tests="1" skipped="0" failures="0" errors="0" timestamp="2018-07-28T21:34:46" hostname="MacBook.local" time="0.014">
  <properties/>
  <testcase name="testCreate" classname="com.mybank.atm.entity.json.WithdrawalResourceTest" time="0.014"/>
  <system-out><![CDATA[[DEBUG] SpringJUnit4ClassRunner constructor called with [class com.mybank.atm.entity.json.WithdrawalResourceTest]
[DEBUG] Instantiating CacheAwareContextLoaderDelegate from class [org.springframework.test.context.cache.DefaultCacheAwareContextLoaderDelegate]
[DEBUG] Instantiating BootstrapContext using constructor [public org.springframework.test.context.support.DefaultBootstrapContext(java.lang.Class,org.springframework.test.context.CacheAwareContextLoaderDelegate)]
[DEBUG] Instantiating TestContextBootstrapper for test class [com.mybank.atm.entity.json.WithdrawalResourceTest] from class [org.springframework.test.context.support.DefaultTestContextBootstrapper]
[INFO] Neither @ContextConfiguration nor @ContextHierarchy found for test class [com.mybank.atm.entity.json.WithdrawalResourceTest], using DelegatingSmartContextLoader
[DEBUG] Delegating to GenericXmlContextLoader to process context configuration [ContextConfigurationAttributes@6f5eda5b declaringClass = 'com.mybank.atm.entity.json.WithdrawalResourceTest', classes = '{}', locations = '{}', inheritLocations = false, initializers = '{}', inheritInitializers = true, name = [null], contextLoaderClass = 'org.springframework.test.context.ContextLoader'].
[DEBUG] Did not detect default resource location for test class [com.mybank.atm.entity.json.WithdrawalResourceTest]: class path resource [com/mybank/atm/entity/json/WithdrawalResourceTest-context.xml] does not exist
[INFO] Could not detect default resource locations for test class [com.mybank.atm.entity.json.WithdrawalResourceTest]: no resource found for suffixes {-context.xml}.
[DEBUG] Delegating to AnnotationConfigContextLoader to process context configuration [ContextConfigurationAttributes@6f5eda5b declaringClass = 'com.mybank.atm.entity.json.WithdrawalResourceTest', classes = '{}', locations = '{}', inheritLocations = false, initializers = '{}', inheritInitializers = true, name = [null], contextLoaderClass = 'org.springframework.test.context.ContextLoader'].
[INFO] Could not detect default configuration classes for test class [com.mybank.atm.entity.json.WithdrawalResourceTest]: WithdrawalResourceTest does not declare any static, non-private, non-final, nested classes annotated with @Configuration.
[DEBUG] Could not find an 'annotation declaring class' for annotation type [org.springframework.test.context.ActiveProfiles] and class [com.mybank.atm.entity.json.WithdrawalResourceTest]
[DEBUG] @TestExecutionListeners is not present for class [com.mybank.atm.entity.json.WithdrawalResourceTest]: using defaults.
[INFO] Loaded default TestExecutionListener class names from location [META-INF/spring.factories]: [org.springframework.boot.test.autoconfigure.restdocs.RestDocsTestExecutionListener, org.springframework.boot.test.autoconfigure.web.client.MockRestServiceServerResetTestExecutionListener, org.springframework.boot.test.autoconfigure.web.servlet.MockMvcPrintOnlyOnFailureTestExecutionListener, org.springframework.boot.test.autoconfigure.web.servlet.WebDriverTestExecutionListener, org.springframework.boot.test.mock.mockito.MockitoTestExecutionListener, org.springframework.boot.test.mock.mockito.ResetMocksTestExecutionListener, org.springframework.test.context.web.ServletTestExecutionListener, org.springframework.test.context.support.DirtiesContextBeforeModesTestExecutionListener, org.springframework.test.context.support.DependencyInjectionTestExecutionListener, org.springframework.test.context.support.DirtiesContextTestExecutionListener, org.springframework.test.context.transaction.TransactionalTestExecutionListener, org.springframework.test.context.jdbc.SqlScriptsTestExecutionListener]
[INFO] Using TestExecutionListeners: [org.springframework.test.context.web.ServletTestExecutionListener@635aecbb, org.springframework.test.context.support.DirtiesContextBeforeModesTestExecutionListener@6141efa8, org.springframework.test.context.support.DependencyInjectionTestExecutionListener@3c830dc6, org.springframework.test.context.support.DirtiesContextTestExecutionListener@28476548, org.springframework.test.context.transaction.TransactionalTestExecutionListener@1c4c6bcf, org.springframework.test.context.jdbc.SqlScriptsTestExecutionListener@721efb41, org.springframework.boot.test.mock.mockito.ResetMocksTestExecutionListener@56d725f9, org.springframework.boot.test.autoconfigure.restdocs.RestDocsTestExecutionListener@45a9674e, org.springframework.boot.test.autoconfigure.web.client.MockRestServiceServerResetTestExecutionListener@3ac46e27, org.springframework.boot.test.autoconfigure.web.servlet.MockMvcPrintOnlyOnFailureTestExecutionListener@3f855ecd, org.springframework.boot.test.mock.mockito.MockitoTestExecutionListener@50925c29, org.springframework.boot.test.autoconfigure.web.servlet.WebDriverTestExecutionListener@5e0fd262]
[DEBUG] Retrieved @ProfileValueSourceConfiguration [null] for test class [com.mybank.atm.entity.json.WithdrawalResourceTest]
[DEBUG] Retrieved ProfileValueSource type [class org.springframework.test.annotation.SystemProfileValueSource] for class [com.mybank.atm.entity.json.WithdrawalResourceTest]
[DEBUG] Retrieved @ProfileValueSourceConfiguration [null] for test class [com.mybank.atm.entity.json.WithdrawalResourceTest]
[DEBUG] Retrieved ProfileValueSource type [class org.springframework.test.annotation.SystemProfileValueSource] for class [com.mybank.atm.entity.json.WithdrawalResourceTest]
[DEBUG] Before test class: context [DefaultTestContext@47a33ad2 testClass = WithdrawalResourceTest, testInstance = [null], testMethod = [null], testException = [null], mergedContextConfiguration = [MergedContextConfiguration@524577dd testClass = WithdrawalResourceTest, locations = '{}', classes = '{}', contextInitializerClasses = '[]', activeProfiles = '{}', propertySourceLocations = '{}', propertySourceProperties = '{}', contextCustomizers = set[org.springframework.boot.test.autoconfigure.properties.PropertyMappingContextCustomizer@0, org.springframework.boot.test.autoconfigure.web.servlet.WebDriverContextCustomizerFactory$Customizer@4c032a48, org.springframework.boot.test.context.filter.ExcludeFilterContextCustomizer@7a25e733, org.springframework.boot.test.json.DuplicateJsonObjectContextCustomizerFactory$DuplicateJsonObjectContextCustomizer@e9faed3, org.springframework.boot.test.mock.mockito.MockitoContextCustomizer@0], contextLoader = 'org.springframework.test.context.support.DelegatingSmartContextLoader', parent = [null]]], class annotated with @DirtiesContext [false] with mode [null].
[DEBUG] Retrieved @ProfileValueSourceConfiguration [null] for test class [com.mybank.atm.entity.json.WithdrawalResourceTest]
[DEBUG] Retrieved ProfileValueSource type [class org.springframework.test.annotation.SystemProfileValueSource] for class [com.mybank.atm.entity.json.WithdrawalResourceTest]
[DEBUG] Performing dependency injection for test context [[DefaultTestContext@47a33ad2 testClass = WithdrawalResourceTest, testInstance = com.mybank.atm.entity.json.WithdrawalResourceTest@10f40aa8, testMethod = [null], testException = [null], mergedContextConfiguration = [MergedContextConfiguration@524577dd testClass = WithdrawalResourceTest, locations = '{}', classes = '{}', contextInitializerClasses = '[]', activeProfiles = '{}', propertySourceLocations = '{}', propertySourceProperties = '{}', contextCustomizers = set[org.springframework.boot.test.autoconfigure.properties.PropertyMappingContextCustomizer@0, org.springframework.boot.test.autoconfigure.web.servlet.WebDriverContextCustomizerFactory$Customizer@4c032a48, org.springframework.boot.test.context.filter.ExcludeFilterContextCustomizer@7a25e733, org.springframework.boot.test.json.DuplicateJsonObjectContextCustomizerFactory$DuplicateJsonObjectContextCustomizer@e9faed3, org.springframework.boot.test.mock.mockito.MockitoContextCustomizer@0], contextLoader = 'org.springframework.test.context.support.DelegatingSmartContextLoader', parent = [null]]]].
[DEBUG] Retrieved ApplicationContext from cache with key [[MergedContextConfiguration@524577dd testClass = WithdrawalResourceTest, locations = '{}', classes = '{}', contextInitializerClasses = '[]', activeProfiles = '{}', propertySourceLocations = '{}', propertySourceProperties = '{}', contextCustomizers = set[org.springframework.boot.test.autoconfigure.properties.PropertyMappingContextCustomizer@0, org.springframework.boot.test.autoconfigure.web.servlet.WebDriverContextCustomizerFactory$Customizer@4c032a48, org.springframework.boot.test.context.filter.ExcludeFilterContextCustomizer@7a25e733, org.springframework.boot.test.json.DuplicateJsonObjectContextCustomizerFactory$DuplicateJsonObjectContextCustomizer@e9faed3, org.springframework.boot.test.mock.mockito.MockitoContextCustomizer@0], contextLoader = 'org.springframework.test.context.support.DelegatingSmartContextLoader', parent = [null]]]
[DEBUG] Spring test ApplicationContext cache statistics: [DefaultContextCache@53c1ee27 size = 1, maxSize = 32, parentContextCount = 0, hitCount = 5, missCount = 1]
[DEBUG] Before test method: context [DefaultTestContext@47a33ad2 testClass = WithdrawalResourceTest, testInstance = com.mybank.atm.entity.json.WithdrawalResourceTest@10f40aa8, testMethod = testCreate@WithdrawalResourceTest, testException = [null], mergedContextConfiguration = [MergedContextConfiguration@524577dd testClass = WithdrawalResourceTest, locations = '{}', classes = '{}', contextInitializerClasses = '[]', activeProfiles = '{}', propertySourceLocations = '{}', propertySourceProperties = '{}', contextCustomizers = set[org.springframework.boot.test.autoconfigure.properties.PropertyMappingContextCustomizer@0, org.springframework.boot.test.autoconfigure.web.servlet.WebDriverContextCustomizerFactory$Customizer@4c032a48, org.springframework.boot.test.context.filter.ExcludeFilterContextCustomizer@7a25e733, org.springframework.boot.test.json.DuplicateJsonObjectContextCustomizerFactory$DuplicateJsonObjectContextCustomizer@e9faed3, org.springframework.boot.test.mock.mockito.MockitoContextCustomizer@0], contextLoader = 'org.springframework.test.context.support.DelegatingSmartContextLoader', parent = [null]]], class annotated with @DirtiesContext [false] with mode [null], method annotated with @DirtiesContext [false] with mode [null].
[DEBUG] Retrieved ApplicationContext from cache with key [[MergedContextConfiguration@524577dd testClass = WithdrawalResourceTest, locations = '{}', classes = '{}', contextInitializerClasses = '[]', activeProfiles = '{}', propertySourceLocations = '{}', propertySourceProperties = '{}', contextCustomizers = set[org.springframework.boot.test.autoconfigure.properties.PropertyMappingContextCustomizer@0, org.springframework.boot.test.autoconfigure.web.servlet.WebDriverContextCustomizerFactory$Customizer@4c032a48, org.springframework.boot.test.context.filter.ExcludeFilterContextCustomizer@7a25e733, org.springframework.boot.test.json.DuplicateJsonObjectContextCustomizerFactory$DuplicateJsonObjectContextCustomizer@e9faed3, org.springframework.boot.test.mock.mockito.MockitoContextCustomizer@0], contextLoader = 'org.springframework.test.context.support.DelegatingSmartContextLoader', parent = [null]]]
[DEBUG] Spring test ApplicationContext cache statistics: [DefaultContextCache@53c1ee27 size = 1, maxSize = 32, parentContextCount = 0, hitCount = 6, missCount = 1]
[DEBUG] Returning cached instance of singleton bean 'org.springframework.boot.test.mock.mockito.MockitoBeans'
[DEBUG] Retrieved ApplicationContext from cache with key [[MergedContextConfiguration@524577dd testClass = WithdrawalResourceTest, locations = '{}', classes = '{}', contextInitializerClasses = '[]', activeProfiles = '{}', propertySourceLocations = '{}', propertySourceProperties = '{}', contextCustomizers = set[org.springframework.boot.test.autoconfigure.properties.PropertyMappingContextCustomizer@0, org.springframework.boot.test.autoconfigure.web.servlet.WebDriverContextCustomizerFactory$Customizer@4c032a48, org.springframework.boot.test.context.filter.ExcludeFilterContextCustomizer@7a25e733, org.springframework.boot.test.json.DuplicateJsonObjectContextCustomizerFactory$DuplicateJsonObjectContextCustomizer@e9faed3, org.springframework.boot.test.mock.mockito.MockitoContextCustomizer@0], contextLoader = 'org.springframework.test.context.support.DelegatingSmartContextLoader', parent = [null]]]
[DEBUG] Spring test ApplicationContext cache statistics: [DefaultContextCache@53c1ee27 size = 1, maxSize = 32, parentContextCount = 0, hitCount = 7, missCount = 1]
[DEBUG] Retrieved ApplicationContext from cache with key [[MergedContextConfiguration@524577dd testClass = WithdrawalResourceTest, locations = '{}', classes = '{}', contextInitializerClasses = '[]', activeProfiles = '{}', propertySourceLocations = '{}', propertySourceProperties = '{}', contextCustomizers = set[org.springframework.boot.test.autoconfigure.properties.PropertyMappingContextCustomizer@0, org.springframework.boot.test.autoconfigure.web.servlet.WebDriverContextCustomizerFactory$Customizer@4c032a48, org.springframework.boot.test.context.filter.ExcludeFilterContextCustomizer@7a25e733, org.springframework.boot.test.json.DuplicateJsonObjectContextCustomizerFactory$DuplicateJsonObjectContextCustomizer@e9faed3, org.springframework.boot.test.mock.mockito.MockitoContextCustomizer@0], contextLoader = 'org.springframework.test.context.support.DelegatingSmartContextLoader', parent = [null]]]
[DEBUG] Spring test ApplicationContext cache statistics: [DefaultContextCache@53c1ee27 size = 1, maxSize = 32, parentContextCount = 0, hitCount = 8, missCount = 1]
[DEBUG] Retrieved ApplicationContext from cache with key [[MergedContextConfiguration@524577dd testClass = WithdrawalResourceTest, locations = '{}', classes = '{}', contextInitializerClasses = '[]', activeProfiles = '{}', propertySourceLocations = '{}', propertySourceProperties = '{}', contextCustomizers = set[org.springframework.boot.test.autoconfigure.properties.PropertyMappingContextCustomizer@0, org.springframework.boot.test.autoconfigure.web.servlet.WebDriverContextCustomizerFactory$Customizer@4c032a48, org.springframework.boot.test.context.filter.ExcludeFilterContextCustomizer@7a25e733, org.springframework.boot.test.json.DuplicateJsonObjectContextCustomizerFactory$DuplicateJsonObjectContextCustomizer@e9faed3, org.springframework.boot.test.mock.mockito.MockitoContextCustomizer@0], contextLoader = 'org.springframework.test.context.support.DelegatingSmartContextLoader', parent = [null]]]
[DEBUG] Spring test ApplicationContext cache statistics: [DefaultContextCache@53c1ee27 size = 1, maxSize = 32, parentContextCount = 0, hitCount = 9, missCount = 1]
[DEBUG] Returning cached instance of singleton bean 'org.springframework.boot.test.mock.mockito.MockitoBeans'
[DEBUG] After test method: context [DefaultTestContext@47a33ad2 testClass = WithdrawalResourceTest, testInstance = com.mybank.atm.entity.json.WithdrawalResourceTest@10f40aa8, testMethod = testCreate@WithdrawalResourceTest, testException = [null], mergedContextConfiguration = [MergedContextConfiguration@524577dd testClass = WithdrawalResourceTest, locations = '{}', classes = '{}', contextInitializerClasses = '[]', activeProfiles = '{}', propertySourceLocations = '{}', propertySourceProperties = '{}', contextCustomizers = set[org.springframework.boot.test.autoconfigure.properties.PropertyMappingContextCustomizer@0, org.springframework.boot.test.autoconfigure.web.servlet.WebDriverContextCustomizerFactory$Customizer@4c032a48, org.springframework.boot.test.context.filter.ExcludeFilterContextCustomizer@7a25e733, org.springframework.boot.test.json.DuplicateJsonObjectContextCustomizerFactory$DuplicateJsonObjectContextCustomizer@e9faed3, org.springframework.boot.test.mock.mockito.MockitoContextCustomizer@0], contextLoader = 'org.springframework.test.context.support.DelegatingSmartContextLoader', parent = [null]]], class annotated with @DirtiesContext [false] with mode [null], method annotated with @DirtiesContext [false] with mode [null].
[DEBUG] After test class: context [DefaultTestContext@47a33ad2 testClass = WithdrawalResourceTest, testInstance = [null], testMethod = [null], testException = [null], mergedContextConfiguration = [MergedContextConfiguration@524577dd testClass = WithdrawalResourceTest, locations = '{}', classes = '{}', contextInitializerClasses = '[]', activeProfiles = '{}', propertySourceLocations = '{}', propertySourceProperties = '{}', contextCustomizers = set[org.springframework.boot.test.autoconfigure.properties.PropertyMappingContextCustomizer@0, org.springframework.boot.test.autoconfigure.web.servlet.WebDriverContextCustomizerFactory$Customizer@4c032a48, org.springframework.boot.test.context.filter.ExcludeFilterContextCustomizer@7a25e733, org.springframework.boot.test.json.DuplicateJsonObjectContextCustomizerFactory$DuplicateJsonObjectContextCustomizer@e9faed3, org.springframework.boot.test.mock.mockito.MockitoContextCustomizer@0], contextLoader = 'org.springframework.test.context.support.DelegatingSmartContextLoader', parent = [null]]], class annotated with @DirtiesContext [false] with mode [null].
]]></system-out>
  <system-err><![CDATA[]]></system-err>
</testsuite>
