<?xml version="1.0" encoding="UTF-8"?>
<testsuite name="com.mybank.atm.controller.AtmControllerTest" tests="11" skipped="0" failures="0" errors="0" timestamp="2018-07-28T21:34:52" hostname="MacBook.local" time="60.592">
  <properties/>
  <testcase name="testIncorrectPin" classname="com.mybank.atm.controller.AtmControllerTest" time="0.287"/>
  <testcase name="testWithdrawFundsAccountLimit" classname="com.mybank.atm.controller.AtmControllerTest" time="0.094"/>
  <testcase name="testInvalidAccountNum" classname="com.mybank.atm.controller.AtmControllerTest" time="0.007"/>
  <testcase name="checkEmptyPin" classname="com.mybank.atm.controller.AtmControllerTest" time="0.008"/>
  <testcase name="testWithdrawFundsATMLimit" classname="com.mybank.atm.controller.AtmControllerTest" time="0.019"/>
  <testcase name="testWithdrawFundsEmptyATM" classname="com.mybank.atm.controller.AtmControllerTest" time="0.014"/>
  <testcase name="testWithdrawFundsBasic" classname="com.mybank.atm.controller.AtmControllerTest" time="30.047"/>
  <testcase name="testGetBalance" classname="com.mybank.atm.controller.AtmControllerTest" time="0.009"/>
  <testcase name="checkEmptyAccountNum" classname="com.mybank.atm.controller.AtmControllerTest" time="0.026"/>
  <testcase name="checkInvalidAccountNum" classname="com.mybank.atm.controller.AtmControllerTest" time="0.034"/>
  <testcase name="testWithdrawFundsOverdraft" classname="com.mybank.atm.controller.AtmControllerTest" time="30.038"/>
  <system-out><![CDATA[[DEBUG] SpringJUnit4ClassRunner constructor called with [class com.mybank.atm.controller.AtmControllerTest]
[DEBUG] Instantiating CacheAwareContextLoaderDelegate from class [org.springframework.test.context.cache.DefaultCacheAwareContextLoaderDelegate]
[DEBUG] Instantiating BootstrapContext using constructor [public org.springframework.test.context.support.DefaultBootstrapContext(java.lang.Class,org.springframework.test.context.CacheAwareContextLoaderDelegate)]
[DEBUG] Instantiating TestContextBootstrapper for test class [com.mybank.atm.controller.AtmControllerTest] from class [org.springframework.boot.test.context.SpringBootTestContextBootstrapper]
[INFO] Neither @ContextConfiguration nor @ContextHierarchy found for test class [com.mybank.atm.controller.AtmControllerTest], using SpringBootContextLoader
[DEBUG] Did not detect default resource location for test class [com.mybank.atm.controller.AtmControllerTest]: class path resource [com/mybank/atm/controller/AtmControllerTest-context.xml] does not exist
[DEBUG] Did not detect default resource location for test class [com.mybank.atm.controller.AtmControllerTest]: class path resource [com/mybank/atm/controller/AtmControllerTestContext.groovy] does not exist
[INFO] Could not detect default resource locations for test class [com.mybank.atm.controller.AtmControllerTest]: no resource found for suffixes {-context.xml, Context.groovy}.
[DEBUG] Could not find an 'annotation declaring class' for annotation type [org.springframework.test.context.ActiveProfiles] and class [com.mybank.atm.controller.AtmControllerTest]
[DEBUG] @TestExecutionListeners is not present for class [com.mybank.atm.controller.AtmControllerTest]: using defaults.
[INFO] Loaded default TestExecutionListener class names from location [META-INF/spring.factories]: [org.springframework.boot.test.autoconfigure.restdocs.RestDocsTestExecutionListener, org.springframework.boot.test.autoconfigure.web.client.MockRestServiceServerResetTestExecutionListener, org.springframework.boot.test.autoconfigure.web.servlet.MockMvcPrintOnlyOnFailureTestExecutionListener, org.springframework.boot.test.autoconfigure.web.servlet.WebDriverTestExecutionListener, org.springframework.boot.test.mock.mockito.MockitoTestExecutionListener, org.springframework.boot.test.mock.mockito.ResetMocksTestExecutionListener, org.springframework.test.context.web.ServletTestExecutionListener, org.springframework.test.context.support.DirtiesContextBeforeModesTestExecutionListener, org.springframework.test.context.support.DependencyInjectionTestExecutionListener, org.springframework.test.context.support.DirtiesContextTestExecutionListener, org.springframework.test.context.transaction.TransactionalTestExecutionListener, org.springframework.test.context.jdbc.SqlScriptsTestExecutionListener]
[INFO] Using TestExecutionListeners: [org.springframework.test.context.web.ServletTestExecutionListener@386d8891, org.springframework.test.context.support.DirtiesContextBeforeModesTestExecutionListener@50f3d295, org.springframework.boot.test.autoconfigure.SpringBootDependencyInjectionTestExecutionListener@2a026784, org.springframework.test.context.support.DirtiesContextTestExecutionListener@b4a2f58, org.springframework.test.context.transaction.TransactionalTestExecutionListener@5fb717a0, org.springframework.test.context.jdbc.SqlScriptsTestExecutionListener@119e01b9, org.springframework.boot.test.mock.mockito.ResetMocksTestExecutionListener@28197a49, org.springframework.boot.test.autoconfigure.restdocs.RestDocsTestExecutionListener@72f3b0fd, org.springframework.boot.test.autoconfigure.web.client.MockRestServiceServerResetTestExecutionListener@151ea314, org.springframework.boot.test.autoconfigure.web.servlet.MockMvcPrintOnlyOnFailureTestExecutionListener@746cebc7, org.springframework.boot.test.mock.mockito.MockitoTestExecutionListener@17c41c31, org.springframework.boot.test.autoconfigure.web.servlet.WebDriverTestExecutionListener@785f326c]
[DEBUG] Retrieved @ProfileValueSourceConfiguration [null] for test class [com.mybank.atm.controller.AtmControllerTest]
[DEBUG] Retrieved ProfileValueSource type [class org.springframework.test.annotation.SystemProfileValueSource] for class [com.mybank.atm.controller.AtmControllerTest]
[DEBUG] Retrieved @ProfileValueSourceConfiguration [null] for test class [com.mybank.atm.controller.AtmControllerTest]
[DEBUG] Retrieved ProfileValueSource type [class org.springframework.test.annotation.SystemProfileValueSource] for class [com.mybank.atm.controller.AtmControllerTest]
[DEBUG] Before test class: context [DefaultTestContext@18392870 testClass = AtmControllerTest, testInstance = [null], testMethod = [null], testException = [null], mergedContextConfiguration = [WebMergedContextConfiguration@b18da63 testClass = AtmControllerTest, locations = '{}', classes = '{class com.mybank.atm.AtmApplication, class com.mybank.atm.AtmApplication}', contextInitializerClasses = '[]', activeProfiles = '{}', propertySourceLocations = '{}', propertySourceProperties = '{org.springframework.boot.test.context.SpringBootTestContextBootstrapper=true}', contextCustomizers = set[org.springframework.boot.test.autoconfigure.properties.PropertyMappingContextCustomizer@e7e8512, org.springframework.boot.test.autoconfigure.web.servlet.WebDriverContextCustomizerFactory$Customizer@4c032a48, [ImportsContextCustomizer@3c0a7aa5 key = [org.springframework.boot.test.autoconfigure.web.servlet.MockMvcAutoConfiguration, org.springframework.boot.test.autoconfigure.web.servlet.MockMvcSecurityAutoConfiguration, org.springframework.boot.test.autoconfigure.web.servlet.MockMvcWebClientAutoConfiguration, org.springframework.boot.test.autoconfigure.web.servlet.MockMvcWebDriverAutoConfiguration]], org.springframework.boot.test.context.SpringBootTestContextCustomizer@74a1c13, org.springframework.boot.test.context.filter.ExcludeFilterContextCustomizer@7a25e733, org.springframework.boot.test.json.DuplicateJsonObjectContextCustomizerFactory$DuplicateJsonObjectContextCustomizer@e9faed3, org.springframework.boot.test.mock.mockito.MockitoContextCustomizer@0], resourceBasePath = 'src/main/webapp', contextLoader = 'org.springframework.boot.test.context.SpringBootContextLoader', parent = [null]]], class annotated with @DirtiesContext [false] with mode [null].
[DEBUG] Retrieved @ProfileValueSourceConfiguration [null] for test class [com.mybank.atm.controller.AtmControllerTest]
[DEBUG] Retrieved ProfileValueSource type [class org.springframework.test.annotation.SystemProfileValueSource] for class [com.mybank.atm.controller.AtmControllerTest]
[DEBUG] Adding [systemProperties] PropertySource with lowest search precedence
[DEBUG] Adding [systemEnvironment] PropertySource with lowest search precedence
[DEBUG] Initialized StandardEnvironment with PropertySources [systemProperties,systemEnvironment]
[DEBUG] Adding [inline] PropertySource with highest search precedence
[DEBUG] Adding inlined properties to environment: {spring.jmx.enabled=false, org.springframework.boot.test.context.SpringBootTestContextBootstrapper=true, server.port=-1}
[DEBUG] Adding [Inlined Test Properties] PropertySource with highest search precedence
[INFO] Starting AtmControllerTest on MacBook.local with PID 6027 (started by ramanagoudapatil in /Users/ramanagoudapatil/github/testrepo)
[INFO] No active profile set, falling back to default profiles: default
[INFO] Refreshing org.springframework.web.context.support.GenericWebApplicationContext@25ecb54c: startup date [Sat Jul 28 14:34:46 PDT 2018]; root of context hierarchy
[INFO] Bean 'org.springframework.amqp.rabbit.annotation.RabbitBootstrapConfiguration' of type [org.springframework.amqp.rabbit.annotation.RabbitBootstrapConfiguration$$EnhancerBySpringCGLIB$$a701a6d0] is not eligible for getting processed by all BeanPostProcessors (for example: not eligible for auto-proxying)
[INFO] Bean 'org.springframework.ws.config.annotation.DelegatingWsConfiguration' of type [org.springframework.ws.config.annotation.DelegatingWsConfiguration$$EnhancerBySpringCGLIB$$852dada1] is not eligible for getting processed by all BeanPostProcessors (for example: not eligible for auto-proxying)
[INFO] Supporting [WS-Addressing August 2004, WS-Addressing 1.0]
[INFO] Bean 'org.springframework.transaction.annotation.ProxyTransactionManagementConfiguration' of type [org.springframework.transaction.annotation.ProxyTransactionManagementConfiguration$$EnhancerBySpringCGLIB$$e095e8a2] is not eligible for getting processed by all BeanPostProcessors (for example: not eligible for auto-proxying)
[INFO] Building JPA container EntityManagerFactory for persistence unit 'default'
[INFO] Initialized JPA EntityManagerFactory for persistence unit 'default'
[INFO] Executing SQL script from URL [file:/Users/ramanagoudapatil/github/testrepo/build/resources/main/data.sql]
[INFO] Executed SQL script from URL [file:/Users/ramanagoudapatil/github/testrepo/build/resources/main/data.sql] in 5 ms.
[INFO] Executing SQL script from URL [file:/Users/ramanagoudapatil/github/testrepo/build/resources/test/data.sql]
[INFO] Executed SQL script from URL [file:/Users/ramanagoudapatil/github/testrepo/build/resources/test/data.sql] in 2 ms.
[INFO] Mapped "{[/balance/{accountNum}/{pin}],methods=[GET],produces=[application/json;charset=UTF-8]}" onto public com.mybank.atm.entity.json.AccountResource com.mybank.atm.controller.AtmController.getBalance(java.lang.Long,java.lang.String) throws com.mybank.atm.exception.ApiException
[INFO] Mapped "{[/withdraw/{accountNum}/{pin}/{amount}],methods=[GET],produces=[application/json;charset=UTF-8]}" onto public com.mybank.atm.entity.json.WithdrawalResource com.mybank.atm.controller.AtmController.withdraw(java.lang.Long,java.lang.String,java.lang.Integer) throws com.mybank.atm.exception.ApiException
[INFO] Mapped "{[/swagger-resources/configuration/ui]}" onto public org.springframework.http.ResponseEntity<springfox.documentation.swagger.web.UiConfiguration> springfox.documentation.swagger.web.ApiResourceController.uiConfiguration()
[INFO] Mapped "{[/swagger-resources/configuration/security]}" onto public org.springframework.http.ResponseEntity<springfox.documentation.swagger.web.SecurityConfiguration> springfox.documentation.swagger.web.ApiResourceController.securityConfiguration()
[INFO] Mapped "{[/swagger-resources]}" onto public org.springframework.http.ResponseEntity<java.util.List<springfox.documentation.swagger.web.SwaggerResource>> springfox.documentation.swagger.web.ApiResourceController.swaggerResources()
[INFO] Mapped "{[/error]}" onto public org.springframework.http.ResponseEntity<java.util.Map<java.lang.String, java.lang.Object>> org.springframework.boot.autoconfigure.web.BasicErrorController.error(javax.servlet.http.HttpServletRequest)
[INFO] Mapped "{[/error],produces=[text/html]}" onto public org.springframework.web.servlet.ModelAndView org.springframework.boot.autoconfigure.web.BasicErrorController.errorHtml(javax.servlet.http.HttpServletRequest,javax.servlet.http.HttpServletResponse)
[INFO] Mapped URL path [/swagger-ui.html] onto handler of type [class org.springframework.web.servlet.resource.ResourceHttpRequestHandler]
[INFO] Mapped URL path [/webjars/**] onto handler of type [class org.springframework.web.servlet.resource.ResourceHttpRequestHandler]
[INFO] Looking for @ControllerAdvice: org.springframework.web.context.support.GenericWebApplicationContext@25ecb54c: startup date [Sat Jul 28 14:34:46 PDT 2018]; root of context hierarchy
[INFO] Initializing Spring FrameworkServlet ''
[INFO] FrameworkServlet '': initialization started
[INFO] FrameworkServlet '': initialization completed in 71 ms
[INFO] Starting beans in phase -2147482648
[INFO] Starting beans in phase 2147483647
[INFO] Started AtmControllerTest in 6.066 seconds (JVM running for 7.777)
[INFO] Began transaction (1) for test context [DefaultTestContext@18392870 testClass = AtmControllerTest, testInstance = com.mybank.atm.controller.AtmControllerTest@5b5407c5, testMethod = testIncorrectPin@AtmControllerTest, testException = [null], mergedContextConfiguration = [WebMergedContextConfiguration@b18da63 testClass = AtmControllerTest, locations = '{}', classes = '{class com.mybank.atm.AtmApplication, class com.mybank.atm.AtmApplication}', contextInitializerClasses = '[]', activeProfiles = '{}', propertySourceLocations = '{}', propertySourceProperties = '{org.springframework.boot.test.context.SpringBootTestContextBootstrapper=true}', contextCustomizers = set[org.springframework.boot.test.autoconfigure.properties.PropertyMappingContextCustomizer@e7e8512, org.springframework.boot.test.autoconfigure.web.servlet.WebDriverContextCustomizerFactory$Customizer@4c032a48, [ImportsContextCustomizer@3c0a7aa5 key = [org.springframework.boot.test.autoconfigure.web.servlet.MockMvcAutoConfiguration, org.springframework.boot.test.autoconfigure.web.servlet.MockMvcSecurityAutoConfiguration, org.springframework.boot.test.autoconfigure.web.servlet.MockMvcWebClientAutoConfiguration, org.springframework.boot.test.autoconfigure.web.servlet.MockMvcWebDriverAutoConfiguration]], org.springframework.boot.test.context.SpringBootTestContextCustomizer@74a1c13, org.springframework.boot.test.context.filter.ExcludeFilterContextCustomizer@7a25e733, org.springframework.boot.test.json.DuplicateJsonObjectContextCustomizerFactory$DuplicateJsonObjectContextCustomizer@e9faed3, org.springframework.boot.test.mock.mockito.MockitoContextCustomizer@0], resourceBasePath = 'src/main/webapp', contextLoader = 'org.springframework.boot.test.context.SpringBootContextLoader', parent = [null]]]; transaction manager [org.springframework.orm.jpa.JpaTransactionManager@7de23fdb]; rollback [true]
[INFO] Rolled back transaction for test context [DefaultTestContext@18392870 testClass = AtmControllerTest, testInstance = com.mybank.atm.controller.AtmControllerTest@5b5407c5, testMethod = testIncorrectPin@AtmControllerTest, testException = [null], mergedContextConfiguration = [WebMergedContextConfiguration@b18da63 testClass = AtmControllerTest, locations = '{}', classes = '{class com.mybank.atm.AtmApplication, class com.mybank.atm.AtmApplication}', contextInitializerClasses = '[]', activeProfiles = '{}', propertySourceLocations = '{}', propertySourceProperties = '{org.springframework.boot.test.context.SpringBootTestContextBootstrapper=true}', contextCustomizers = set[org.springframework.boot.test.autoconfigure.properties.PropertyMappingContextCustomizer@e7e8512, org.springframework.boot.test.autoconfigure.web.servlet.WebDriverContextCustomizerFactory$Customizer@4c032a48, [ImportsContextCustomizer@3c0a7aa5 key = [org.springframework.boot.test.autoconfigure.web.servlet.MockMvcAutoConfiguration, org.springframework.boot.test.autoconfigure.web.servlet.MockMvcSecurityAutoConfiguration, org.springframework.boot.test.autoconfigure.web.servlet.MockMvcWebClientAutoConfiguration, org.springframework.boot.test.autoconfigure.web.servlet.MockMvcWebDriverAutoConfiguration]], org.springframework.boot.test.context.SpringBootTestContextCustomizer@74a1c13, org.springframework.boot.test.context.filter.ExcludeFilterContextCustomizer@7a25e733, org.springframework.boot.test.json.DuplicateJsonObjectContextCustomizerFactory$DuplicateJsonObjectContextCustomizer@e9faed3, org.springframework.boot.test.mock.mockito.MockitoContextCustomizer@0], resourceBasePath = 'src/main/webapp', contextLoader = 'org.springframework.boot.test.context.SpringBootContextLoader', parent = [null]]].
[INFO] Began transaction (1) for test context [DefaultTestContext@18392870 testClass = AtmControllerTest, testInstance = com.mybank.atm.controller.AtmControllerTest@2f8af193, testMethod = testWithdrawFundsAccountLimit@AtmControllerTest, testException = [null], mergedContextConfiguration = [WebMergedContextConfiguration@b18da63 testClass = AtmControllerTest, locations = '{}', classes = '{class com.mybank.atm.AtmApplication, class com.mybank.atm.AtmApplication}', contextInitializerClasses = '[]', activeProfiles = '{}', propertySourceLocations = '{}', propertySourceProperties = '{org.springframework.boot.test.context.SpringBootTestContextBootstrapper=true}', contextCustomizers = set[org.springframework.boot.test.autoconfigure.properties.PropertyMappingContextCustomizer@e7e8512, org.springframework.boot.test.autoconfigure.web.servlet.WebDriverContextCustomizerFactory$Customizer@4c032a48, [ImportsContextCustomizer@3c0a7aa5 key = [org.springframework.boot.test.autoconfigure.web.servlet.MockMvcAutoConfiguration, org.springframework.boot.test.autoconfigure.web.servlet.MockMvcSecurityAutoConfiguration, org.springframework.boot.test.autoconfigure.web.servlet.MockMvcWebClientAutoConfiguration, org.springframework.boot.test.autoconfigure.web.servlet.MockMvcWebDriverAutoConfiguration]], org.springframework.boot.test.context.SpringBootTestContextCustomizer@74a1c13, org.springframework.boot.test.context.filter.ExcludeFilterContextCustomizer@7a25e733, org.springframework.boot.test.json.DuplicateJsonObjectContextCustomizerFactory$DuplicateJsonObjectContextCustomizer@e9faed3, org.springframework.boot.test.mock.mockito.MockitoContextCustomizer@0], resourceBasePath = 'src/main/webapp', contextLoader = 'org.springframework.boot.test.context.SpringBootContextLoader', parent = [null]]]; transaction manager [org.springframework.orm.jpa.JpaTransactionManager@7de23fdb]; rollback [true]
[ERROR] withdrawal failed for 443457424
[ERROR] handleApiException: code: A1002, message: Insufficient account balance
[INFO] Rolled back transaction for test context [DefaultTestContext@18392870 testClass = AtmControllerTest, testInstance = com.mybank.atm.controller.AtmControllerTest@2f8af193, testMethod = testWithdrawFundsAccountLimit@AtmControllerTest, testException = [null], mergedContextConfiguration = [WebMergedContextConfiguration@b18da63 testClass = AtmControllerTest, locations = '{}', classes = '{class com.mybank.atm.AtmApplication, class com.mybank.atm.AtmApplication}', contextInitializerClasses = '[]', activeProfiles = '{}', propertySourceLocations = '{}', propertySourceProperties = '{org.springframework.boot.test.context.SpringBootTestContextBootstrapper=true}', contextCustomizers = set[org.springframework.boot.test.autoconfigure.properties.PropertyMappingContextCustomizer@e7e8512, org.springframework.boot.test.autoconfigure.web.servlet.WebDriverContextCustomizerFactory$Customizer@4c032a48, [ImportsContextCustomizer@3c0a7aa5 key = [org.springframework.boot.test.autoconfigure.web.servlet.MockMvcAutoConfiguration, org.springframework.boot.test.autoconfigure.web.servlet.MockMvcSecurityAutoConfiguration, org.springframework.boot.test.autoconfigure.web.servlet.MockMvcWebClientAutoConfiguration, org.springframework.boot.test.autoconfigure.web.servlet.MockMvcWebDriverAutoConfiguration]], org.springframework.boot.test.context.SpringBootTestContextCustomizer@74a1c13, org.springframework.boot.test.context.filter.ExcludeFilterContextCustomizer@7a25e733, org.springframework.boot.test.json.DuplicateJsonObjectContextCustomizerFactory$DuplicateJsonObjectContextCustomizer@e9faed3, org.springframework.boot.test.mock.mockito.MockitoContextCustomizer@0], resourceBasePath = 'src/main/webapp', contextLoader = 'org.springframework.boot.test.context.SpringBootContextLoader', parent = [null]]].
[INFO] Began transaction (1) for test context [DefaultTestContext@18392870 testClass = AtmControllerTest, testInstance = com.mybank.atm.controller.AtmControllerTest@216451ea, testMethod = testInvalidAccountNum@AtmControllerTest, testException = [null], mergedContextConfiguration = [WebMergedContextConfiguration@b18da63 testClass = AtmControllerTest, locations = '{}', classes = '{class com.mybank.atm.AtmApplication, class com.mybank.atm.AtmApplication}', contextInitializerClasses = '[]', activeProfiles = '{}', propertySourceLocations = '{}', propertySourceProperties = '{org.springframework.boot.test.context.SpringBootTestContextBootstrapper=true}', contextCustomizers = set[org.springframework.boot.test.autoconfigure.properties.PropertyMappingContextCustomizer@e7e8512, org.springframework.boot.test.autoconfigure.web.servlet.WebDriverContextCustomizerFactory$Customizer@4c032a48, [ImportsContextCustomizer@3c0a7aa5 key = [org.springframework.boot.test.autoconfigure.web.servlet.MockMvcAutoConfiguration, org.springframework.boot.test.autoconfigure.web.servlet.MockMvcSecurityAutoConfiguration, org.springframework.boot.test.autoconfigure.web.servlet.MockMvcWebClientAutoConfiguration, org.springframework.boot.test.autoconfigure.web.servlet.MockMvcWebDriverAutoConfiguration]], org.springframework.boot.test.context.SpringBootTestContextCustomizer@74a1c13, org.springframework.boot.test.context.filter.ExcludeFilterContextCustomizer@7a25e733, org.springframework.boot.test.json.DuplicateJsonObjectContextCustomizerFactory$DuplicateJsonObjectContextCustomizer@e9faed3, org.springframework.boot.test.mock.mockito.MockitoContextCustomizer@0], resourceBasePath = 'src/main/webapp', contextLoader = 'org.springframework.boot.test.context.SpringBootContextLoader', parent = [null]]]; transaction manager [org.springframework.orm.jpa.JpaTransactionManager@7de23fdb]; rollback [true]
[ERROR] getBalance failed for 11
[ERROR] handleApiException: code: A1001, message: Account not found
[INFO] Rolled back transaction for test context [DefaultTestContext@18392870 testClass = AtmControllerTest, testInstance = com.mybank.atm.controller.AtmControllerTest@216451ea, testMethod = testInvalidAccountNum@AtmControllerTest, testException = [null], mergedContextConfiguration = [WebMergedContextConfiguration@b18da63 testClass = AtmControllerTest, locations = '{}', classes = '{class com.mybank.atm.AtmApplication, class com.mybank.atm.AtmApplication}', contextInitializerClasses = '[]', activeProfiles = '{}', propertySourceLocations = '{}', propertySourceProperties = '{org.springframework.boot.test.context.SpringBootTestContextBootstrapper=true}', contextCustomizers = set[org.springframework.boot.test.autoconfigure.properties.PropertyMappingContextCustomizer@e7e8512, org.springframework.boot.test.autoconfigure.web.servlet.WebDriverContextCustomizerFactory$Customizer@4c032a48, [ImportsContextCustomizer@3c0a7aa5 key = [org.springframework.boot.test.autoconfigure.web.servlet.MockMvcAutoConfiguration, org.springframework.boot.test.autoconfigure.web.servlet.MockMvcSecurityAutoConfiguration, org.springframework.boot.test.autoconfigure.web.servlet.MockMvcWebClientAutoConfiguration, org.springframework.boot.test.autoconfigure.web.servlet.MockMvcWebDriverAutoConfiguration]], org.springframework.boot.test.context.SpringBootTestContextCustomizer@74a1c13, org.springframework.boot.test.context.filter.ExcludeFilterContextCustomizer@7a25e733, org.springframework.boot.test.json.DuplicateJsonObjectContextCustomizerFactory$DuplicateJsonObjectContextCustomizer@e9faed3, org.springframework.boot.test.mock.mockito.MockitoContextCustomizer@0], resourceBasePath = 'src/main/webapp', contextLoader = 'org.springframework.boot.test.context.SpringBootContextLoader', parent = [null]]].
[INFO] Began transaction (1) for test context [DefaultTestContext@18392870 testClass = AtmControllerTest, testInstance = com.mybank.atm.controller.AtmControllerTest@411faa1c, testMethod = checkEmptyPin@AtmControllerTest, testException = [null], mergedContextConfiguration = [WebMergedContextConfiguration@b18da63 testClass = AtmControllerTest, locations = '{}', classes = '{class com.mybank.atm.AtmApplication, class com.mybank.atm.AtmApplication}', contextInitializerClasses = '[]', activeProfiles = '{}', propertySourceLocations = '{}', propertySourceProperties = '{org.springframework.boot.test.context.SpringBootTestContextBootstrapper=true}', contextCustomizers = set[org.springframework.boot.test.autoconfigure.properties.PropertyMappingContextCustomizer@e7e8512, org.springframework.boot.test.autoconfigure.web.servlet.WebDriverContextCustomizerFactory$Customizer@4c032a48, [ImportsContextCustomizer@3c0a7aa5 key = [org.springframework.boot.test.autoconfigure.web.servlet.MockMvcAutoConfiguration, org.springframework.boot.test.autoconfigure.web.servlet.MockMvcSecurityAutoConfiguration, org.springframework.boot.test.autoconfigure.web.servlet.MockMvcWebClientAutoConfiguration, org.springframework.boot.test.autoconfigure.web.servlet.MockMvcWebDriverAutoConfiguration]], org.springframework.boot.test.context.SpringBootTestContextCustomizer@74a1c13, org.springframework.boot.test.context.filter.ExcludeFilterContextCustomizer@7a25e733, org.springframework.boot.test.json.DuplicateJsonObjectContextCustomizerFactory$DuplicateJsonObjectContextCustomizer@e9faed3, org.springframework.boot.test.mock.mockito.MockitoContextCustomizer@0], resourceBasePath = 'src/main/webapp', contextLoader = 'org.springframework.boot.test.context.SpringBootContextLoader', parent = [null]]]; transaction manager [org.springframework.orm.jpa.JpaTransactionManager@7de23fdb]; rollback [true]
[INFO] Rolled back transaction for test context [DefaultTestContext@18392870 testClass = AtmControllerTest, testInstance = com.mybank.atm.controller.AtmControllerTest@411faa1c, testMethod = checkEmptyPin@AtmControllerTest, testException = [null], mergedContextConfiguration = [WebMergedContextConfiguration@b18da63 testClass = AtmControllerTest, locations = '{}', classes = '{class com.mybank.atm.AtmApplication, class com.mybank.atm.AtmApplication}', contextInitializerClasses = '[]', activeProfiles = '{}', propertySourceLocations = '{}', propertySourceProperties = '{org.springframework.boot.test.context.SpringBootTestContextBootstrapper=true}', contextCustomizers = set[org.springframework.boot.test.autoconfigure.properties.PropertyMappingContextCustomizer@e7e8512, org.springframework.boot.test.autoconfigure.web.servlet.WebDriverContextCustomizerFactory$Customizer@4c032a48, [ImportsContextCustomizer@3c0a7aa5 key = [org.springframework.boot.test.autoconfigure.web.servlet.MockMvcAutoConfiguration, org.springframework.boot.test.autoconfigure.web.servlet.MockMvcSecurityAutoConfiguration, org.springframework.boot.test.autoconfigure.web.servlet.MockMvcWebClientAutoConfiguration, org.springframework.boot.test.autoconfigure.web.servlet.MockMvcWebDriverAutoConfiguration]], org.springframework.boot.test.context.SpringBootTestContextCustomizer@74a1c13, org.springframework.boot.test.context.filter.ExcludeFilterContextCustomizer@7a25e733, org.springframework.boot.test.json.DuplicateJsonObjectContextCustomizerFactory$DuplicateJsonObjectContextCustomizer@e9faed3, org.springframework.boot.test.mock.mockito.MockitoContextCustomizer@0], resourceBasePath = 'src/main/webapp', contextLoader = 'org.springframework.boot.test.context.SpringBootContextLoader', parent = [null]]].
[INFO] Began transaction (1) for test context [DefaultTestContext@18392870 testClass = AtmControllerTest, testInstance = com.mybank.atm.controller.AtmControllerTest@3a6b2a27, testMethod = testWithdrawFundsATMLimit@AtmControllerTest, testException = [null], mergedContextConfiguration = [WebMergedContextConfiguration@b18da63 testClass = AtmControllerTest, locations = '{}', classes = '{class com.mybank.atm.AtmApplication, class com.mybank.atm.AtmApplication}', contextInitializerClasses = '[]', activeProfiles = '{}', propertySourceLocations = '{}', propertySourceProperties = '{org.springframework.boot.test.context.SpringBootTestContextBootstrapper=true}', contextCustomizers = set[org.springframework.boot.test.autoconfigure.properties.PropertyMappingContextCustomizer@e7e8512, org.springframework.boot.test.autoconfigure.web.servlet.WebDriverContextCustomizerFactory$Customizer@4c032a48, [ImportsContextCustomizer@3c0a7aa5 key = [org.springframework.boot.test.autoconfigure.web.servlet.MockMvcAutoConfiguration, org.springframework.boot.test.autoconfigure.web.servlet.MockMvcSecurityAutoConfiguration, org.springframework.boot.test.autoconfigure.web.servlet.MockMvcWebClientAutoConfiguration, org.springframework.boot.test.autoconfigure.web.servlet.MockMvcWebDriverAutoConfiguration]], org.springframework.boot.test.context.SpringBootTestContextCustomizer@74a1c13, org.springframework.boot.test.context.filter.ExcludeFilterContextCustomizer@7a25e733, org.springframework.boot.test.json.DuplicateJsonObjectContextCustomizerFactory$DuplicateJsonObjectContextCustomizer@e9faed3, org.springframework.boot.test.mock.mockito.MockitoContextCustomizer@0], resourceBasePath = 'src/main/webapp', contextLoader = 'org.springframework.boot.test.context.SpringBootContextLoader', parent = [null]]]; transaction manager [org.springframework.orm.jpa.JpaTransactionManager@7de23fdb]; rollback [true]
[ERROR] withdrawal failed for 505039929
[ERROR] handleApiException: code: S1001, message: Insufficient ATM funds
[INFO] Rolled back transaction for test context [DefaultTestContext@18392870 testClass = AtmControllerTest, testInstance = com.mybank.atm.controller.AtmControllerTest@3a6b2a27, testMethod = testWithdrawFundsATMLimit@AtmControllerTest, testException = [null], mergedContextConfiguration = [WebMergedContextConfiguration@b18da63 testClass = AtmControllerTest, locations = '{}', classes = '{class com.mybank.atm.AtmApplication, class com.mybank.atm.AtmApplication}', contextInitializerClasses = '[]', activeProfiles = '{}', propertySourceLocations = '{}', propertySourceProperties = '{org.springframework.boot.test.context.SpringBootTestContextBootstrapper=true}', contextCustomizers = set[org.springframework.boot.test.autoconfigure.properties.PropertyMappingContextCustomizer@e7e8512, org.springframework.boot.test.autoconfigure.web.servlet.WebDriverContextCustomizerFactory$Customizer@4c032a48, [ImportsContextCustomizer@3c0a7aa5 key = [org.springframework.boot.test.autoconfigure.web.servlet.MockMvcAutoConfiguration, org.springframework.boot.test.autoconfigure.web.servlet.MockMvcSecurityAutoConfiguration, org.springframework.boot.test.autoconfigure.web.servlet.MockMvcWebClientAutoConfiguration, org.springframework.boot.test.autoconfigure.web.servlet.MockMvcWebDriverAutoConfiguration]], org.springframework.boot.test.context.SpringBootTestContextCustomizer@74a1c13, org.springframework.boot.test.context.filter.ExcludeFilterContextCustomizer@7a25e733, org.springframework.boot.test.json.DuplicateJsonObjectContextCustomizerFactory$DuplicateJsonObjectContextCustomizer@e9faed3, org.springframework.boot.test.mock.mockito.MockitoContextCustomizer@0], resourceBasePath = 'src/main/webapp', contextLoader = 'org.springframework.boot.test.context.SpringBootContextLoader', parent = [null]]].
[INFO] Began transaction (1) for test context [DefaultTestContext@18392870 testClass = AtmControllerTest, testInstance = com.mybank.atm.controller.AtmControllerTest@b7c3e98, testMethod = testWithdrawFundsEmptyATM@AtmControllerTest, testException = [null], mergedContextConfiguration = [WebMergedContextConfiguration@b18da63 testClass = AtmControllerTest, locations = '{}', classes = '{class com.mybank.atm.AtmApplication, class com.mybank.atm.AtmApplication}', contextInitializerClasses = '[]', activeProfiles = '{}', propertySourceLocations = '{}', propertySourceProperties = '{org.springframework.boot.test.context.SpringBootTestContextBootstrapper=true}', contextCustomizers = set[org.springframework.boot.test.autoconfigure.properties.PropertyMappingContextCustomizer@e7e8512, org.springframework.boot.test.autoconfigure.web.servlet.WebDriverContextCustomizerFactory$Customizer@4c032a48, [ImportsContextCustomizer@3c0a7aa5 key = [org.springframework.boot.test.autoconfigure.web.servlet.MockMvcAutoConfiguration, org.springframework.boot.test.autoconfigure.web.servlet.MockMvcSecurityAutoConfiguration, org.springframework.boot.test.autoconfigure.web.servlet.MockMvcWebClientAutoConfiguration, org.springframework.boot.test.autoconfigure.web.servlet.MockMvcWebDriverAutoConfiguration]], org.springframework.boot.test.context.SpringBootTestContextCustomizer@74a1c13, org.springframework.boot.test.context.filter.ExcludeFilterContextCustomizer@7a25e733, org.springframework.boot.test.json.DuplicateJsonObjectContextCustomizerFactory$DuplicateJsonObjectContextCustomizer@e9faed3, org.springframework.boot.test.mock.mockito.MockitoContextCustomizer@0], resourceBasePath = 'src/main/webapp', contextLoader = 'org.springframework.boot.test.context.SpringBootContextLoader', parent = [null]]]; transaction manager [org.springframework.orm.jpa.JpaTransactionManager@7de23fdb]; rollback [true]
[INFO] Rolled back transaction for test context [DefaultTestContext@18392870 testClass = AtmControllerTest, testInstance = com.mybank.atm.controller.AtmControllerTest@b7c3e98, testMethod = testWithdrawFundsEmptyATM@AtmControllerTest, testException = [null], mergedContextConfiguration = [WebMergedContextConfiguration@b18da63 testClass = AtmControllerTest, locations = '{}', classes = '{class com.mybank.atm.AtmApplication, class com.mybank.atm.AtmApplication}', contextInitializerClasses = '[]', activeProfiles = '{}', propertySourceLocations = '{}', propertySourceProperties = '{org.springframework.boot.test.context.SpringBootTestContextBootstrapper=true}', contextCustomizers = set[org.springframework.boot.test.autoconfigure.properties.PropertyMappingContextCustomizer@e7e8512, org.springframework.boot.test.autoconfigure.web.servlet.WebDriverContextCustomizerFactory$Customizer@4c032a48, [ImportsContextCustomizer@3c0a7aa5 key = [org.springframework.boot.test.autoconfigure.web.servlet.MockMvcAutoConfiguration, org.springframework.boot.test.autoconfigure.web.servlet.MockMvcSecurityAutoConfiguration, org.springframework.boot.test.autoconfigure.web.servlet.MockMvcWebClientAutoConfiguration, org.springframework.boot.test.autoconfigure.web.servlet.MockMvcWebDriverAutoConfiguration]], org.springframework.boot.test.context.SpringBootTestContextCustomizer@74a1c13, org.springframework.boot.test.context.filter.ExcludeFilterContextCustomizer@7a25e733, org.springframework.boot.test.json.DuplicateJsonObjectContextCustomizerFactory$DuplicateJsonObjectContextCustomizer@e9faed3, org.springframework.boot.test.mock.mockito.MockitoContextCustomizer@0], resourceBasePath = 'src/main/webapp', contextLoader = 'org.springframework.boot.test.context.SpringBootContextLoader', parent = [null]]].
[INFO] Began transaction (1) for test context [DefaultTestContext@18392870 testClass = AtmControllerTest, testInstance = com.mybank.atm.controller.AtmControllerTest@34d2e90b, testMethod = testWithdrawFundsBasic@AtmControllerTest, testException = [null], mergedContextConfiguration = [WebMergedContextConfiguration@b18da63 testClass = AtmControllerTest, locations = '{}', classes = '{class com.mybank.atm.AtmApplication, class com.mybank.atm.AtmApplication}', contextInitializerClasses = '[]', activeProfiles = '{}', propertySourceLocations = '{}', propertySourceProperties = '{org.springframework.boot.test.context.SpringBootTestContextBootstrapper=true}', contextCustomizers = set[org.springframework.boot.test.autoconfigure.properties.PropertyMappingContextCustomizer@e7e8512, org.springframework.boot.test.autoconfigure.web.servlet.WebDriverContextCustomizerFactory$Customizer@4c032a48, [ImportsContextCustomizer@3c0a7aa5 key = [org.springframework.boot.test.autoconfigure.web.servlet.MockMvcAutoConfiguration, org.springframework.boot.test.autoconfigure.web.servlet.MockMvcSecurityAutoConfiguration, org.springframework.boot.test.autoconfigure.web.servlet.MockMvcWebClientAutoConfiguration, org.springframework.boot.test.autoconfigure.web.servlet.MockMvcWebDriverAutoConfiguration]], org.springframework.boot.test.context.SpringBootTestContextCustomizer@74a1c13, org.springframework.boot.test.context.filter.ExcludeFilterContextCustomizer@7a25e733, org.springframework.boot.test.json.DuplicateJsonObjectContextCustomizerFactory$DuplicateJsonObjectContextCustomizer@e9faed3, org.springframework.boot.test.mock.mockito.MockitoContextCustomizer@0], resourceBasePath = 'src/main/webapp', contextLoader = 'org.springframework.boot.test.context.SpringBootContextLoader', parent = [null]]]; transaction manager [org.springframework.orm.jpa.JpaTransactionManager@7de23fdb]; rollback [true]
[INFO] Rolled back transaction for test context [DefaultTestContext@18392870 testClass = AtmControllerTest, testInstance = com.mybank.atm.controller.AtmControllerTest@34d2e90b, testMethod = testWithdrawFundsBasic@AtmControllerTest, testException = [null], mergedContextConfiguration = [WebMergedContextConfiguration@b18da63 testClass = AtmControllerTest, locations = '{}', classes = '{class com.mybank.atm.AtmApplication, class com.mybank.atm.AtmApplication}', contextInitializerClasses = '[]', activeProfiles = '{}', propertySourceLocations = '{}', propertySourceProperties = '{org.springframework.boot.test.context.SpringBootTestContextBootstrapper=true}', contextCustomizers = set[org.springframework.boot.test.autoconfigure.properties.PropertyMappingContextCustomizer@e7e8512, org.springframework.boot.test.autoconfigure.web.servlet.WebDriverContextCustomizerFactory$Customizer@4c032a48, [ImportsContextCustomizer@3c0a7aa5 key = [org.springframework.boot.test.autoconfigure.web.servlet.MockMvcAutoConfiguration, org.springframework.boot.test.autoconfigure.web.servlet.MockMvcSecurityAutoConfiguration, org.springframework.boot.test.autoconfigure.web.servlet.MockMvcWebClientAutoConfiguration, org.springframework.boot.test.autoconfigure.web.servlet.MockMvcWebDriverAutoConfiguration]], org.springframework.boot.test.context.SpringBootTestContextCustomizer@74a1c13, org.springframework.boot.test.context.filter.ExcludeFilterContextCustomizer@7a25e733, org.springframework.boot.test.json.DuplicateJsonObjectContextCustomizerFactory$DuplicateJsonObjectContextCustomizer@e9faed3, org.springframework.boot.test.mock.mockito.MockitoContextCustomizer@0], resourceBasePath = 'src/main/webapp', contextLoader = 'org.springframework.boot.test.context.SpringBootContextLoader', parent = [null]]].
[INFO] Began transaction (1) for test context [DefaultTestContext@18392870 testClass = AtmControllerTest, testInstance = com.mybank.atm.controller.AtmControllerTest@6fad6af6, testMethod = testGetBalance@AtmControllerTest, testException = [null], mergedContextConfiguration = [WebMergedContextConfiguration@b18da63 testClass = AtmControllerTest, locations = '{}', classes = '{class com.mybank.atm.AtmApplication, class com.mybank.atm.AtmApplication}', contextInitializerClasses = '[]', activeProfiles = '{}', propertySourceLocations = '{}', propertySourceProperties = '{org.springframework.boot.test.context.SpringBootTestContextBootstrapper=true}', contextCustomizers = set[org.springframework.boot.test.autoconfigure.properties.PropertyMappingContextCustomizer@e7e8512, org.springframework.boot.test.autoconfigure.web.servlet.WebDriverContextCustomizerFactory$Customizer@4c032a48, [ImportsContextCustomizer@3c0a7aa5 key = [org.springframework.boot.test.autoconfigure.web.servlet.MockMvcAutoConfiguration, org.springframework.boot.test.autoconfigure.web.servlet.MockMvcSecurityAutoConfiguration, org.springframework.boot.test.autoconfigure.web.servlet.MockMvcWebClientAutoConfiguration, org.springframework.boot.test.autoconfigure.web.servlet.MockMvcWebDriverAutoConfiguration]], org.springframework.boot.test.context.SpringBootTestContextCustomizer@74a1c13, org.springframework.boot.test.context.filter.ExcludeFilterContextCustomizer@7a25e733, org.springframework.boot.test.json.DuplicateJsonObjectContextCustomizerFactory$DuplicateJsonObjectContextCustomizer@e9faed3, org.springframework.boot.test.mock.mockito.MockitoContextCustomizer@0], resourceBasePath = 'src/main/webapp', contextLoader = 'org.springframework.boot.test.context.SpringBootContextLoader', parent = [null]]]; transaction manager [org.springframework.orm.jpa.JpaTransactionManager@7de23fdb]; rollback [true]
[INFO] Rolled back transaction for test context [DefaultTestContext@18392870 testClass = AtmControllerTest, testInstance = com.mybank.atm.controller.AtmControllerTest@6fad6af6, testMethod = testGetBalance@AtmControllerTest, testException = [null], mergedContextConfiguration = [WebMergedContextConfiguration@b18da63 testClass = AtmControllerTest, locations = '{}', classes = '{class com.mybank.atm.AtmApplication, class com.mybank.atm.AtmApplication}', contextInitializerClasses = '[]', activeProfiles = '{}', propertySourceLocations = '{}', propertySourceProperties = '{org.springframework.boot.test.context.SpringBootTestContextBootstrapper=true}', contextCustomizers = set[org.springframework.boot.test.autoconfigure.properties.PropertyMappingContextCustomizer@e7e8512, org.springframework.boot.test.autoconfigure.web.servlet.WebDriverContextCustomizerFactory$Customizer@4c032a48, [ImportsContextCustomizer@3c0a7aa5 key = [org.springframework.boot.test.autoconfigure.web.servlet.MockMvcAutoConfiguration, org.springframework.boot.test.autoconfigure.web.servlet.MockMvcSecurityAutoConfiguration, org.springframework.boot.test.autoconfigure.web.servlet.MockMvcWebClientAutoConfiguration, org.springframework.boot.test.autoconfigure.web.servlet.MockMvcWebDriverAutoConfiguration]], org.springframework.boot.test.context.SpringBootTestContextCustomizer@74a1c13, org.springframework.boot.test.context.filter.ExcludeFilterContextCustomizer@7a25e733, org.springframework.boot.test.json.DuplicateJsonObjectContextCustomizerFactory$DuplicateJsonObjectContextCustomizer@e9faed3, org.springframework.boot.test.mock.mockito.MockitoContextCustomizer@0], resourceBasePath = 'src/main/webapp', contextLoader = 'org.springframework.boot.test.context.SpringBootContextLoader', parent = [null]]].
[INFO] Began transaction (1) for test context [DefaultTestContext@18392870 testClass = AtmControllerTest, testInstance = com.mybank.atm.controller.AtmControllerTest@7405d0df, testMethod = checkEmptyAccountNum@AtmControllerTest, testException = [null], mergedContextConfiguration = [WebMergedContextConfiguration@b18da63 testClass = AtmControllerTest, locations = '{}', classes = '{class com.mybank.atm.AtmApplication, class com.mybank.atm.AtmApplication}', contextInitializerClasses = '[]', activeProfiles = '{}', propertySourceLocations = '{}', propertySourceProperties = '{org.springframework.boot.test.context.SpringBootTestContextBootstrapper=true}', contextCustomizers = set[org.springframework.boot.test.autoconfigure.properties.PropertyMappingContextCustomizer@e7e8512, org.springframework.boot.test.autoconfigure.web.servlet.WebDriverContextCustomizerFactory$Customizer@4c032a48, [ImportsContextCustomizer@3c0a7aa5 key = [org.springframework.boot.test.autoconfigure.web.servlet.MockMvcAutoConfiguration, org.springframework.boot.test.autoconfigure.web.servlet.MockMvcSecurityAutoConfiguration, org.springframework.boot.test.autoconfigure.web.servlet.MockMvcWebClientAutoConfiguration, org.springframework.boot.test.autoconfigure.web.servlet.MockMvcWebDriverAutoConfiguration]], org.springframework.boot.test.context.SpringBootTestContextCustomizer@74a1c13, org.springframework.boot.test.context.filter.ExcludeFilterContextCustomizer@7a25e733, org.springframework.boot.test.json.DuplicateJsonObjectContextCustomizerFactory$DuplicateJsonObjectContextCustomizer@e9faed3, org.springframework.boot.test.mock.mockito.MockitoContextCustomizer@0], resourceBasePath = 'src/main/webapp', contextLoader = 'org.springframework.boot.test.context.SpringBootContextLoader', parent = [null]]]; transaction manager [org.springframework.orm.jpa.JpaTransactionManager@7de23fdb]; rollback [true]
[ERROR] getBalance failed for null
[ERROR] handleApiException: code: A1001, message: Account not found
[INFO] Rolled back transaction for test context [DefaultTestContext@18392870 testClass = AtmControllerTest, testInstance = com.mybank.atm.controller.AtmControllerTest@7405d0df, testMethod = checkEmptyAccountNum@AtmControllerTest, testException = [null], mergedContextConfiguration = [WebMergedContextConfiguration@b18da63 testClass = AtmControllerTest, locations = '{}', classes = '{class com.mybank.atm.AtmApplication, class com.mybank.atm.AtmApplication}', contextInitializerClasses = '[]', activeProfiles = '{}', propertySourceLocations = '{}', propertySourceProperties = '{org.springframework.boot.test.context.SpringBootTestContextBootstrapper=true}', contextCustomizers = set[org.springframework.boot.test.autoconfigure.properties.PropertyMappingContextCustomizer@e7e8512, org.springframework.boot.test.autoconfigure.web.servlet.WebDriverContextCustomizerFactory$Customizer@4c032a48, [ImportsContextCustomizer@3c0a7aa5 key = [org.springframework.boot.test.autoconfigure.web.servlet.MockMvcAutoConfiguration, org.springframework.boot.test.autoconfigure.web.servlet.MockMvcSecurityAutoConfiguration, org.springframework.boot.test.autoconfigure.web.servlet.MockMvcWebClientAutoConfiguration, org.springframework.boot.test.autoconfigure.web.servlet.MockMvcWebDriverAutoConfiguration]], org.springframework.boot.test.context.SpringBootTestContextCustomizer@74a1c13, org.springframework.boot.test.context.filter.ExcludeFilterContextCustomizer@7a25e733, org.springframework.boot.test.json.DuplicateJsonObjectContextCustomizerFactory$DuplicateJsonObjectContextCustomizer@e9faed3, org.springframework.boot.test.mock.mockito.MockitoContextCustomizer@0], resourceBasePath = 'src/main/webapp', contextLoader = 'org.springframework.boot.test.context.SpringBootContextLoader', parent = [null]]].
[INFO] Began transaction (1) for test context [DefaultTestContext@18392870 testClass = AtmControllerTest, testInstance = com.mybank.atm.controller.AtmControllerTest@7ab5ff59, testMethod = checkInvalidAccountNum@AtmControllerTest, testException = [null], mergedContextConfiguration = [WebMergedContextConfiguration@b18da63 testClass = AtmControllerTest, locations = '{}', classes = '{class com.mybank.atm.AtmApplication, class com.mybank.atm.AtmApplication}', contextInitializerClasses = '[]', activeProfiles = '{}', propertySourceLocations = '{}', propertySourceProperties = '{org.springframework.boot.test.context.SpringBootTestContextBootstrapper=true}', contextCustomizers = set[org.springframework.boot.test.autoconfigure.properties.PropertyMappingContextCustomizer@e7e8512, org.springframework.boot.test.autoconfigure.web.servlet.WebDriverContextCustomizerFactory$Customizer@4c032a48, [ImportsContextCustomizer@3c0a7aa5 key = [org.springframework.boot.test.autoconfigure.web.servlet.MockMvcAutoConfiguration, org.springframework.boot.test.autoconfigure.web.servlet.MockMvcSecurityAutoConfiguration, org.springframework.boot.test.autoconfigure.web.servlet.MockMvcWebClientAutoConfiguration, org.springframework.boot.test.autoconfigure.web.servlet.MockMvcWebDriverAutoConfiguration]], org.springframework.boot.test.context.SpringBootTestContextCustomizer@74a1c13, org.springframework.boot.test.context.filter.ExcludeFilterContextCustomizer@7a25e733, org.springframework.boot.test.json.DuplicateJsonObjectContextCustomizerFactory$DuplicateJsonObjectContextCustomizer@e9faed3, org.springframework.boot.test.mock.mockito.MockitoContextCustomizer@0], resourceBasePath = 'src/main/webapp', contextLoader = 'org.springframework.boot.test.context.SpringBootContextLoader', parent = [null]]]; transaction manager [org.springframework.orm.jpa.JpaTransactionManager@7de23fdb]; rollback [true]
[ERROR] handleGeneralException: message: Failed to convert value of type 'java.lang.String' to required type 'java.lang.Long'; nested exception is java.lang.NumberFormatException: For input string: "INVALID"
[ERROR] handleGeneralException: stacktrace: org.springframework.web.method.annotation.MethodArgumentTypeMismatchException: Failed to convert value of type 'java.lang.String' to required type 'java.lang.Long'; nested exception is java.lang.NumberFormatException: For input string: "INVALID"
	at org.springframework.web.method.annotation.AbstractNamedValueMethodArgumentResolver.resolveArgument(AbstractNamedValueMethodArgumentResolver.java:128)
	at org.springframework.web.method.support.HandlerMethodArgumentResolverComposite.resolveArgument(HandlerMethodArgumentResolverComposite.java:121)
	at org.springframework.web.method.support.InvocableHandlerMethod.getMethodArgumentValues(InvocableHandlerMethod.java:158)
	at org.springframework.web.method.support.InvocableHandlerMethod.invokeForRequest(InvocableHandlerMethod.java:128)
	at org.springframework.web.servlet.mvc.method.annotation.ServletInvocableHandlerMethod.invokeAndHandle(ServletInvocableHandlerMethod.java:97)
	at org.springframework.web.servlet.mvc.method.annotation.RequestMappingHandlerAdapter.invokeHandlerMethod(RequestMappingHandlerAdapter.java:827)
	at org.springframework.web.servlet.mvc.method.annotation.RequestMappingHandlerAdapter.handleInternal(RequestMappingHandlerAdapter.java:738)
	at org.springframework.web.servlet.mvc.method.AbstractHandlerMethodAdapter.handle(AbstractHandlerMethodAdapter.java:85)
	at org.springframework.web.servlet.DispatcherServlet.doDispatch(DispatcherServlet.java:967)
	at org.springframework.web.servlet.DispatcherServlet.doService(DispatcherServlet.java:901)
	at org.springframework.web.servlet.FrameworkServlet.processRequest(FrameworkServlet.java:970)
	at org.springframework.web.servlet.FrameworkServlet.doGet(FrameworkServlet.java:861)
	at javax.servlet.http.HttpServlet.service(HttpServlet.java:635)
	at org.springframework.web.servlet.FrameworkServlet.service(FrameworkServlet.java:846)
	at org.springframework.test.web.servlet.TestDispatcherServlet.service(TestDispatcherServlet.java:65)
	at javax.servlet.http.HttpServlet.service(HttpServlet.java:742)
	at org.springframework.mock.web.MockFilterChain$ServletFilterProxy.doFilter(MockFilterChain.java:167)
	at org.springframework.mock.web.MockFilterChain.doFilter(MockFilterChain.java:134)
	at org.springframework.web.filter.CharacterEncodingFilter.doFilterInternal(CharacterEncodingFilter.java:197)
	at org.springframework.web.filter.OncePerRequestFilter.doFilter(OncePerRequestFilter.java:107)
	at org.springframework.mock.web.MockFilterChain.doFilter(MockFilterChain.java:134)
	at org.springframework.test.web.servlet.MockMvc.perform(MockMvc.java:155)
	at com.mybank.atm.controller.AtmControllerTest.checkInvalidAccountNum(AtmControllerTest.java:234)
	at sun.reflect.NativeMethodAccessorImpl.invoke0(Native Method)
	at sun.reflect.NativeMethodAccessorImpl.invoke(NativeMethodAccessorImpl.java:62)
	at sun.reflect.DelegatingMethodAccessorImpl.invoke(DelegatingMethodAccessorImpl.java:43)
	at java.lang.reflect.Method.invoke(Method.java:498)
	at org.junit.runners.model.FrameworkMethod$1.runReflectiveCall(FrameworkMethod.java:50)
	at org.junit.internal.runners.model.ReflectiveCallable.run(ReflectiveCallable.java:12)
	at org.junit.runners.model.FrameworkMethod.invokeExplosively(FrameworkMethod.java:47)
	at org.junit.internal.runners.statements.InvokeMethod.evaluate(InvokeMethod.java:17)
	at org.springframework.test.context.junit4.statements.RunBeforeTestMethodCallbacks.evaluate(RunBeforeTestMethodCallbacks.java:75)
	at org.springframework.test.context.junit4.statements.RunAfterTestMethodCallbacks.evaluate(RunAfterTestMethodCallbacks.java:86)
	at org.springframework.test.context.junit4.statements.SpringRepeat.evaluate(SpringRepeat.java:84)
	at org.junit.runners.ParentRunner.runLeaf(ParentRunner.java:325)
	at org.springframework.test.context.junit4.SpringJUnit4ClassRunner.runChild(SpringJUnit4ClassRunner.java:252)
	at org.springframework.test.context.junit4.SpringJUnit4ClassRunner.runChild(SpringJUnit4ClassRunner.java:94)
	at org.junit.runners.ParentRunner$3.run(ParentRunner.java:290)
	at org.junit.runners.ParentRunner$1.schedule(ParentRunner.java:71)
	at org.junit.runners.ParentRunner.runChildren(ParentRunner.java:288)
	at org.junit.runners.ParentRunner.access$000(ParentRunner.java:58)
	at org.junit.runners.ParentRunner$2.evaluate(ParentRunner.java:268)
	at org.springframework.test.context.junit4.statements.RunBeforeTestClassCallbacks.evaluate(RunBeforeTestClassCallbacks.java:61)
	at org.springframework.test.context.junit4.statements.RunAfterTestClassCallbacks.evaluate(RunAfterTestClassCallbacks.java:70)
	at org.junit.runners.ParentRunner.run(ParentRunner.java:363)
	at org.springframework.test.context.junit4.SpringJUnit4ClassRunner.run(SpringJUnit4ClassRunner.java:191)
	at org.gradle.api.internal.tasks.testing.junit.JUnitTestClassExecutor.runTestClass(JUnitTestClassExecutor.java:106)
	at org.gradle.api.internal.tasks.testing.junit.JUnitTestClassExecutor.execute(JUnitTestClassExecutor.java:58)
	at org.gradle.api.internal.tasks.testing.junit.JUnitTestClassExecutor.execute(JUnitTestClassExecutor.java:38)
	at org.gradle.api.internal.tasks.testing.junit.AbstractJUnitTestClassProcessor.processTestClass(AbstractJUnitTestClassProcessor.java:66)
	at org.gradle.api.internal.tasks.testing.SuiteTestClassProcessor.processTestClass(SuiteTestClassProcessor.java:51)
	at sun.reflect.NativeMethodAccessorImpl.invoke0(Native Method)
	at sun.reflect.NativeMethodAccessorImpl.invoke(NativeMethodAccessorImpl.java:62)
	at sun.reflect.DelegatingMethodAccessorImpl.invoke(DelegatingMethodAccessorImpl.java:43)
	at java.lang.reflect.Method.invoke(Method.java:498)
	at org.gradle.internal.dispatch.ReflectionDispatch.dispatch(ReflectionDispatch.java:35)
	at org.gradle.internal.dispatch.ReflectionDispatch.dispatch(ReflectionDispatch.java:24)
	at org.gradle.internal.dispatch.ContextClassLoaderDispatch.dispatch(ContextClassLoaderDispatch.java:32)
	at org.gradle.internal.dispatch.ProxyDispatchAdapter$DispatchingInvocationHandler.invoke(ProxyDispatchAdapter.java:93)
	at com.sun.proxy.$Proxy2.processTestClass(Unknown Source)
	at org.gradle.api.internal.tasks.testing.worker.TestWorker.processTestClass(TestWorker.java:117)
	at sun.reflect.NativeMethodAccessorImpl.invoke0(Native Method)
	at sun.reflect.NativeMethodAccessorImpl.invoke(NativeMethodAccessorImpl.java:62)
	at sun.reflect.DelegatingMethodAccessorImpl.invoke(DelegatingMethodAccessorImpl.java:43)
	at java.lang.reflect.Method.invoke(Method.java:498)
	at org.gradle.internal.dispatch.ReflectionDispatch.dispatch(ReflectionDispatch.java:35)
	at org.gradle.internal.dispatch.ReflectionDispatch.dispatch(ReflectionDispatch.java:24)
	at org.gradle.internal.remote.internal.hub.MessageHubBackedObjectConnection$DispatchWrapper.dispatch(MessageHubBackedObjectConnection.java:155)
	at org.gradle.internal.remote.internal.hub.MessageHubBackedObjectConnection$DispatchWrapper.dispatch(MessageHubBackedObjectConnection.java:137)
	at org.gradle.internal.remote.internal.hub.MessageHub$Handler.run(MessageHub.java:404)
	at org.gradle.internal.concurrent.ExecutorPolicy$CatchAndRecordFailures.onExecute(ExecutorPolicy.java:63)
	at org.gradle.internal.concurrent.ManagedExecutorImpl$1.run(ManagedExecutorImpl.java:46)
	at java.util.concurrent.ThreadPoolExecutor.runWorker(ThreadPoolExecutor.java:1149)
	at java.util.concurrent.ThreadPoolExecutor$Worker.run(ThreadPoolExecutor.java:624)
	at org.gradle.internal.concurrent.ThreadFactoryImpl$ManagedThreadRunnable.run(ThreadFactoryImpl.java:55)
	at java.lang.Thread.run(Thread.java:748)
Caused by: java.lang.NumberFormatException: For input string: "INVALID"
	at java.lang.NumberFormatException.forInputString(NumberFormatException.java:65)
	at java.lang.Long.parseLong(Long.java:589)
	at java.lang.Long.valueOf(Long.java:803)
	at org.springframework.util.NumberUtils.parseNumber(NumberUtils.java:211)
	at org.springframework.beans.propertyeditors.CustomNumberEditor.setAsText(CustomNumberEditor.java:113)
	at org.springframework.beans.TypeConverterDelegate.doConvertTextValue(TypeConverterDelegate.java:468)
	at org.springframework.beans.TypeConverterDelegate.doConvertValue(TypeConverterDelegate.java:441)
	at org.springframework.beans.TypeConverterDelegate.convertIfNecessary(TypeConverterDelegate.java:199)
	at org.springframework.beans.TypeConverterDelegate.convertIfNecessary(TypeConverterDelegate.java:108)
	at org.springframework.beans.TypeConverterSupport.doConvert(TypeConverterSupport.java:64)
	at org.springframework.beans.TypeConverterSupport.convertIfNecessary(TypeConverterSupport.java:47)
	at org.springframework.validation.DataBinder.convertIfNecessary(DataBinder.java:713)
	at org.springframework.web.method.annotation.AbstractNamedValueMethodArgumentResolver.resolveArgument(AbstractNamedValueMethodArgumentResolver.java:120)
	... 75 more

[INFO] Rolled back transaction for test context [DefaultTestContext@18392870 testClass = AtmControllerTest, testInstance = com.mybank.atm.controller.AtmControllerTest@7ab5ff59, testMethod = checkInvalidAccountNum@AtmControllerTest, testException = [null], mergedContextConfiguration = [WebMergedContextConfiguration@b18da63 testClass = AtmControllerTest, locations = '{}', classes = '{class com.mybank.atm.AtmApplication, class com.mybank.atm.AtmApplication}', contextInitializerClasses = '[]', activeProfiles = '{}', propertySourceLocations = '{}', propertySourceProperties = '{org.springframework.boot.test.context.SpringBootTestContextBootstrapper=true}', contextCustomizers = set[org.springframework.boot.test.autoconfigure.properties.PropertyMappingContextCustomizer@e7e8512, org.springframework.boot.test.autoconfigure.web.servlet.WebDriverContextCustomizerFactory$Customizer@4c032a48, [ImportsContextCustomizer@3c0a7aa5 key = [org.springframework.boot.test.autoconfigure.web.servlet.MockMvcAutoConfiguration, org.springframework.boot.test.autoconfigure.web.servlet.MockMvcSecurityAutoConfiguration, org.springframework.boot.test.autoconfigure.web.servlet.MockMvcWebClientAutoConfiguration, org.springframework.boot.test.autoconfigure.web.servlet.MockMvcWebDriverAutoConfiguration]], org.springframework.boot.test.context.SpringBootTestContextCustomizer@74a1c13, org.springframework.boot.test.context.filter.ExcludeFilterContextCustomizer@7a25e733, org.springframework.boot.test.json.DuplicateJsonObjectContextCustomizerFactory$DuplicateJsonObjectContextCustomizer@e9faed3, org.springframework.boot.test.mock.mockito.MockitoContextCustomizer@0], resourceBasePath = 'src/main/webapp', contextLoader = 'org.springframework.boot.test.context.SpringBootContextLoader', parent = [null]]].
[INFO] Began transaction (1) for test context [DefaultTestContext@18392870 testClass = AtmControllerTest, testInstance = com.mybank.atm.controller.AtmControllerTest@3e069056, testMethod = testWithdrawFundsOverdraft@AtmControllerTest, testException = [null], mergedContextConfiguration = [WebMergedContextConfiguration@b18da63 testClass = AtmControllerTest, locations = '{}', classes = '{class com.mybank.atm.AtmApplication, class com.mybank.atm.AtmApplication}', contextInitializerClasses = '[]', activeProfiles = '{}', propertySourceLocations = '{}', propertySourceProperties = '{org.springframework.boot.test.context.SpringBootTestContextBootstrapper=true}', contextCustomizers = set[org.springframework.boot.test.autoconfigure.properties.PropertyMappingContextCustomizer@e7e8512, org.springframework.boot.test.autoconfigure.web.servlet.WebDriverContextCustomizerFactory$Customizer@4c032a48, [ImportsContextCustomizer@3c0a7aa5 key = [org.springframework.boot.test.autoconfigure.web.servlet.MockMvcAutoConfiguration, org.springframework.boot.test.autoconfigure.web.servlet.MockMvcSecurityAutoConfiguration, org.springframework.boot.test.autoconfigure.web.servlet.MockMvcWebClientAutoConfiguration, org.springframework.boot.test.autoconfigure.web.servlet.MockMvcWebDriverAutoConfiguration]], org.springframework.boot.test.context.SpringBootTestContextCustomizer@74a1c13, org.springframework.boot.test.context.filter.ExcludeFilterContextCustomizer@7a25e733, org.springframework.boot.test.json.DuplicateJsonObjectContextCustomizerFactory$DuplicateJsonObjectContextCustomizer@e9faed3, org.springframework.boot.test.mock.mockito.MockitoContextCustomizer@0], resourceBasePath = 'src/main/webapp', contextLoader = 'org.springframework.boot.test.context.SpringBootContextLoader', parent = [null]]]; transaction manager [org.springframework.orm.jpa.JpaTransactionManager@7de23fdb]; rollback [true]
[INFO] Rolled back transaction for test context [DefaultTestContext@18392870 testClass = AtmControllerTest, testInstance = com.mybank.atm.controller.AtmControllerTest@3e069056, testMethod = testWithdrawFundsOverdraft@AtmControllerTest, testException = [null], mergedContextConfiguration = [WebMergedContextConfiguration@b18da63 testClass = AtmControllerTest, locations = '{}', classes = '{class com.mybank.atm.AtmApplication, class com.mybank.atm.AtmApplication}', contextInitializerClasses = '[]', activeProfiles = '{}', propertySourceLocations = '{}', propertySourceProperties = '{org.springframework.boot.test.context.SpringBootTestContextBootstrapper=true}', contextCustomizers = set[org.springframework.boot.test.autoconfigure.properties.PropertyMappingContextCustomizer@e7e8512, org.springframework.boot.test.autoconfigure.web.servlet.WebDriverContextCustomizerFactory$Customizer@4c032a48, [ImportsContextCustomizer@3c0a7aa5 key = [org.springframework.boot.test.autoconfigure.web.servlet.MockMvcAutoConfiguration, org.springframework.boot.test.autoconfigure.web.servlet.MockMvcSecurityAutoConfiguration, org.springframework.boot.test.autoconfigure.web.servlet.MockMvcWebClientAutoConfiguration, org.springframework.boot.test.autoconfigure.web.servlet.MockMvcWebDriverAutoConfiguration]], org.springframework.boot.test.context.SpringBootTestContextCustomizer@74a1c13, org.springframework.boot.test.context.filter.ExcludeFilterContextCustomizer@7a25e733, org.springframework.boot.test.json.DuplicateJsonObjectContextCustomizerFactory$DuplicateJsonObjectContextCustomizer@e9faed3, org.springframework.boot.test.mock.mockito.MockitoContextCustomizer@0], resourceBasePath = 'src/main/webapp', contextLoader = 'org.springframework.boot.test.context.SpringBootContextLoader', parent = [null]]].
]]></system-out>
  <system-err><![CDATA[java.lang.Exception: FIXME
	at com.mybank.atm.controller.AtmControllerTest.testWithdrawFundsEmptyATM(AtmControllerTest.java:207)
	at sun.reflect.NativeMethodAccessorImpl.invoke0(Native Method)
	at sun.reflect.NativeMethodAccessorImpl.invoke(NativeMethodAccessorImpl.java:62)
	at sun.reflect.DelegatingMethodAccessorImpl.invoke(DelegatingMethodAccessorImpl.java:43)
	at java.lang.reflect.Method.invoke(Method.java:498)
	at org.junit.runners.model.FrameworkMethod$1.runReflectiveCall(FrameworkMethod.java:50)
	at org.junit.internal.runners.model.ReflectiveCallable.run(ReflectiveCallable.java:12)
	at org.junit.runners.model.FrameworkMethod.invokeExplosively(FrameworkMethod.java:47)
	at org.junit.internal.runners.statements.InvokeMethod.evaluate(InvokeMethod.java:17)
	at org.springframework.test.context.junit4.statements.RunBeforeTestMethodCallbacks.evaluate(RunBeforeTestMethodCallbacks.java:75)
	at org.springframework.test.context.junit4.statements.RunAfterTestMethodCallbacks.evaluate(RunAfterTestMethodCallbacks.java:86)
	at org.springframework.test.context.junit4.statements.SpringRepeat.evaluate(SpringRepeat.java:84)
	at org.junit.runners.ParentRunner.runLeaf(ParentRunner.java:325)
	at org.springframework.test.context.junit4.SpringJUnit4ClassRunner.runChild(SpringJUnit4ClassRunner.java:252)
	at org.springframework.test.context.junit4.SpringJUnit4ClassRunner.runChild(SpringJUnit4ClassRunner.java:94)
	at org.junit.runners.ParentRunner$3.run(ParentRunner.java:290)
	at org.junit.runners.ParentRunner$1.schedule(ParentRunner.java:71)
	at org.junit.runners.ParentRunner.runChildren(ParentRunner.java:288)
	at org.junit.runners.ParentRunner.access$000(ParentRunner.java:58)
	at org.junit.runners.ParentRunner$2.evaluate(ParentRunner.java:268)
	at org.springframework.test.context.junit4.statements.RunBeforeTestClassCallbacks.evaluate(RunBeforeTestClassCallbacks.java:61)
	at org.springframework.test.context.junit4.statements.RunAfterTestClassCallbacks.evaluate(RunAfterTestClassCallbacks.java:70)
	at org.junit.runners.ParentRunner.run(ParentRunner.java:363)
	at org.springframework.test.context.junit4.SpringJUnit4ClassRunner.run(SpringJUnit4ClassRunner.java:191)
	at org.gradle.api.internal.tasks.testing.junit.JUnitTestClassExecutor.runTestClass(JUnitTestClassExecutor.java:106)
	at org.gradle.api.internal.tasks.testing.junit.JUnitTestClassExecutor.execute(JUnitTestClassExecutor.java:58)
	at org.gradle.api.internal.tasks.testing.junit.JUnitTestClassExecutor.execute(JUnitTestClassExecutor.java:38)
	at org.gradle.api.internal.tasks.testing.junit.AbstractJUnitTestClassProcessor.processTestClass(AbstractJUnitTestClassProcessor.java:66)
	at org.gradle.api.internal.tasks.testing.SuiteTestClassProcessor.processTestClass(SuiteTestClassProcessor.java:51)
	at sun.reflect.NativeMethodAccessorImpl.invoke0(Native Method)
	at sun.reflect.NativeMethodAccessorImpl.invoke(NativeMethodAccessorImpl.java:62)
	at sun.reflect.DelegatingMethodAccessorImpl.invoke(DelegatingMethodAccessorImpl.java:43)
	at java.lang.reflect.Method.invoke(Method.java:498)
	at org.gradle.internal.dispatch.ReflectionDispatch.dispatch(ReflectionDispatch.java:35)
	at org.gradle.internal.dispatch.ReflectionDispatch.dispatch(ReflectionDispatch.java:24)
	at org.gradle.internal.dispatch.ContextClassLoaderDispatch.dispatch(ContextClassLoaderDispatch.java:32)
	at org.gradle.internal.dispatch.ProxyDispatchAdapter$DispatchingInvocationHandler.invoke(ProxyDispatchAdapter.java:93)
	at com.sun.proxy.$Proxy2.processTestClass(Unknown Source)
	at org.gradle.api.internal.tasks.testing.worker.TestWorker.processTestClass(TestWorker.java:117)
	at sun.reflect.NativeMethodAccessorImpl.invoke0(Native Method)
	at sun.reflect.NativeMethodAccessorImpl.invoke(NativeMethodAccessorImpl.java:62)
	at sun.reflect.DelegatingMethodAccessorImpl.invoke(DelegatingMethodAccessorImpl.java:43)
	at java.lang.reflect.Method.invoke(Method.java:498)
	at org.gradle.internal.dispatch.ReflectionDispatch.dispatch(ReflectionDispatch.java:35)
	at org.gradle.internal.dispatch.ReflectionDispatch.dispatch(ReflectionDispatch.java:24)
	at org.gradle.internal.remote.internal.hub.MessageHubBackedObjectConnection$DispatchWrapper.dispatch(MessageHubBackedObjectConnection.java:155)
	at org.gradle.internal.remote.internal.hub.MessageHubBackedObjectConnection$DispatchWrapper.dispatch(MessageHubBackedObjectConnection.java:137)
	at org.gradle.internal.remote.internal.hub.MessageHub$Handler.run(MessageHub.java:404)
	at org.gradle.internal.concurrent.ExecutorPolicy$CatchAndRecordFailures.onExecute(ExecutorPolicy.java:63)
	at org.gradle.internal.concurrent.ManagedExecutorImpl$1.run(ManagedExecutorImpl.java:46)
	at java.util.concurrent.ThreadPoolExecutor.runWorker(ThreadPoolExecutor.java:1149)
	at java.util.concurrent.ThreadPoolExecutor$Worker.run(ThreadPoolExecutor.java:624)
	at org.gradle.internal.concurrent.ThreadFactoryImpl$ManagedThreadRunnable.run(ThreadFactoryImpl.java:55)
	at java.lang.Thread.run(Thread.java:748)
]]></system-err>
</testsuite>
