<?xml version="1.0" encoding="UTF-8"?>
<testsuite name="com.mybank.atm.service.SafeServiceMockTest" tests="4" skipped="0" failures="0" errors="0" timestamp="2018-07-28T21:35:53" hostname="MacBook.local" time="0.072">
  <properties/>
  <testcase name="dispenseTest_20" classname="com.mybank.atm.service.SafeServiceMockTest" time="0.064"/>
  <testcase name="dispenseTest_45" classname="com.mybank.atm.service.SafeServiceMockTest" time="0.003"/>
  <testcase name="dispenseTest_75" classname="com.mybank.atm.service.SafeServiceMockTest" time="0.002"/>
  <testcase name="dispenseTest_insufficient" classname="com.mybank.atm.service.SafeServiceMockTest" time="0.002"/>
  <system-out><![CDATA[[INFO] Neither @ContextConfiguration nor @ContextHierarchy found for test class [com.mybank.atm.service.SafeServiceMockTest], using DelegatingSmartContextLoader
[INFO] Could not detect default resource locations for test class [com.mybank.atm.service.SafeServiceMockTest]: no resource found for suffixes {-context.xml}.
[INFO] Could not detect default configuration classes for test class [com.mybank.atm.service.SafeServiceMockTest]: SafeServiceMockTest does not declare any static, non-private, non-final, nested classes annotated with @Configuration.
[INFO] Loaded default TestExecutionListener class names from location [META-INF/spring.factories]: [org.springframework.boot.test.autoconfigure.restdocs.RestDocsTestExecutionListener, org.springframework.boot.test.autoconfigure.web.client.MockRestServiceServerResetTestExecutionListener, org.springframework.boot.test.autoconfigure.web.servlet.MockMvcPrintOnlyOnFailureTestExecutionListener, org.springframework.boot.test.autoconfigure.web.servlet.WebDriverTestExecutionListener, org.springframework.boot.test.mock.mockito.MockitoTestExecutionListener, org.springframework.boot.test.mock.mockito.ResetMocksTestExecutionListener, org.springframework.test.context.web.ServletTestExecutionListener, org.springframework.test.context.support.DirtiesContextBeforeModesTestExecutionListener, org.springframework.test.context.support.DependencyInjectionTestExecutionListener, org.springframework.test.context.support.DirtiesContextTestExecutionListener, org.springframework.test.context.transaction.TransactionalTestExecutionListener, org.springframework.test.context.jdbc.SqlScriptsTestExecutionListener]
[INFO] Using TestExecutionListeners: [org.springframework.test.context.web.ServletTestExecutionListener@6feef9e3, org.springframework.test.context.support.DirtiesContextBeforeModesTestExecutionListener@674f6442, org.springframework.test.context.support.DependencyInjectionTestExecutionListener@2719248a, org.springframework.test.context.support.DirtiesContextTestExecutionListener@d6a5d60, org.springframework.test.context.transaction.TransactionalTestExecutionListener@15d39ccf, org.springframework.test.context.jdbc.SqlScriptsTestExecutionListener@9229743, org.springframework.boot.test.mock.mockito.ResetMocksTestExecutionListener@67f1df99, org.springframework.boot.test.autoconfigure.restdocs.RestDocsTestExecutionListener@382f1f5a, org.springframework.boot.test.autoconfigure.web.client.MockRestServiceServerResetTestExecutionListener@3113d974, org.springframework.boot.test.autoconfigure.web.servlet.MockMvcPrintOnlyOnFailureTestExecutionListener@2c96d89a, org.springframework.boot.test.mock.mockito.MockitoTestExecutionListener@45f2d786, org.springframework.boot.test.autoconfigure.web.servlet.WebDriverTestExecutionListener@5e7d5ad]
]]></system-out>
  <system-err><![CDATA[]]></system-err>
</testsuite>
