<?xml version="1.0" encoding="UTF-8"?>
<testsuite name="com.mybank.atm.entity.db.SafeTest" tests="4" skipped="0" failures="0" errors="0" timestamp="2018-07-28T21:34:46" hostname="MacBook.local" time="0.025">
  <properties/>
  <testcase name="testSafeFive" classname="com.mybank.atm.entity.db.SafeTest" time="0.007"/>
  <testcase name="testSafeTwenty" classname="com.mybank.atm.entity.db.SafeTest" time="0.005"/>
  <testcase name="testSafeFifty" classname="com.mybank.atm.entity.db.SafeTest" time="0.005"/>
  <testcase name="testSafeTen" classname="com.mybank.atm.entity.db.SafeTest" time="0.005"/>
  <system-out><![CDATA[[DEBUG] SpringJUnit4ClassRunner constructor called with [class com.mybank.atm.entity.db.SafeTest]
[DEBUG] Instantiating CacheAwareContextLoaderDelegate from class [org.springframework.test.context.cache.DefaultCacheAwareContextLoaderDelegate]
[DEBUG] Instantiating BootstrapContext using constructor [public org.springframework.test.context.support.DefaultBootstrapContext(java.lang.Class,org.springframework.test.context.CacheAwareContextLoaderDelegate)]
[DEBUG] Instantiating TestContextBootstrapper for test class [com.mybank.atm.entity.db.SafeTest] from class [org.springframework.test.context.support.DefaultTestContextBootstrapper]
[INFO] Neither @ContextConfiguration nor @ContextHierarchy found for test class [com.mybank.atm.entity.db.SafeTest], using DelegatingSmartContextLoader
[DEBUG] Delegating to GenericXmlContextLoader to process context configuration [ContextConfigurationAttributes@693fbdb2 declaringClass = 'com.mybank.atm.entity.db.SafeTest', classes = '{}', locations = '{}', inheritLocations = false, initializers = '{}', inheritInitializers = true, name = [null], contextLoaderClass = 'org.springframework.test.context.ContextLoader'].
[DEBUG] Did not detect default resource location for test class [com.mybank.atm.entity.db.SafeTest]: class path resource [com/mybank/atm/entity/db/SafeTest-context.xml] does not exist
[INFO] Could not detect default resource locations for test class [com.mybank.atm.entity.db.SafeTest]: no resource found for suffixes {-context.xml}.
[DEBUG] Delegating to AnnotationConfigContextLoader to process context configuration [ContextConfigurationAttributes@693fbdb2 declaringClass = 'com.mybank.atm.entity.db.SafeTest', classes = '{}', locations = '{}', inheritLocations = false, initializers = '{}', inheritInitializers = true, name = [null], contextLoaderClass = 'org.springframework.test.context.ContextLoader'].
[INFO] Could not detect default configuration classes for test class [com.mybank.atm.entity.db.SafeTest]: SafeTest does not declare any static, non-private, non-final, nested classes annotated with @Configuration.
[DEBUG] Could not find an 'annotation declaring class' for annotation type [org.springframework.test.context.ActiveProfiles] and class [com.mybank.atm.entity.db.SafeTest]
[DEBUG] @TestExecutionListeners is not present for class [com.mybank.atm.entity.db.SafeTest]: using defaults.
[INFO] Loaded default TestExecutionListener class names from location [META-INF/spring.factories]: [org.springframework.boot.test.autoconfigure.restdocs.RestDocsTestExecutionListener, org.springframework.boot.test.autoconfigure.web.client.MockRestServiceServerResetTestExecutionListener, org.springframework.boot.test.autoconfigure.web.servlet.MockMvcPrintOnlyOnFailureTestExecutionListener, org.springframework.boot.test.autoconfigure.web.servlet.WebDriverTestExecutionListener, org.springframework.boot.test.mock.mockito.MockitoTestExecutionListener, org.springframework.boot.test.mock.mockito.ResetMocksTestExecutionListener, org.springframework.test.context.web.ServletTestExecutionListener, org.springframework.test.context.support.DirtiesContextBeforeModesTestExecutionListener, org.springframework.test.context.support.DependencyInjectionTestExecutionListener, org.springframework.test.context.support.DirtiesContextTestExecutionListener, org.springframework.test.context.transaction.TransactionalTestExecutionListener, org.springframework.test.context.jdbc.SqlScriptsTestExecutionListener]
[INFO] Using TestExecutionListeners: [org.springframework.test.context.web.ServletTestExecutionListener@31aff225, org.springframework.test.context.support.DirtiesContextBeforeModesTestExecutionListener@5ba340f1, org.springframework.test.context.support.DependencyInjectionTestExecutionListener@1b060412, org.springframework.test.context.support.DirtiesContextTestExecutionListener@768ea022, org.springframework.test.context.transaction.TransactionalTestExecutionListener@38fe5a0c, org.springframework.test.context.jdbc.SqlScriptsTestExecutionListener@799b212a, org.springframework.boot.test.mock.mockito.ResetMocksTestExecutionListener@52969c9f, org.springframework.boot.test.autoconfigure.restdocs.RestDocsTestExecutionListener@519aa95f, org.springframework.boot.test.autoconfigure.web.client.MockRestServiceServerResetTestExecutionListener@1bfea75a, org.springframework.boot.test.autoconfigure.web.servlet.MockMvcPrintOnlyOnFailureTestExecutionListener@3bcc577e, org.springframework.boot.test.mock.mockito.MockitoTestExecutionListener@5d5846fc, org.springframework.boot.test.autoconfigure.web.servlet.WebDriverTestExecutionListener@598cdc59]
[DEBUG] Retrieved @ProfileValueSourceConfiguration [null] for test class [com.mybank.atm.entity.db.SafeTest]
[DEBUG] Retrieved ProfileValueSource type [class org.springframework.test.annotation.SystemProfileValueSource] for class [com.mybank.atm.entity.db.SafeTest]
[DEBUG] Retrieved @ProfileValueSourceConfiguration [null] for test class [com.mybank.atm.entity.db.SafeTest]
[DEBUG] Retrieved ProfileValueSource type [class org.springframework.test.annotation.SystemProfileValueSource] for class [com.mybank.atm.entity.db.SafeTest]
[DEBUG] Before test class: context [DefaultTestContext@37267445 testClass = SafeTest, testInstance = [null], testMethod = [null], testException = [null], mergedContextConfiguration = [MergedContextConfiguration@6e08b278 testClass = SafeTest, locations = '{}', classes = '{}', contextInitializerClasses = '[]', activeProfiles = '{}', propertySourceLocations = '{}', propertySourceProperties = '{}', contextCustomizers = set[org.springframework.boot.test.autoconfigure.properties.PropertyMappingContextCustomizer@0, org.springframework.boot.test.autoconfigure.web.servlet.WebDriverContextCustomizerFactory$Customizer@4c032a48, org.springframework.boot.test.context.filter.ExcludeFilterContextCustomizer@7a25e733, org.springframework.boot.test.json.DuplicateJsonObjectContextCustomizerFactory$DuplicateJsonObjectContextCustomizer@e9faed3, org.springframework.boot.test.mock.mockito.MockitoContextCustomizer@0], contextLoader = 'org.springframework.test.context.support.DelegatingSmartContextLoader', parent = [null]]], class annotated with @DirtiesContext [false] with mode [null].
[DEBUG] Retrieved @ProfileValueSourceConfiguration [null] for test class [com.mybank.atm.entity.db.SafeTest]
[DEBUG] Retrieved ProfileValueSource type [class org.springframework.test.annotation.SystemProfileValueSource] for class [com.mybank.atm.entity.db.SafeTest]
[DEBUG] Performing dependency injection for test context [[DefaultTestContext@37267445 testClass = SafeTest, testInstance = com.mybank.atm.entity.db.SafeTest@717866e3, testMethod = [null], testException = [null], mergedContextConfiguration = [MergedContextConfiguration@6e08b278 testClass = SafeTest, locations = '{}', classes = '{}', contextInitializerClasses = '[]', activeProfiles = '{}', propertySourceLocations = '{}', propertySourceProperties = '{}', contextCustomizers = set[org.springframework.boot.test.autoconfigure.properties.PropertyMappingContextCustomizer@0, org.springframework.boot.test.autoconfigure.web.servlet.WebDriverContextCustomizerFactory$Customizer@4c032a48, org.springframework.boot.test.context.filter.ExcludeFilterContextCustomizer@7a25e733, org.springframework.boot.test.json.DuplicateJsonObjectContextCustomizerFactory$DuplicateJsonObjectContextCustomizer@e9faed3, org.springframework.boot.test.mock.mockito.MockitoContextCustomizer@0], contextLoader = 'org.springframework.test.context.support.DelegatingSmartContextLoader', parent = [null]]]].
[DEBUG] Retrieved ApplicationContext from cache with key [[MergedContextConfiguration@6e08b278 testClass = SafeTest, locations = '{}', classes = '{}', contextInitializerClasses = '[]', activeProfiles = '{}', propertySourceLocations = '{}', propertySourceProperties = '{}', contextCustomizers = set[org.springframework.boot.test.autoconfigure.properties.PropertyMappingContextCustomizer@0, org.springframework.boot.test.autoconfigure.web.servlet.WebDriverContextCustomizerFactory$Customizer@4c032a48, org.springframework.boot.test.context.filter.ExcludeFilterContextCustomizer@7a25e733, org.springframework.boot.test.json.DuplicateJsonObjectContextCustomizerFactory$DuplicateJsonObjectContextCustomizer@e9faed3, org.springframework.boot.test.mock.mockito.MockitoContextCustomizer@0], contextLoader = 'org.springframework.test.context.support.DelegatingSmartContextLoader', parent = [null]]]
[DEBUG] Spring test ApplicationContext cache statistics: [DefaultContextCache@53c1ee27 size = 1, maxSize = 32, parentContextCount = 0, hitCount = 30, missCount = 1]
[DEBUG] Before test method: context [DefaultTestContext@37267445 testClass = SafeTest, testInstance = com.mybank.atm.entity.db.SafeTest@717866e3, testMethod = testSafeFive@SafeTest, testException = [null], mergedContextConfiguration = [MergedContextConfiguration@6e08b278 testClass = SafeTest, locations = '{}', classes = '{}', contextInitializerClasses = '[]', activeProfiles = '{}', propertySourceLocations = '{}', propertySourceProperties = '{}', contextCustomizers = set[org.springframework.boot.test.autoconfigure.properties.PropertyMappingContextCustomizer@0, org.springframework.boot.test.autoconfigure.web.servlet.WebDriverContextCustomizerFactory$Customizer@4c032a48, org.springframework.boot.test.context.filter.ExcludeFilterContextCustomizer@7a25e733, org.springframework.boot.test.json.DuplicateJsonObjectContextCustomizerFactory$DuplicateJsonObjectContextCustomizer@e9faed3, org.springframework.boot.test.mock.mockito.MockitoContextCustomizer@0], contextLoader = 'org.springframework.test.context.support.DelegatingSmartContextLoader', parent = [null]]], class annotated with @DirtiesContext [false] with mode [null], method annotated with @DirtiesContext [false] with mode [null].
[DEBUG] Retrieved ApplicationContext from cache with key [[MergedContextConfiguration@6e08b278 testClass = SafeTest, locations = '{}', classes = '{}', contextInitializerClasses = '[]', activeProfiles = '{}', propertySourceLocations = '{}', propertySourceProperties = '{}', contextCustomizers = set[org.springframework.boot.test.autoconfigure.properties.PropertyMappingContextCustomizer@0, org.springframework.boot.test.autoconfigure.web.servlet.WebDriverContextCustomizerFactory$Customizer@4c032a48, org.springframework.boot.test.context.filter.ExcludeFilterContextCustomizer@7a25e733, org.springframework.boot.test.json.DuplicateJsonObjectContextCustomizerFactory$DuplicateJsonObjectContextCustomizer@e9faed3, org.springframework.boot.test.mock.mockito.MockitoContextCustomizer@0], contextLoader = 'org.springframework.test.context.support.DelegatingSmartContextLoader', parent = [null]]]
[DEBUG] Spring test ApplicationContext cache statistics: [DefaultContextCache@53c1ee27 size = 1, maxSize = 32, parentContextCount = 0, hitCount = 31, missCount = 1]
[DEBUG] Returning cached instance of singleton bean 'org.springframework.boot.test.mock.mockito.MockitoBeans'
[DEBUG] Retrieved ApplicationContext from cache with key [[MergedContextConfiguration@6e08b278 testClass = SafeTest, locations = '{}', classes = '{}', contextInitializerClasses = '[]', activeProfiles = '{}', propertySourceLocations = '{}', propertySourceProperties = '{}', contextCustomizers = set[org.springframework.boot.test.autoconfigure.properties.PropertyMappingContextCustomizer@0, org.springframework.boot.test.autoconfigure.web.servlet.WebDriverContextCustomizerFactory$Customizer@4c032a48, org.springframework.boot.test.context.filter.ExcludeFilterContextCustomizer@7a25e733, org.springframework.boot.test.json.DuplicateJsonObjectContextCustomizerFactory$DuplicateJsonObjectContextCustomizer@e9faed3, org.springframework.boot.test.mock.mockito.MockitoContextCustomizer@0], contextLoader = 'org.springframework.test.context.support.DelegatingSmartContextLoader', parent = [null]]]
[DEBUG] Spring test ApplicationContext cache statistics: [DefaultContextCache@53c1ee27 size = 1, maxSize = 32, parentContextCount = 0, hitCount = 32, missCount = 1]
[DEBUG] Retrieved ApplicationContext from cache with key [[MergedContextConfiguration@6e08b278 testClass = SafeTest, locations = '{}', classes = '{}', contextInitializerClasses = '[]', activeProfiles = '{}', propertySourceLocations = '{}', propertySourceProperties = '{}', contextCustomizers = set[org.springframework.boot.test.autoconfigure.properties.PropertyMappingContextCustomizer@0, org.springframework.boot.test.autoconfigure.web.servlet.WebDriverContextCustomizerFactory$Customizer@4c032a48, org.springframework.boot.test.context.filter.ExcludeFilterContextCustomizer@7a25e733, org.springframework.boot.test.json.DuplicateJsonObjectContextCustomizerFactory$DuplicateJsonObjectContextCustomizer@e9faed3, org.springframework.boot.test.mock.mockito.MockitoContextCustomizer@0], contextLoader = 'org.springframework.test.context.support.DelegatingSmartContextLoader', parent = [null]]]
[DEBUG] Spring test ApplicationContext cache statistics: [DefaultContextCache@53c1ee27 size = 1, maxSize = 32, parentContextCount = 0, hitCount = 33, missCount = 1]
[DEBUG] Retrieved ApplicationContext from cache with key [[MergedContextConfiguration@6e08b278 testClass = SafeTest, locations = '{}', classes = '{}', contextInitializerClasses = '[]', activeProfiles = '{}', propertySourceLocations = '{}', propertySourceProperties = '{}', contextCustomizers = set[org.springframework.boot.test.autoconfigure.properties.PropertyMappingContextCustomizer@0, org.springframework.boot.test.autoconfigure.web.servlet.WebDriverContextCustomizerFactory$Customizer@4c032a48, org.springframework.boot.test.context.filter.ExcludeFilterContextCustomizer@7a25e733, org.springframework.boot.test.json.DuplicateJsonObjectContextCustomizerFactory$DuplicateJsonObjectContextCustomizer@e9faed3, org.springframework.boot.test.mock.mockito.MockitoContextCustomizer@0], contextLoader = 'org.springframework.test.context.support.DelegatingSmartContextLoader', parent = [null]]]
[DEBUG] Spring test ApplicationContext cache statistics: [DefaultContextCache@53c1ee27 size = 1, maxSize = 32, parentContextCount = 0, hitCount = 34, missCount = 1]
[DEBUG] Returning cached instance of singleton bean 'org.springframework.boot.test.mock.mockito.MockitoBeans'
[DEBUG] After test method: context [DefaultTestContext@37267445 testClass = SafeTest, testInstance = com.mybank.atm.entity.db.SafeTest@717866e3, testMethod = testSafeFive@SafeTest, testException = [null], mergedContextConfiguration = [MergedContextConfiguration@6e08b278 testClass = SafeTest, locations = '{}', classes = '{}', contextInitializerClasses = '[]', activeProfiles = '{}', propertySourceLocations = '{}', propertySourceProperties = '{}', contextCustomizers = set[org.springframework.boot.test.autoconfigure.properties.PropertyMappingContextCustomizer@0, org.springframework.boot.test.autoconfigure.web.servlet.WebDriverContextCustomizerFactory$Customizer@4c032a48, org.springframework.boot.test.context.filter.ExcludeFilterContextCustomizer@7a25e733, org.springframework.boot.test.json.DuplicateJsonObjectContextCustomizerFactory$DuplicateJsonObjectContextCustomizer@e9faed3, org.springframework.boot.test.mock.mockito.MockitoContextCustomizer@0], contextLoader = 'org.springframework.test.context.support.DelegatingSmartContextLoader', parent = [null]]], class annotated with @DirtiesContext [false] with mode [null], method annotated with @DirtiesContext [false] with mode [null].
[DEBUG] Retrieved @ProfileValueSourceConfiguration [null] for test class [com.mybank.atm.entity.db.SafeTest]
[DEBUG] Retrieved ProfileValueSource type [class org.springframework.test.annotation.SystemProfileValueSource] for class [com.mybank.atm.entity.db.SafeTest]
[DEBUG] Performing dependency injection for test context [[DefaultTestContext@37267445 testClass = SafeTest, testInstance = com.mybank.atm.entity.db.SafeTest@4aa9d34d, testMethod = [null], testException = [null], mergedContextConfiguration = [MergedContextConfiguration@6e08b278 testClass = SafeTest, locations = '{}', classes = '{}', contextInitializerClasses = '[]', activeProfiles = '{}', propertySourceLocations = '{}', propertySourceProperties = '{}', contextCustomizers = set[org.springframework.boot.test.autoconfigure.properties.PropertyMappingContextCustomizer@0, org.springframework.boot.test.autoconfigure.web.servlet.WebDriverContextCustomizerFactory$Customizer@4c032a48, org.springframework.boot.test.context.filter.ExcludeFilterContextCustomizer@7a25e733, org.springframework.boot.test.json.DuplicateJsonObjectContextCustomizerFactory$DuplicateJsonObjectContextCustomizer@e9faed3, org.springframework.boot.test.mock.mockito.MockitoContextCustomizer@0], contextLoader = 'org.springframework.test.context.support.DelegatingSmartContextLoader', parent = [null]]]].
[DEBUG] Retrieved ApplicationContext from cache with key [[MergedContextConfiguration@6e08b278 testClass = SafeTest, locations = '{}', classes = '{}', contextInitializerClasses = '[]', activeProfiles = '{}', propertySourceLocations = '{}', propertySourceProperties = '{}', contextCustomizers = set[org.springframework.boot.test.autoconfigure.properties.PropertyMappingContextCustomizer@0, org.springframework.boot.test.autoconfigure.web.servlet.WebDriverContextCustomizerFactory$Customizer@4c032a48, org.springframework.boot.test.context.filter.ExcludeFilterContextCustomizer@7a25e733, org.springframework.boot.test.json.DuplicateJsonObjectContextCustomizerFactory$DuplicateJsonObjectContextCustomizer@e9faed3, org.springframework.boot.test.mock.mockito.MockitoContextCustomizer@0], contextLoader = 'org.springframework.test.context.support.DelegatingSmartContextLoader', parent = [null]]]
[DEBUG] Spring test ApplicationContext cache statistics: [DefaultContextCache@53c1ee27 size = 1, maxSize = 32, parentContextCount = 0, hitCount = 35, missCount = 1]
[DEBUG] Before test method: context [DefaultTestContext@37267445 testClass = SafeTest, testInstance = com.mybank.atm.entity.db.SafeTest@4aa9d34d, testMethod = testSafeTwenty@SafeTest, testException = [null], mergedContextConfiguration = [MergedContextConfiguration@6e08b278 testClass = SafeTest, locations = '{}', classes = '{}', contextInitializerClasses = '[]', activeProfiles = '{}', propertySourceLocations = '{}', propertySourceProperties = '{}', contextCustomizers = set[org.springframework.boot.test.autoconfigure.properties.PropertyMappingContextCustomizer@0, org.springframework.boot.test.autoconfigure.web.servlet.WebDriverContextCustomizerFactory$Customizer@4c032a48, org.springframework.boot.test.context.filter.ExcludeFilterContextCustomizer@7a25e733, org.springframework.boot.test.json.DuplicateJsonObjectContextCustomizerFactory$DuplicateJsonObjectContextCustomizer@e9faed3, org.springframework.boot.test.mock.mockito.MockitoContextCustomizer@0], contextLoader = 'org.springframework.test.context.support.DelegatingSmartContextLoader', parent = [null]]], class annotated with @DirtiesContext [false] with mode [null], method annotated with @DirtiesContext [false] with mode [null].
[DEBUG] Retrieved ApplicationContext from cache with key [[MergedContextConfiguration@6e08b278 testClass = SafeTest, locations = '{}', classes = '{}', contextInitializerClasses = '[]', activeProfiles = '{}', propertySourceLocations = '{}', propertySourceProperties = '{}', contextCustomizers = set[org.springframework.boot.test.autoconfigure.properties.PropertyMappingContextCustomizer@0, org.springframework.boot.test.autoconfigure.web.servlet.WebDriverContextCustomizerFactory$Customizer@4c032a48, org.springframework.boot.test.context.filter.ExcludeFilterContextCustomizer@7a25e733, org.springframework.boot.test.json.DuplicateJsonObjectContextCustomizerFactory$DuplicateJsonObjectContextCustomizer@e9faed3, org.springframework.boot.test.mock.mockito.MockitoContextCustomizer@0], contextLoader = 'org.springframework.test.context.support.DelegatingSmartContextLoader', parent = [null]]]
[DEBUG] Spring test ApplicationContext cache statistics: [DefaultContextCache@53c1ee27 size = 1, maxSize = 32, parentContextCount = 0, hitCount = 36, missCount = 1]
[DEBUG] Returning cached instance of singleton bean 'org.springframework.boot.test.mock.mockito.MockitoBeans'
[DEBUG] Retrieved ApplicationContext from cache with key [[MergedContextConfiguration@6e08b278 testClass = SafeTest, locations = '{}', classes = '{}', contextInitializerClasses = '[]', activeProfiles = '{}', propertySourceLocations = '{}', propertySourceProperties = '{}', contextCustomizers = set[org.springframework.boot.test.autoconfigure.properties.PropertyMappingContextCustomizer@0, org.springframework.boot.test.autoconfigure.web.servlet.WebDriverContextCustomizerFactory$Customizer@4c032a48, org.springframework.boot.test.context.filter.ExcludeFilterContextCustomizer@7a25e733, org.springframework.boot.test.json.DuplicateJsonObjectContextCustomizerFactory$DuplicateJsonObjectContextCustomizer@e9faed3, org.springframework.boot.test.mock.mockito.MockitoContextCustomizer@0], contextLoader = 'org.springframework.test.context.support.DelegatingSmartContextLoader', parent = [null]]]
[DEBUG] Spring test ApplicationContext cache statistics: [DefaultContextCache@53c1ee27 size = 1, maxSize = 32, parentContextCount = 0, hitCount = 37, missCount = 1]
[DEBUG] Retrieved ApplicationContext from cache with key [[MergedContextConfiguration@6e08b278 testClass = SafeTest, locations = '{}', classes = '{}', contextInitializerClasses = '[]', activeProfiles = '{}', propertySourceLocations = '{}', propertySourceProperties = '{}', contextCustomizers = set[org.springframework.boot.test.autoconfigure.properties.PropertyMappingContextCustomizer@0, org.springframework.boot.test.autoconfigure.web.servlet.WebDriverContextCustomizerFactory$Customizer@4c032a48, org.springframework.boot.test.context.filter.ExcludeFilterContextCustomizer@7a25e733, org.springframework.boot.test.json.DuplicateJsonObjectContextCustomizerFactory$DuplicateJsonObjectContextCustomizer@e9faed3, org.springframework.boot.test.mock.mockito.MockitoContextCustomizer@0], contextLoader = 'org.springframework.test.context.support.DelegatingSmartContextLoader', parent = [null]]]
[DEBUG] Spring test ApplicationContext cache statistics: [DefaultContextCache@53c1ee27 size = 1, maxSize = 32, parentContextCount = 0, hitCount = 38, missCount = 1]
[DEBUG] Retrieved ApplicationContext from cache with key [[MergedContextConfiguration@6e08b278 testClass = SafeTest, locations = '{}', classes = '{}', contextInitializerClasses = '[]', activeProfiles = '{}', propertySourceLocations = '{}', propertySourceProperties = '{}', contextCustomizers = set[org.springframework.boot.test.autoconfigure.properties.PropertyMappingContextCustomizer@0, org.springframework.boot.test.autoconfigure.web.servlet.WebDriverContextCustomizerFactory$Customizer@4c032a48, org.springframework.boot.test.context.filter.ExcludeFilterContextCustomizer@7a25e733, org.springframework.boot.test.json.DuplicateJsonObjectContextCustomizerFactory$DuplicateJsonObjectContextCustomizer@e9faed3, org.springframework.boot.test.mock.mockito.MockitoContextCustomizer@0], contextLoader = 'org.springframework.test.context.support.DelegatingSmartContextLoader', parent = [null]]]
[DEBUG] Spring test ApplicationContext cache statistics: [DefaultContextCache@53c1ee27 size = 1, maxSize = 32, parentContextCount = 0, hitCount = 39, missCount = 1]
[DEBUG] Returning cached instance of singleton bean 'org.springframework.boot.test.mock.mockito.MockitoBeans'
[DEBUG] After test method: context [DefaultTestContext@37267445 testClass = SafeTest, testInstance = com.mybank.atm.entity.db.SafeTest@4aa9d34d, testMethod = testSafeTwenty@SafeTest, testException = [null], mergedContextConfiguration = [MergedContextConfiguration@6e08b278 testClass = SafeTest, locations = '{}', classes = '{}', contextInitializerClasses = '[]', activeProfiles = '{}', propertySourceLocations = '{}', propertySourceProperties = '{}', contextCustomizers = set[org.springframework.boot.test.autoconfigure.properties.PropertyMappingContextCustomizer@0, org.springframework.boot.test.autoconfigure.web.servlet.WebDriverContextCustomizerFactory$Customizer@4c032a48, org.springframework.boot.test.context.filter.ExcludeFilterContextCustomizer@7a25e733, org.springframework.boot.test.json.DuplicateJsonObjectContextCustomizerFactory$DuplicateJsonObjectContextCustomizer@e9faed3, org.springframework.boot.test.mock.mockito.MockitoContextCustomizer@0], contextLoader = 'org.springframework.test.context.support.DelegatingSmartContextLoader', parent = [null]]], class annotated with @DirtiesContext [false] with mode [null], method annotated with @DirtiesContext [false] with mode [null].
[DEBUG] Retrieved @ProfileValueSourceConfiguration [null] for test class [com.mybank.atm.entity.db.SafeTest]
[DEBUG] Retrieved ProfileValueSource type [class org.springframework.test.annotation.SystemProfileValueSource] for class [com.mybank.atm.entity.db.SafeTest]
[DEBUG] Performing dependency injection for test context [[DefaultTestContext@37267445 testClass = SafeTest, testInstance = com.mybank.atm.entity.db.SafeTest@61992312, testMethod = [null], testException = [null], mergedContextConfiguration = [MergedContextConfiguration@6e08b278 testClass = SafeTest, locations = '{}', classes = '{}', contextInitializerClasses = '[]', activeProfiles = '{}', propertySourceLocations = '{}', propertySourceProperties = '{}', contextCustomizers = set[org.springframework.boot.test.autoconfigure.properties.PropertyMappingContextCustomizer@0, org.springframework.boot.test.autoconfigure.web.servlet.WebDriverContextCustomizerFactory$Customizer@4c032a48, org.springframework.boot.test.context.filter.ExcludeFilterContextCustomizer@7a25e733, org.springframework.boot.test.json.DuplicateJsonObjectContextCustomizerFactory$DuplicateJsonObjectContextCustomizer@e9faed3, org.springframework.boot.test.mock.mockito.MockitoContextCustomizer@0], contextLoader = 'org.springframework.test.context.support.DelegatingSmartContextLoader', parent = [null]]]].
[DEBUG] Retrieved ApplicationContext from cache with key [[MergedContextConfiguration@6e08b278 testClass = SafeTest, locations = '{}', classes = '{}', contextInitializerClasses = '[]', activeProfiles = '{}', propertySourceLocations = '{}', propertySourceProperties = '{}', contextCustomizers = set[org.springframework.boot.test.autoconfigure.properties.PropertyMappingContextCustomizer@0, org.springframework.boot.test.autoconfigure.web.servlet.WebDriverContextCustomizerFactory$Customizer@4c032a48, org.springframework.boot.test.context.filter.ExcludeFilterContextCustomizer@7a25e733, org.springframework.boot.test.json.DuplicateJsonObjectContextCustomizerFactory$DuplicateJsonObjectContextCustomizer@e9faed3, org.springframework.boot.test.mock.mockito.MockitoContextCustomizer@0], contextLoader = 'org.springframework.test.context.support.DelegatingSmartContextLoader', parent = [null]]]
[DEBUG] Spring test ApplicationContext cache statistics: [DefaultContextCache@53c1ee27 size = 1, maxSize = 32, parentContextCount = 0, hitCount = 40, missCount = 1]
[DEBUG] Before test method: context [DefaultTestContext@37267445 testClass = SafeTest, testInstance = com.mybank.atm.entity.db.SafeTest@61992312, testMethod = testSafeFifty@SafeTest, testException = [null], mergedContextConfiguration = [MergedContextConfiguration@6e08b278 testClass = SafeTest, locations = '{}', classes = '{}', contextInitializerClasses = '[]', activeProfiles = '{}', propertySourceLocations = '{}', propertySourceProperties = '{}', contextCustomizers = set[org.springframework.boot.test.autoconfigure.properties.PropertyMappingContextCustomizer@0, org.springframework.boot.test.autoconfigure.web.servlet.WebDriverContextCustomizerFactory$Customizer@4c032a48, org.springframework.boot.test.context.filter.ExcludeFilterContextCustomizer@7a25e733, org.springframework.boot.test.json.DuplicateJsonObjectContextCustomizerFactory$DuplicateJsonObjectContextCustomizer@e9faed3, org.springframework.boot.test.mock.mockito.MockitoContextCustomizer@0], contextLoader = 'org.springframework.test.context.support.DelegatingSmartContextLoader', parent = [null]]], class annotated with @DirtiesContext [false] with mode [null], method annotated with @DirtiesContext [false] with mode [null].
[DEBUG] Retrieved ApplicationContext from cache with key [[MergedContextConfiguration@6e08b278 testClass = SafeTest, locations = '{}', classes = '{}', contextInitializerClasses = '[]', activeProfiles = '{}', propertySourceLocations = '{}', propertySourceProperties = '{}', contextCustomizers = set[org.springframework.boot.test.autoconfigure.properties.PropertyMappingContextCustomizer@0, org.springframework.boot.test.autoconfigure.web.servlet.WebDriverContextCustomizerFactory$Customizer@4c032a48, org.springframework.boot.test.context.filter.ExcludeFilterContextCustomizer@7a25e733, org.springframework.boot.test.json.DuplicateJsonObjectContextCustomizerFactory$DuplicateJsonObjectContextCustomizer@e9faed3, org.springframework.boot.test.mock.mockito.MockitoContextCustomizer@0], contextLoader = 'org.springframework.test.context.support.DelegatingSmartContextLoader', parent = [null]]]
[DEBUG] Spring test ApplicationContext cache statistics: [DefaultContextCache@53c1ee27 size = 1, maxSize = 32, parentContextCount = 0, hitCount = 41, missCount = 1]
[DEBUG] Returning cached instance of singleton bean 'org.springframework.boot.test.mock.mockito.MockitoBeans'
[DEBUG] Retrieved ApplicationContext from cache with key [[MergedContextConfiguration@6e08b278 testClass = SafeTest, locations = '{}', classes = '{}', contextInitializerClasses = '[]', activeProfiles = '{}', propertySourceLocations = '{}', propertySourceProperties = '{}', contextCustomizers = set[org.springframework.boot.test.autoconfigure.properties.PropertyMappingContextCustomizer@0, org.springframework.boot.test.autoconfigure.web.servlet.WebDriverContextCustomizerFactory$Customizer@4c032a48, org.springframework.boot.test.context.filter.ExcludeFilterContextCustomizer@7a25e733, org.springframework.boot.test.json.DuplicateJsonObjectContextCustomizerFactory$DuplicateJsonObjectContextCustomizer@e9faed3, org.springframework.boot.test.mock.mockito.MockitoContextCustomizer@0], contextLoader = 'org.springframework.test.context.support.DelegatingSmartContextLoader', parent = [null]]]
[DEBUG] Spring test ApplicationContext cache statistics: [DefaultContextCache@53c1ee27 size = 1, maxSize = 32, parentContextCount = 0, hitCount = 42, missCount = 1]
[DEBUG] Retrieved ApplicationContext from cache with key [[MergedContextConfiguration@6e08b278 testClass = SafeTest, locations = '{}', classes = '{}', contextInitializerClasses = '[]', activeProfiles = '{}', propertySourceLocations = '{}', propertySourceProperties = '{}', contextCustomizers = set[org.springframework.boot.test.autoconfigure.properties.PropertyMappingContextCustomizer@0, org.springframework.boot.test.autoconfigure.web.servlet.WebDriverContextCustomizerFactory$Customizer@4c032a48, org.springframework.boot.test.context.filter.ExcludeFilterContextCustomizer@7a25e733, org.springframework.boot.test.json.DuplicateJsonObjectContextCustomizerFactory$DuplicateJsonObjectContextCustomizer@e9faed3, org.springframework.boot.test.mock.mockito.MockitoContextCustomizer@0], contextLoader = 'org.springframework.test.context.support.DelegatingSmartContextLoader', parent = [null]]]
[DEBUG] Spring test ApplicationContext cache statistics: [DefaultContextCache@53c1ee27 size = 1, maxSize = 32, parentContextCount = 0, hitCount = 43, missCount = 1]
[DEBUG] Retrieved ApplicationContext from cache with key [[MergedContextConfiguration@6e08b278 testClass = SafeTest, locations = '{}', classes = '{}', contextInitializerClasses = '[]', activeProfiles = '{}', propertySourceLocations = '{}', propertySourceProperties = '{}', contextCustomizers = set[org.springframework.boot.test.autoconfigure.properties.PropertyMappingContextCustomizer@0, org.springframework.boot.test.autoconfigure.web.servlet.WebDriverContextCustomizerFactory$Customizer@4c032a48, org.springframework.boot.test.context.filter.ExcludeFilterContextCustomizer@7a25e733, org.springframework.boot.test.json.DuplicateJsonObjectContextCustomizerFactory$DuplicateJsonObjectContextCustomizer@e9faed3, org.springframework.boot.test.mock.mockito.MockitoContextCustomizer@0], contextLoader = 'org.springframework.test.context.support.DelegatingSmartContextLoader', parent = [null]]]
[DEBUG] Spring test ApplicationContext cache statistics: [DefaultContextCache@53c1ee27 size = 1, maxSize = 32, parentContextCount = 0, hitCount = 44, missCount = 1]
[DEBUG] Returning cached instance of singleton bean 'org.springframework.boot.test.mock.mockito.MockitoBeans'
[DEBUG] After test method: context [DefaultTestContext@37267445 testClass = SafeTest, testInstance = com.mybank.atm.entity.db.SafeTest@61992312, testMethod = testSafeFifty@SafeTest, testException = [null], mergedContextConfiguration = [MergedContextConfiguration@6e08b278 testClass = SafeTest, locations = '{}', classes = '{}', contextInitializerClasses = '[]', activeProfiles = '{}', propertySourceLocations = '{}', propertySourceProperties = '{}', contextCustomizers = set[org.springframework.boot.test.autoconfigure.properties.PropertyMappingContextCustomizer@0, org.springframework.boot.test.autoconfigure.web.servlet.WebDriverContextCustomizerFactory$Customizer@4c032a48, org.springframework.boot.test.context.filter.ExcludeFilterContextCustomizer@7a25e733, org.springframework.boot.test.json.DuplicateJsonObjectContextCustomizerFactory$DuplicateJsonObjectContextCustomizer@e9faed3, org.springframework.boot.test.mock.mockito.MockitoContextCustomizer@0], contextLoader = 'org.springframework.test.context.support.DelegatingSmartContextLoader', parent = [null]]], class annotated with @DirtiesContext [false] with mode [null], method annotated with @DirtiesContext [false] with mode [null].
[DEBUG] Retrieved @ProfileValueSourceConfiguration [null] for test class [com.mybank.atm.entity.db.SafeTest]
[DEBUG] Retrieved ProfileValueSource type [class org.springframework.test.annotation.SystemProfileValueSource] for class [com.mybank.atm.entity.db.SafeTest]
[DEBUG] Performing dependency injection for test context [[DefaultTestContext@37267445 testClass = SafeTest, testInstance = com.mybank.atm.entity.db.SafeTest@53e41ebc, testMethod = [null], testException = [null], mergedContextConfiguration = [MergedContextConfiguration@6e08b278 testClass = SafeTest, locations = '{}', classes = '{}', contextInitializerClasses = '[]', activeProfiles = '{}', propertySourceLocations = '{}', propertySourceProperties = '{}', contextCustomizers = set[org.springframework.boot.test.autoconfigure.properties.PropertyMappingContextCustomizer@0, org.springframework.boot.test.autoconfigure.web.servlet.WebDriverContextCustomizerFactory$Customizer@4c032a48, org.springframework.boot.test.context.filter.ExcludeFilterContextCustomizer@7a25e733, org.springframework.boot.test.json.DuplicateJsonObjectContextCustomizerFactory$DuplicateJsonObjectContextCustomizer@e9faed3, org.springframework.boot.test.mock.mockito.MockitoContextCustomizer@0], contextLoader = 'org.springframework.test.context.support.DelegatingSmartContextLoader', parent = [null]]]].
[DEBUG] Retrieved ApplicationContext from cache with key [[MergedContextConfiguration@6e08b278 testClass = SafeTest, locations = '{}', classes = '{}', contextInitializerClasses = '[]', activeProfiles = '{}', propertySourceLocations = '{}', propertySourceProperties = '{}', contextCustomizers = set[org.springframework.boot.test.autoconfigure.properties.PropertyMappingContextCustomizer@0, org.springframework.boot.test.autoconfigure.web.servlet.WebDriverContextCustomizerFactory$Customizer@4c032a48, org.springframework.boot.test.context.filter.ExcludeFilterContextCustomizer@7a25e733, org.springframework.boot.test.json.DuplicateJsonObjectContextCustomizerFactory$DuplicateJsonObjectContextCustomizer@e9faed3, org.springframework.boot.test.mock.mockito.MockitoContextCustomizer@0], contextLoader = 'org.springframework.test.context.support.DelegatingSmartContextLoader', parent = [null]]]
[DEBUG] Spring test ApplicationContext cache statistics: [DefaultContextCache@53c1ee27 size = 1, maxSize = 32, parentContextCount = 0, hitCount = 45, missCount = 1]
[DEBUG] Before test method: context [DefaultTestContext@37267445 testClass = SafeTest, testInstance = com.mybank.atm.entity.db.SafeTest@53e41ebc, testMethod = testSafeTen@SafeTest, testException = [null], mergedContextConfiguration = [MergedContextConfiguration@6e08b278 testClass = SafeTest, locations = '{}', classes = '{}', contextInitializerClasses = '[]', activeProfiles = '{}', propertySourceLocations = '{}', propertySourceProperties = '{}', contextCustomizers = set[org.springframework.boot.test.autoconfigure.properties.PropertyMappingContextCustomizer@0, org.springframework.boot.test.autoconfigure.web.servlet.WebDriverContextCustomizerFactory$Customizer@4c032a48, org.springframework.boot.test.context.filter.ExcludeFilterContextCustomizer@7a25e733, org.springframework.boot.test.json.DuplicateJsonObjectContextCustomizerFactory$DuplicateJsonObjectContextCustomizer@e9faed3, org.springframework.boot.test.mock.mockito.MockitoContextCustomizer@0], contextLoader = 'org.springframework.test.context.support.DelegatingSmartContextLoader', parent = [null]]], class annotated with @DirtiesContext [false] with mode [null], method annotated with @DirtiesContext [false] with mode [null].
[DEBUG] Retrieved ApplicationContext from cache with key [[MergedContextConfiguration@6e08b278 testClass = SafeTest, locations = '{}', classes = '{}', contextInitializerClasses = '[]', activeProfiles = '{}', propertySourceLocations = '{}', propertySourceProperties = '{}', contextCustomizers = set[org.springframework.boot.test.autoconfigure.properties.PropertyMappingContextCustomizer@0, org.springframework.boot.test.autoconfigure.web.servlet.WebDriverContextCustomizerFactory$Customizer@4c032a48, org.springframework.boot.test.context.filter.ExcludeFilterContextCustomizer@7a25e733, org.springframework.boot.test.json.DuplicateJsonObjectContextCustomizerFactory$DuplicateJsonObjectContextCustomizer@e9faed3, org.springframework.boot.test.mock.mockito.MockitoContextCustomizer@0], contextLoader = 'org.springframework.test.context.support.DelegatingSmartContextLoader', parent = [null]]]
[DEBUG] Spring test ApplicationContext cache statistics: [DefaultContextCache@53c1ee27 size = 1, maxSize = 32, parentContextCount = 0, hitCount = 46, missCount = 1]
[DEBUG] Returning cached instance of singleton bean 'org.springframework.boot.test.mock.mockito.MockitoBeans'
[DEBUG] Retrieved ApplicationContext from cache with key [[MergedContextConfiguration@6e08b278 testClass = SafeTest, locations = '{}', classes = '{}', contextInitializerClasses = '[]', activeProfiles = '{}', propertySourceLocations = '{}', propertySourceProperties = '{}', contextCustomizers = set[org.springframework.boot.test.autoconfigure.properties.PropertyMappingContextCustomizer@0, org.springframework.boot.test.autoconfigure.web.servlet.WebDriverContextCustomizerFactory$Customizer@4c032a48, org.springframework.boot.test.context.filter.ExcludeFilterContextCustomizer@7a25e733, org.springframework.boot.test.json.DuplicateJsonObjectContextCustomizerFactory$DuplicateJsonObjectContextCustomizer@e9faed3, org.springframework.boot.test.mock.mockito.MockitoContextCustomizer@0], contextLoader = 'org.springframework.test.context.support.DelegatingSmartContextLoader', parent = [null]]]
[DEBUG] Spring test ApplicationContext cache statistics: [DefaultContextCache@53c1ee27 size = 1, maxSize = 32, parentContextCount = 0, hitCount = 47, missCount = 1]
[DEBUG] Retrieved ApplicationContext from cache with key [[MergedContextConfiguration@6e08b278 testClass = SafeTest, locations = '{}', classes = '{}', contextInitializerClasses = '[]', activeProfiles = '{}', propertySourceLocations = '{}', propertySourceProperties = '{}', contextCustomizers = set[org.springframework.boot.test.autoconfigure.properties.PropertyMappingContextCustomizer@0, org.springframework.boot.test.autoconfigure.web.servlet.WebDriverContextCustomizerFactory$Customizer@4c032a48, org.springframework.boot.test.context.filter.ExcludeFilterContextCustomizer@7a25e733, org.springframework.boot.test.json.DuplicateJsonObjectContextCustomizerFactory$DuplicateJsonObjectContextCustomizer@e9faed3, org.springframework.boot.test.mock.mockito.MockitoContextCustomizer@0], contextLoader = 'org.springframework.test.context.support.DelegatingSmartContextLoader', parent = [null]]]
[DEBUG] Spring test ApplicationContext cache statistics: [DefaultContextCache@53c1ee27 size = 1, maxSize = 32, parentContextCount = 0, hitCount = 48, missCount = 1]
[DEBUG] Retrieved ApplicationContext from cache with key [[MergedContextConfiguration@6e08b278 testClass = SafeTest, locations = '{}', classes = '{}', contextInitializerClasses = '[]', activeProfiles = '{}', propertySourceLocations = '{}', propertySourceProperties = '{}', contextCustomizers = set[org.springframework.boot.test.autoconfigure.properties.PropertyMappingContextCustomizer@0, org.springframework.boot.test.autoconfigure.web.servlet.WebDriverContextCustomizerFactory$Customizer@4c032a48, org.springframework.boot.test.context.filter.ExcludeFilterContextCustomizer@7a25e733, org.springframework.boot.test.json.DuplicateJsonObjectContextCustomizerFactory$DuplicateJsonObjectContextCustomizer@e9faed3, org.springframework.boot.test.mock.mockito.MockitoContextCustomizer@0], contextLoader = 'org.springframework.test.context.support.DelegatingSmartContextLoader', parent = [null]]]
[DEBUG] Spring test ApplicationContext cache statistics: [DefaultContextCache@53c1ee27 size = 1, maxSize = 32, parentContextCount = 0, hitCount = 49, missCount = 1]
[DEBUG] Returning cached instance of singleton bean 'org.springframework.boot.test.mock.mockito.MockitoBeans'
[DEBUG] After test method: context [DefaultTestContext@37267445 testClass = SafeTest, testInstance = com.mybank.atm.entity.db.SafeTest@53e41ebc, testMethod = testSafeTen@SafeTest, testException = [null], mergedContextConfiguration = [MergedContextConfiguration@6e08b278 testClass = SafeTest, locations = '{}', classes = '{}', contextInitializerClasses = '[]', activeProfiles = '{}', propertySourceLocations = '{}', propertySourceProperties = '{}', contextCustomizers = set[org.springframework.boot.test.autoconfigure.properties.PropertyMappingContextCustomizer@0, org.springframework.boot.test.autoconfigure.web.servlet.WebDriverContextCustomizerFactory$Customizer@4c032a48, org.springframework.boot.test.context.filter.ExcludeFilterContextCustomizer@7a25e733, org.springframework.boot.test.json.DuplicateJsonObjectContextCustomizerFactory$DuplicateJsonObjectContextCustomizer@e9faed3, org.springframework.boot.test.mock.mockito.MockitoContextCustomizer@0], contextLoader = 'org.springframework.test.context.support.DelegatingSmartContextLoader', parent = [null]]], class annotated with @DirtiesContext [false] with mode [null], method annotated with @DirtiesContext [false] with mode [null].
[DEBUG] After test class: context [DefaultTestContext@37267445 testClass = SafeTest, testInstance = [null], testMethod = [null], testException = [null], mergedContextConfiguration = [MergedContextConfiguration@6e08b278 testClass = SafeTest, locations = '{}', classes = '{}', contextInitializerClasses = '[]', activeProfiles = '{}', propertySourceLocations = '{}', propertySourceProperties = '{}', contextCustomizers = set[org.springframework.boot.test.autoconfigure.properties.PropertyMappingContextCustomizer@0, org.springframework.boot.test.autoconfigure.web.servlet.WebDriverContextCustomizerFactory$Customizer@4c032a48, org.springframework.boot.test.context.filter.ExcludeFilterContextCustomizer@7a25e733, org.springframework.boot.test.json.DuplicateJsonObjectContextCustomizerFactory$DuplicateJsonObjectContextCustomizer@e9faed3, org.springframework.boot.test.mock.mockito.MockitoContextCustomizer@0], contextLoader = 'org.springframework.test.context.support.DelegatingSmartContextLoader', parent = [null]]], class annotated with @DirtiesContext [false] with mode [null].
]]></system-out>
  <system-err><![CDATA[]]></system-err>
</testsuite>
