<?xml version="1.0" encoding="UTF-8"?>
<testsuite name="com.mybank.atm.exception.ExceptionTest" tests="2" skipped="0" failures="0" errors="0" timestamp="2018-07-28T21:36:25" hostname="MacBook.local" time="0.004">
  <properties/>
  <testcase name="testServiceException" classname="com.mybank.atm.exception.ExceptionTest" time="0.002"/>
  <testcase name="testApiException" classname="com.mybank.atm.exception.ExceptionTest" time="0.002"/>
  <system-out><![CDATA[[INFO] Neither @ContextConfiguration nor @ContextHierarchy found for test class [com.mybank.atm.exception.ExceptionTest], using DelegatingSmartContextLoader
[INFO] Could not detect default resource locations for test class [com.mybank.atm.exception.ExceptionTest]: no resource found for suffixes {-context.xml}.
[INFO] Could not detect default configuration classes for test class [com.mybank.atm.exception.ExceptionTest]: ExceptionTest does not declare any static, non-private, non-final, nested classes annotated with @Configuration.
[INFO] Loaded default TestExecutionListener class names from location [META-INF/spring.factories]: [org.springframework.boot.test.autoconfigure.restdocs.RestDocsTestExecutionListener, org.springframework.boot.test.autoconfigure.web.client.MockRestServiceServerResetTestExecutionListener, org.springframework.boot.test.autoconfigure.web.servlet.MockMvcPrintOnlyOnFailureTestExecutionListener, org.springframework.boot.test.autoconfigure.web.servlet.WebDriverTestExecutionListener, org.springframework.boot.test.mock.mockito.MockitoTestExecutionListener, org.springframework.boot.test.mock.mockito.ResetMocksTestExecutionListener, org.springframework.test.context.web.ServletTestExecutionListener, org.springframework.test.context.support.DirtiesContextBeforeModesTestExecutionListener, org.springframework.test.context.support.DependencyInjectionTestExecutionListener, org.springframework.test.context.support.DirtiesContextTestExecutionListener, org.springframework.test.context.transaction.TransactionalTestExecutionListener, org.springframework.test.context.jdbc.SqlScriptsTestExecutionListener]
[INFO] Using TestExecutionListeners: [org.springframework.test.context.web.ServletTestExecutionListener@f6c0d71, org.springframework.test.context.support.DirtiesContextBeforeModesTestExecutionListener@68912b50, org.springframework.test.context.support.DependencyInjectionTestExecutionListener@5245f310, org.springframework.test.context.support.DirtiesContextTestExecutionListener@f9e2c0b, org.springframework.test.context.transaction.TransactionalTestExecutionListener@60f6bf0c, org.springframework.test.context.jdbc.SqlScriptsTestExecutionListener@1dcc3e9, org.springframework.boot.test.mock.mockito.ResetMocksTestExecutionListener@7cfc6db1, org.springframework.boot.test.autoconfigure.restdocs.RestDocsTestExecutionListener@27cf851, org.springframework.boot.test.autoconfigure.web.client.MockRestServiceServerResetTestExecutionListener@572739cd, org.springframework.boot.test.autoconfigure.web.servlet.MockMvcPrintOnlyOnFailureTestExecutionListener@30036b4b, org.springframework.boot.test.mock.mockito.MockitoTestExecutionListener@2f8d191f, org.springframework.boot.test.autoconfigure.web.servlet.WebDriverTestExecutionListener@4a56d2cf]
]]></system-out>
  <system-err><![CDATA[]]></system-err>
</testsuite>
