<?xml version="1.0" encoding="UTF-8"?>
<testsuite name="com.mybank.atm.entity.json.CashMapResourceTest" tests="1" skipped="0" failures="0" errors="0" timestamp="2018-07-28T21:34:46" hostname="MacBook.local" time="0.006">
  <properties/>
  <testcase name="testCreateMap" classname="com.mybank.atm.entity.json.CashMapResourceTest" time="0.006"/>
  <system-out><![CDATA[[DEBUG] SpringJUnit4ClassRunner constructor called with [class com.mybank.atm.entity.json.CashMapResourceTest]
[DEBUG] Instantiating CacheAwareContextLoaderDelegate from class [org.springframework.test.context.cache.DefaultCacheAwareContextLoaderDelegate]
[DEBUG] Instantiating BootstrapContext using constructor [public org.springframework.test.context.support.DefaultBootstrapContext(java.lang.Class,org.springframework.test.context.CacheAwareContextLoaderDelegate)]
[DEBUG] Instantiating TestContextBootstrapper for test class [com.mybank.atm.entity.json.CashMapResourceTest] from class [org.springframework.test.context.support.DefaultTestContextBootstrapper]
[INFO] Neither @ContextConfiguration nor @ContextHierarchy found for test class [com.mybank.atm.entity.json.CashMapResourceTest], using DelegatingSmartContextLoader
[DEBUG] Delegating to GenericXmlContextLoader to process context configuration [ContextConfigurationAttributes@1876e308 declaringClass = 'com.mybank.atm.entity.json.CashMapResourceTest', classes = '{}', locations = '{}', inheritLocations = false, initializers = '{}', inheritInitializers = true, name = [null], contextLoaderClass = 'org.springframework.test.context.ContextLoader'].
[DEBUG] Did not detect default resource location for test class [com.mybank.atm.entity.json.CashMapResourceTest]: class path resource [com/mybank/atm/entity/json/CashMapResourceTest-context.xml] does not exist
[INFO] Could not detect default resource locations for test class [com.mybank.atm.entity.json.CashMapResourceTest]: no resource found for suffixes {-context.xml}.
[DEBUG] Delegating to AnnotationConfigContextLoader to process context configuration [ContextConfigurationAttributes@1876e308 declaringClass = 'com.mybank.atm.entity.json.CashMapResourceTest', classes = '{}', locations = '{}', inheritLocations = false, initializers = '{}', inheritInitializers = true, name = [null], contextLoaderClass = 'org.springframework.test.context.ContextLoader'].
[INFO] Could not detect default configuration classes for test class [com.mybank.atm.entity.json.CashMapResourceTest]: CashMapResourceTest does not declare any static, non-private, non-final, nested classes annotated with @Configuration.
[DEBUG] Could not find an 'annotation declaring class' for annotation type [org.springframework.test.context.ActiveProfiles] and class [com.mybank.atm.entity.json.CashMapResourceTest]
[DEBUG] @TestExecutionListeners is not present for class [com.mybank.atm.entity.json.CashMapResourceTest]: using defaults.
[INFO] Loaded default TestExecutionListener class names from location [META-INF/spring.factories]: [org.springframework.boot.test.autoconfigure.restdocs.RestDocsTestExecutionListener, org.springframework.boot.test.autoconfigure.web.client.MockRestServiceServerResetTestExecutionListener, org.springframework.boot.test.autoconfigure.web.servlet.MockMvcPrintOnlyOnFailureTestExecutionListener, org.springframework.boot.test.autoconfigure.web.servlet.WebDriverTestExecutionListener, org.springframework.boot.test.mock.mockito.MockitoTestExecutionListener, org.springframework.boot.test.mock.mockito.ResetMocksTestExecutionListener, org.springframework.test.context.web.ServletTestExecutionListener, org.springframework.test.context.support.DirtiesContextBeforeModesTestExecutionListener, org.springframework.test.context.support.DependencyInjectionTestExecutionListener, org.springframework.test.context.support.DirtiesContextTestExecutionListener, org.springframework.test.context.transaction.TransactionalTestExecutionListener, org.springframework.test.context.jdbc.SqlScriptsTestExecutionListener]
[INFO] Using TestExecutionListeners: [org.springframework.test.context.web.ServletTestExecutionListener@57e94d54, org.springframework.test.context.support.DirtiesContextBeforeModesTestExecutionListener@672f5d3d, org.springframework.test.context.support.DependencyInjectionTestExecutionListener@3b691463, org.springframework.test.context.support.DirtiesContextTestExecutionListener@6fff1da3, org.springframework.test.context.transaction.TransactionalTestExecutionListener@72617ee5, org.springframework.test.context.jdbc.SqlScriptsTestExecutionListener@6f3a0321, org.springframework.boot.test.mock.mockito.ResetMocksTestExecutionListener@1c83d8a9, org.springframework.boot.test.autoconfigure.restdocs.RestDocsTestExecutionListener@b06dc9f, org.springframework.boot.test.autoconfigure.web.client.MockRestServiceServerResetTestExecutionListener@72e91d4c, org.springframework.boot.test.autoconfigure.web.servlet.MockMvcPrintOnlyOnFailureTestExecutionListener@4df53b3b, org.springframework.boot.test.mock.mockito.MockitoTestExecutionListener@4f31e4bc, org.springframework.boot.test.autoconfigure.web.servlet.WebDriverTestExecutionListener@72ee3be1]
[DEBUG] Retrieved @ProfileValueSourceConfiguration [null] for test class [com.mybank.atm.entity.json.CashMapResourceTest]
[DEBUG] Retrieved ProfileValueSource type [class org.springframework.test.annotation.SystemProfileValueSource] for class [com.mybank.atm.entity.json.CashMapResourceTest]
[DEBUG] Retrieved @ProfileValueSourceConfiguration [null] for test class [com.mybank.atm.entity.json.CashMapResourceTest]
[DEBUG] Retrieved ProfileValueSource type [class org.springframework.test.annotation.SystemProfileValueSource] for class [com.mybank.atm.entity.json.CashMapResourceTest]
[DEBUG] Before test class: context [DefaultTestContext@48d75b8d testClass = CashMapResourceTest, testInstance = [null], testMethod = [null], testException = [null], mergedContextConfiguration = [MergedContextConfiguration@2c1f8d4f testClass = CashMapResourceTest, locations = '{}', classes = '{}', contextInitializerClasses = '[]', activeProfiles = '{}', propertySourceLocations = '{}', propertySourceProperties = '{}', contextCustomizers = set[org.springframework.boot.test.autoconfigure.properties.PropertyMappingContextCustomizer@0, org.springframework.boot.test.autoconfigure.web.servlet.WebDriverContextCustomizerFactory$Customizer@4c032a48, org.springframework.boot.test.context.filter.ExcludeFilterContextCustomizer@7a25e733, org.springframework.boot.test.json.DuplicateJsonObjectContextCustomizerFactory$DuplicateJsonObjectContextCustomizer@e9faed3, org.springframework.boot.test.mock.mockito.MockitoContextCustomizer@0], contextLoader = 'org.springframework.test.context.support.DelegatingSmartContextLoader', parent = [null]]], class annotated with @DirtiesContext [false] with mode [null].
[DEBUG] Retrieved @ProfileValueSourceConfiguration [null] for test class [com.mybank.atm.entity.json.CashMapResourceTest]
[DEBUG] Retrieved ProfileValueSource type [class org.springframework.test.annotation.SystemProfileValueSource] for class [com.mybank.atm.entity.json.CashMapResourceTest]
[DEBUG] Performing dependency injection for test context [[DefaultTestContext@48d75b8d testClass = CashMapResourceTest, testInstance = com.mybank.atm.entity.json.CashMapResourceTest@6c4b9874, testMethod = [null], testException = [null], mergedContextConfiguration = [MergedContextConfiguration@2c1f8d4f testClass = CashMapResourceTest, locations = '{}', classes = '{}', contextInitializerClasses = '[]', activeProfiles = '{}', propertySourceLocations = '{}', propertySourceProperties = '{}', contextCustomizers = set[org.springframework.boot.test.autoconfigure.properties.PropertyMappingContextCustomizer@0, org.springframework.boot.test.autoconfigure.web.servlet.WebDriverContextCustomizerFactory$Customizer@4c032a48, org.springframework.boot.test.context.filter.ExcludeFilterContextCustomizer@7a25e733, org.springframework.boot.test.json.DuplicateJsonObjectContextCustomizerFactory$DuplicateJsonObjectContextCustomizer@e9faed3, org.springframework.boot.test.mock.mockito.MockitoContextCustomizer@0], contextLoader = 'org.springframework.test.context.support.DelegatingSmartContextLoader', parent = [null]]]].
[DEBUG] Retrieved ApplicationContext from cache with key [[MergedContextConfiguration@2c1f8d4f testClass = CashMapResourceTest, locations = '{}', classes = '{}', contextInitializerClasses = '[]', activeProfiles = '{}', propertySourceLocations = '{}', propertySourceProperties = '{}', contextCustomizers = set[org.springframework.boot.test.autoconfigure.properties.PropertyMappingContextCustomizer@0, org.springframework.boot.test.autoconfigure.web.servlet.WebDriverContextCustomizerFactory$Customizer@4c032a48, org.springframework.boot.test.context.filter.ExcludeFilterContextCustomizer@7a25e733, org.springframework.boot.test.json.DuplicateJsonObjectContextCustomizerFactory$DuplicateJsonObjectContextCustomizer@e9faed3, org.springframework.boot.test.mock.mockito.MockitoContextCustomizer@0], contextLoader = 'org.springframework.test.context.support.DelegatingSmartContextLoader', parent = [null]]]
[DEBUG] Spring test ApplicationContext cache statistics: [DefaultContextCache@53c1ee27 size = 1, maxSize = 32, parentContextCount = 0, hitCount = 10, missCount = 1]
[DEBUG] Before test method: context [DefaultTestContext@48d75b8d testClass = CashMapResourceTest, testInstance = com.mybank.atm.entity.json.CashMapResourceTest@6c4b9874, testMethod = testCreateMap@CashMapResourceTest, testException = [null], mergedContextConfiguration = [MergedContextConfiguration@2c1f8d4f testClass = CashMapResourceTest, locations = '{}', classes = '{}', contextInitializerClasses = '[]', activeProfiles = '{}', propertySourceLocations = '{}', propertySourceProperties = '{}', contextCustomizers = set[org.springframework.boot.test.autoconfigure.properties.PropertyMappingContextCustomizer@0, org.springframework.boot.test.autoconfigure.web.servlet.WebDriverContextCustomizerFactory$Customizer@4c032a48, org.springframework.boot.test.context.filter.ExcludeFilterContextCustomizer@7a25e733, org.springframework.boot.test.json.DuplicateJsonObjectContextCustomizerFactory$DuplicateJsonObjectContextCustomizer@e9faed3, org.springframework.boot.test.mock.mockito.MockitoContextCustomizer@0], contextLoader = 'org.springframework.test.context.support.DelegatingSmartContextLoader', parent = [null]]], class annotated with @DirtiesContext [false] with mode [null], method annotated with @DirtiesContext [false] with mode [null].
[DEBUG] Retrieved ApplicationContext from cache with key [[MergedContextConfiguration@2c1f8d4f testClass = CashMapResourceTest, locations = '{}', classes = '{}', contextInitializerClasses = '[]', activeProfiles = '{}', propertySourceLocations = '{}', propertySourceProperties = '{}', contextCustomizers = set[org.springframework.boot.test.autoconfigure.properties.PropertyMappingContextCustomizer@0, org.springframework.boot.test.autoconfigure.web.servlet.WebDriverContextCustomizerFactory$Customizer@4c032a48, org.springframework.boot.test.context.filter.ExcludeFilterContextCustomizer@7a25e733, org.springframework.boot.test.json.DuplicateJsonObjectContextCustomizerFactory$DuplicateJsonObjectContextCustomizer@e9faed3, org.springframework.boot.test.mock.mockito.MockitoContextCustomizer@0], contextLoader = 'org.springframework.test.context.support.DelegatingSmartContextLoader', parent = [null]]]
[DEBUG] Spring test ApplicationContext cache statistics: [DefaultContextCache@53c1ee27 size = 1, maxSize = 32, parentContextCount = 0, hitCount = 11, missCount = 1]
[DEBUG] Returning cached instance of singleton bean 'org.springframework.boot.test.mock.mockito.MockitoBeans'
[DEBUG] Retrieved ApplicationContext from cache with key [[MergedContextConfiguration@2c1f8d4f testClass = CashMapResourceTest, locations = '{}', classes = '{}', contextInitializerClasses = '[]', activeProfiles = '{}', propertySourceLocations = '{}', propertySourceProperties = '{}', contextCustomizers = set[org.springframework.boot.test.autoconfigure.properties.PropertyMappingContextCustomizer@0, org.springframework.boot.test.autoconfigure.web.servlet.WebDriverContextCustomizerFactory$Customizer@4c032a48, org.springframework.boot.test.context.filter.ExcludeFilterContextCustomizer@7a25e733, org.springframework.boot.test.json.DuplicateJsonObjectContextCustomizerFactory$DuplicateJsonObjectContextCustomizer@e9faed3, org.springframework.boot.test.mock.mockito.MockitoContextCustomizer@0], contextLoader = 'org.springframework.test.context.support.DelegatingSmartContextLoader', parent = [null]]]
[DEBUG] Spring test ApplicationContext cache statistics: [DefaultContextCache@53c1ee27 size = 1, maxSize = 32, parentContextCount = 0, hitCount = 12, missCount = 1]
[DEBUG] Retrieved ApplicationContext from cache with key [[MergedContextConfiguration@2c1f8d4f testClass = CashMapResourceTest, locations = '{}', classes = '{}', contextInitializerClasses = '[]', activeProfiles = '{}', propertySourceLocations = '{}', propertySourceProperties = '{}', contextCustomizers = set[org.springframework.boot.test.autoconfigure.properties.PropertyMappingContextCustomizer@0, org.springframework.boot.test.autoconfigure.web.servlet.WebDriverContextCustomizerFactory$Customizer@4c032a48, org.springframework.boot.test.context.filter.ExcludeFilterContextCustomizer@7a25e733, org.springframework.boot.test.json.DuplicateJsonObjectContextCustomizerFactory$DuplicateJsonObjectContextCustomizer@e9faed3, org.springframework.boot.test.mock.mockito.MockitoContextCustomizer@0], contextLoader = 'org.springframework.test.context.support.DelegatingSmartContextLoader', parent = [null]]]
[DEBUG] Spring test ApplicationContext cache statistics: [DefaultContextCache@53c1ee27 size = 1, maxSize = 32, parentContextCount = 0, hitCount = 13, missCount = 1]
[DEBUG] Retrieved ApplicationContext from cache with key [[MergedContextConfiguration@2c1f8d4f testClass = CashMapResourceTest, locations = '{}', classes = '{}', contextInitializerClasses = '[]', activeProfiles = '{}', propertySourceLocations = '{}', propertySourceProperties = '{}', contextCustomizers = set[org.springframework.boot.test.autoconfigure.properties.PropertyMappingContextCustomizer@0, org.springframework.boot.test.autoconfigure.web.servlet.WebDriverContextCustomizerFactory$Customizer@4c032a48, org.springframework.boot.test.context.filter.ExcludeFilterContextCustomizer@7a25e733, org.springframework.boot.test.json.DuplicateJsonObjectContextCustomizerFactory$DuplicateJsonObjectContextCustomizer@e9faed3, org.springframework.boot.test.mock.mockito.MockitoContextCustomizer@0], contextLoader = 'org.springframework.test.context.support.DelegatingSmartContextLoader', parent = [null]]]
[DEBUG] Spring test ApplicationContext cache statistics: [DefaultContextCache@53c1ee27 size = 1, maxSize = 32, parentContextCount = 0, hitCount = 14, missCount = 1]
[DEBUG] Returning cached instance of singleton bean 'org.springframework.boot.test.mock.mockito.MockitoBeans'
[DEBUG] After test method: context [DefaultTestContext@48d75b8d testClass = CashMapResourceTest, testInstance = com.mybank.atm.entity.json.CashMapResourceTest@6c4b9874, testMethod = testCreateMap@CashMapResourceTest, testException = [null], mergedContextConfiguration = [MergedContextConfiguration@2c1f8d4f testClass = CashMapResourceTest, locations = '{}', classes = '{}', contextInitializerClasses = '[]', activeProfiles = '{}', propertySourceLocations = '{}', propertySourceProperties = '{}', contextCustomizers = set[org.springframework.boot.test.autoconfigure.properties.PropertyMappingContextCustomizer@0, org.springframework.boot.test.autoconfigure.web.servlet.WebDriverContextCustomizerFactory$Customizer@4c032a48, org.springframework.boot.test.context.filter.ExcludeFilterContextCustomizer@7a25e733, org.springframework.boot.test.json.DuplicateJsonObjectContextCustomizerFactory$DuplicateJsonObjectContextCustomizer@e9faed3, org.springframework.boot.test.mock.mockito.MockitoContextCustomizer@0], contextLoader = 'org.springframework.test.context.support.DelegatingSmartContextLoader', parent = [null]]], class annotated with @DirtiesContext [false] with mode [null], method annotated with @DirtiesContext [false] with mode [null].
[DEBUG] After test class: context [DefaultTestContext@48d75b8d testClass = CashMapResourceTest, testInstance = [null], testMethod = [null], testException = [null], mergedContextConfiguration = [MergedContextConfiguration@2c1f8d4f testClass = CashMapResourceTest, locations = '{}', classes = '{}', contextInitializerClasses = '[]', activeProfiles = '{}', propertySourceLocations = '{}', propertySourceProperties = '{}', contextCustomizers = set[org.springframework.boot.test.autoconfigure.properties.PropertyMappingContextCustomizer@0, org.springframework.boot.test.autoconfigure.web.servlet.WebDriverContextCustomizerFactory$Customizer@4c032a48, org.springframework.boot.test.context.filter.ExcludeFilterContextCustomizer@7a25e733, org.springframework.boot.test.json.DuplicateJsonObjectContextCustomizerFactory$DuplicateJsonObjectContextCustomizer@e9faed3, org.springframework.boot.test.mock.mockito.MockitoContextCustomizer@0], contextLoader = 'org.springframework.test.context.support.DelegatingSmartContextLoader', parent = [null]]], class annotated with @DirtiesContext [false] with mode [null].
]]></system-out>
  <system-err><![CDATA[]]></system-err>
</testsuite>
