<?xml version="1.0" encoding="UTF-8"?>
<testsuite name="com.mybank.atm.repo.SafeRepositoryTest" tests="1" skipped="0" failures="0" errors="0" timestamp="2018-07-28T21:36:26" hostname="MacBook.local" time="0.012">
  <properties/>
  <testcase name="testGetNotes" classname="com.mybank.atm.repo.SafeRepositoryTest" time="0.012"/>
  <system-out><![CDATA[[INFO] Neither @ContextConfiguration nor @ContextHierarchy found for test class [com.mybank.atm.repo.SafeRepositoryTest], using SpringBootContextLoader
[INFO] Could not detect default resource locations for test class [com.mybank.atm.repo.SafeRepositoryTest]: no resource found for suffixes {-context.xml, Context.groovy}.
[INFO] Could not detect default configuration classes for test class [com.mybank.atm.repo.SafeRepositoryTest]: SafeRepositoryTest does not declare any static, non-private, non-final, nested classes annotated with @Configuration.
[INFO] Found @SpringBootConfiguration com.mybank.atm.AtmApplication for test class com.mybank.atm.repo.SafeRepositoryTest
[INFO] Loaded default TestExecutionListener class names from location [META-INF/spring.factories]: [org.springframework.boot.test.autoconfigure.restdocs.RestDocsTestExecutionListener, org.springframework.boot.test.autoconfigure.web.client.MockRestServiceServerResetTestExecutionListener, org.springframework.boot.test.autoconfigure.web.servlet.MockMvcPrintOnlyOnFailureTestExecutionListener, org.springframework.boot.test.autoconfigure.web.servlet.WebDriverTestExecutionListener, org.springframework.boot.test.mock.mockito.MockitoTestExecutionListener, org.springframework.boot.test.mock.mockito.ResetMocksTestExecutionListener, org.springframework.test.context.web.ServletTestExecutionListener, org.springframework.test.context.support.DirtiesContextBeforeModesTestExecutionListener, org.springframework.test.context.support.DependencyInjectionTestExecutionListener, org.springframework.test.context.support.DirtiesContextTestExecutionListener, org.springframework.test.context.transaction.TransactionalTestExecutionListener, org.springframework.test.context.jdbc.SqlScriptsTestExecutionListener]
[INFO] Using TestExecutionListeners: [org.springframework.test.context.web.ServletTestExecutionListener@2ae0ce6f, org.springframework.test.context.support.DirtiesContextBeforeModesTestExecutionListener@6e50e506, org.springframework.boot.test.autoconfigure.SpringBootDependencyInjectionTestExecutionListener@497c9653, org.springframework.test.context.support.DirtiesContextTestExecutionListener@23c73dc5, org.springframework.test.context.transaction.TransactionalTestExecutionListener@f780c64, org.springframework.test.context.jdbc.SqlScriptsTestExecutionListener@66e9b058, org.springframework.boot.test.mock.mockito.ResetMocksTestExecutionListener@4b8a7cd8, org.springframework.boot.test.autoconfigure.restdocs.RestDocsTestExecutionListener@51395979, org.springframework.boot.test.autoconfigure.web.client.MockRestServiceServerResetTestExecutionListener@1e6d6416, org.springframework.boot.test.autoconfigure.web.servlet.MockMvcPrintOnlyOnFailureTestExecutionListener@352d7cf3, org.springframework.boot.test.mock.mockito.MockitoTestExecutionListener@2dd9aa32, org.springframework.boot.test.autoconfigure.web.servlet.WebDriverTestExecutionListener@36b0dc61]
[INFO] Began transaction (1) for test context [DefaultTestContext@69c5ae14 testClass = SafeRepositoryTest, testInstance = com.mybank.atm.repo.SafeRepositoryTest@1e40855b, testMethod = testGetNotes@SafeRepositoryTest, testException = [null], mergedContextConfiguration = [MergedContextConfiguration@43884375 testClass = SafeRepositoryTest, locations = '{}', classes = '{class com.mybank.atm.AtmApplication}', contextInitializerClasses = '[]', activeProfiles = '{}', propertySourceLocations = '{}', propertySourceProperties = '{org.springframework.boot.test.context.SpringBootTestContextBootstrapper=true}', contextCustomizers = set[org.springframework.boot.test.autoconfigure.OverrideAutoConfigurationContextCustomizerFactory$DisableAutoConfigurationContextCustomizer@2480bd81, org.springframework.boot.test.autoconfigure.filter.TypeExcludeFiltersContextCustomizer@351584c0, org.springframework.boot.test.autoconfigure.properties.PropertyMappingContextCustomizer@460a9587, org.springframework.boot.test.autoconfigure.web.servlet.WebDriverContextCustomizerFactory$Customizer@4c032a48, [ImportsContextCustomizer@1d1c6513 key = [org.springframework.boot.autoconfigure.cache.CacheAutoConfiguration, org.springframework.boot.autoconfigure.data.jpa.JpaRepositoriesAutoConfiguration, org.springframework.boot.autoconfigure.flyway.FlywayAutoConfiguration, org.springframework.boot.autoconfigure.jdbc.DataSourceAutoConfiguration, org.springframework.boot.autoconfigure.jdbc.DataSourceTransactionManagerAutoConfiguration, org.springframework.boot.autoconfigure.jdbc.JdbcTemplateAutoConfiguration, org.springframework.boot.autoconfigure.liquibase.LiquibaseAutoConfiguration, org.springframework.boot.autoconfigure.orm.jpa.HibernateJpaAutoConfiguration, org.springframework.boot.autoconfigure.transaction.TransactionAutoConfiguration, org.springframework.boot.test.autoconfigure.jdbc.TestDatabaseAutoConfiguration, org.springframework.boot.test.autoconfigure.orm.jpa.TestEntityManagerAutoConfiguration]], org.springframework.boot.test.context.filter.ExcludeFilterContextCustomizer@7a25e733, org.springframework.boot.test.json.DuplicateJsonObjectContextCustomizerFactory$DuplicateJsonObjectContextCustomizer@e9faed3, org.springframework.boot.test.mock.mockito.MockitoContextCustomizer@0], contextLoader = 'org.springframework.boot.test.context.SpringBootContextLoader', parent = [null]]]; transaction manager [org.springframework.orm.jpa.JpaTransactionManager@31243ac]; rollback [true]
Hibernate: select safe0_.bank_note as bank_not1_1_, safe0_.note_count as note_cou2_1_ from safe safe0_ where safe0_.bank_note=?
Hibernate: select safe0_.bank_note as bank_not1_1_, safe0_.note_count as note_cou2_1_ from safe safe0_ where safe0_.bank_note=?
Hibernate: select safe0_.bank_note as bank_not1_1_, safe0_.note_count as note_cou2_1_ from safe safe0_ where safe0_.bank_note=?
Hibernate: select safe0_.bank_note as bank_not1_1_, safe0_.note_count as note_cou2_1_ from safe safe0_ where safe0_.bank_note=?
[INFO] Rolled back transaction for test context [DefaultTestContext@69c5ae14 testClass = SafeRepositoryTest, testInstance = com.mybank.atm.repo.SafeRepositoryTest@1e40855b, testMethod = testGetNotes@SafeRepositoryTest, testException = [null], mergedContextConfiguration = [MergedContextConfiguration@43884375 testClass = SafeRepositoryTest, locations = '{}', classes = '{class com.mybank.atm.AtmApplication}', contextInitializerClasses = '[]', activeProfiles = '{}', propertySourceLocations = '{}', propertySourceProperties = '{org.springframework.boot.test.context.SpringBootTestContextBootstrapper=true}', contextCustomizers = set[org.springframework.boot.test.autoconfigure.OverrideAutoConfigurationContextCustomizerFactory$DisableAutoConfigurationContextCustomizer@2480bd81, org.springframework.boot.test.autoconfigure.filter.TypeExcludeFiltersContextCustomizer@351584c0, org.springframework.boot.test.autoconfigure.properties.PropertyMappingContextCustomizer@460a9587, org.springframework.boot.test.autoconfigure.web.servlet.WebDriverContextCustomizerFactory$Customizer@4c032a48, [ImportsContextCustomizer@1d1c6513 key = [org.springframework.boot.autoconfigure.cache.CacheAutoConfiguration, org.springframework.boot.autoconfigure.data.jpa.JpaRepositoriesAutoConfiguration, org.springframework.boot.autoconfigure.flyway.FlywayAutoConfiguration, org.springframework.boot.autoconfigure.jdbc.DataSourceAutoConfiguration, org.springframework.boot.autoconfigure.jdbc.DataSourceTransactionManagerAutoConfiguration, org.springframework.boot.autoconfigure.jdbc.JdbcTemplateAutoConfiguration, org.springframework.boot.autoconfigure.liquibase.LiquibaseAutoConfiguration, org.springframework.boot.autoconfigure.orm.jpa.HibernateJpaAutoConfiguration, org.springframework.boot.autoconfigure.transaction.TransactionAutoConfiguration, org.springframework.boot.test.autoconfigure.jdbc.TestDatabaseAutoConfiguration, org.springframework.boot.test.autoconfigure.orm.jpa.TestEntityManagerAutoConfiguration]], org.springframework.boot.test.context.filter.ExcludeFilterContextCustomizer@7a25e733, org.springframework.boot.test.json.DuplicateJsonObjectContextCustomizerFactory$DuplicateJsonObjectContextCustomizer@e9faed3, org.springframework.boot.test.mock.mockito.MockitoContextCustomizer@0], contextLoader = 'org.springframework.boot.test.context.SpringBootContextLoader', parent = [null]]].
]]></system-out>
  <system-err><![CDATA[]]></system-err>
</testsuite>
