<?xml version="1.0" encoding="UTF-8"?>
<testsuite name="com.mybank.atm.repo.AccountRepositoryTest" tests="3" skipped="0" failures="0" errors="0" timestamp="2018-07-28T21:36:25" hostname="MacBook.local" time="0.033">
  <properties/>
  <testcase name="addNewAccountTest" classname="com.mybank.atm.repo.AccountRepositoryTest" time="0.018"/>
  <testcase name="getAccountTest" classname="com.mybank.atm.repo.AccountRepositoryTest" time="0.004"/>
  <testcase name="getAllAccountsTest" classname="com.mybank.atm.repo.AccountRepositoryTest" time="0.008"/>
  <system-out><![CDATA[[INFO] Neither @ContextConfiguration nor @ContextHierarchy found for test class [com.mybank.atm.repo.AccountRepositoryTest], using SpringBootContextLoader
[INFO] Could not detect default resource locations for test class [com.mybank.atm.repo.AccountRepositoryTest]: no resource found for suffixes {-context.xml, Context.groovy}.
[INFO] Could not detect default configuration classes for test class [com.mybank.atm.repo.AccountRepositoryTest]: AccountRepositoryTest does not declare any static, non-private, non-final, nested classes annotated with @Configuration.
[INFO] Found @SpringBootConfiguration com.mybank.atm.AtmApplication for test class com.mybank.atm.repo.AccountRepositoryTest
[INFO] Loaded default TestExecutionListener class names from location [META-INF/spring.factories]: [org.springframework.boot.test.autoconfigure.restdocs.RestDocsTestExecutionListener, org.springframework.boot.test.autoconfigure.web.client.MockRestServiceServerResetTestExecutionListener, org.springframework.boot.test.autoconfigure.web.servlet.MockMvcPrintOnlyOnFailureTestExecutionListener, org.springframework.boot.test.autoconfigure.web.servlet.WebDriverTestExecutionListener, org.springframework.boot.test.mock.mockito.MockitoTestExecutionListener, org.springframework.boot.test.mock.mockito.ResetMocksTestExecutionListener, org.springframework.test.context.web.ServletTestExecutionListener, org.springframework.test.context.support.DirtiesContextBeforeModesTestExecutionListener, org.springframework.test.context.support.DependencyInjectionTestExecutionListener, org.springframework.test.context.support.DirtiesContextTestExecutionListener, org.springframework.test.context.transaction.TransactionalTestExecutionListener, org.springframework.test.context.jdbc.SqlScriptsTestExecutionListener]
[INFO] Using TestExecutionListeners: [org.springframework.test.context.web.ServletTestExecutionListener@4183e719, org.springframework.test.context.support.DirtiesContextBeforeModesTestExecutionListener@7e245a63, org.springframework.boot.test.autoconfigure.SpringBootDependencyInjectionTestExecutionListener@777ee09a, org.springframework.test.context.support.DirtiesContextTestExecutionListener@6f10c762, org.springframework.test.context.transaction.TransactionalTestExecutionListener@31755eb6, org.springframework.test.context.jdbc.SqlScriptsTestExecutionListener@6d5efdb9, org.springframework.boot.test.mock.mockito.ResetMocksTestExecutionListener@6da4bab8, org.springframework.boot.test.autoconfigure.restdocs.RestDocsTestExecutionListener@4665bb9, org.springframework.boot.test.autoconfigure.web.client.MockRestServiceServerResetTestExecutionListener@1ffd356d, org.springframework.boot.test.autoconfigure.web.servlet.MockMvcPrintOnlyOnFailureTestExecutionListener@5d4b01e, org.springframework.boot.test.mock.mockito.MockitoTestExecutionListener@4d6dab66, org.springframework.boot.test.autoconfigure.web.servlet.WebDriverTestExecutionListener@7be08ae1]
[INFO] Starting AccountRepositoryTest on MacBook.local with PID 6027 (started by ramanagoudapatil in /Users/ramanagoudapatil/github/testrepo)
[INFO] No active profile set, falling back to default profiles: default
[INFO] Refreshing org.springframework.context.annotation.AnnotationConfigApplicationContext@b13c432: startup date [Sat Jul 28 14:36:25 PDT 2018]; root of context hierarchy
[INFO] Replacing 'dataSource' DataSource bean with embedded version
[INFO] Overriding bean definition for bean 'dataSource' with a different definition: replacing [Root bean: class [null]; scope=; abstract=false; lazyInit=false; autowireMode=3; dependencyCheck=0; autowireCandidate=true; primary=false; factoryBeanName=org.springframework.boot.autoconfigure.jdbc.DataSourceConfiguration$Tomcat; factoryMethodName=dataSource; initMethodName=null; destroyMethodName=(inferred); defined in class path resource [org/springframework/boot/autoconfigure/jdbc/DataSourceConfiguration$Tomcat.class]] with [Root bean: class [org.springframework.boot.test.autoconfigure.jdbc.TestDatabaseAutoConfiguration$EmbeddedDataSourceFactoryBean]; scope=; abstract=false; lazyInit=false; autowireMode=0; dependencyCheck=0; autowireCandidate=true; primary=false; factoryBeanName=null; factoryMethodName=null; initMethodName=null; destroyMethodName=null]
[WARN] Cannot enhance @Configuration bean definition 'embeddedDataSourceBeanFactoryPostProcessor' since its singleton instance has been created too early. The typical cause is a non-static @Bean method with a BeanDefinitionRegistryPostProcessor return type: Consider declaring such methods as 'static'.
[INFO] Starting embedded database: url='jdbc:h2:mem:affb728b-65e8-4ff7-9429-f94bc25fe41c;DB_CLOSE_DELAY=-1;DB_CLOSE_ON_EXIT=false', username='sa'
[INFO] Building JPA container EntityManagerFactory for persistence unit 'default'
Hibernate: drop table account if exists
Hibernate: drop table safe if exists
Hibernate: create table account (id bigint generated by default as identity, account_number bigint not null, balance decimal(19,2) not null, overdraft decimal(19,2) not null, pin varchar(255) not null, primary key (id))
Hibernate: create table safe (bank_note varchar(255) not null, note_count integer not null, primary key (bank_note))
[INFO] Initialized JPA EntityManagerFactory for persistence unit 'default'
[INFO] Executing SQL script from URL [file:/Users/ramanagoudapatil/github/testrepo/build/resources/main/data.sql]
[INFO] Executed SQL script from URL [file:/Users/ramanagoudapatil/github/testrepo/build/resources/main/data.sql] in 1 ms.
[INFO] Executing SQL script from URL [file:/Users/ramanagoudapatil/github/testrepo/build/resources/test/data.sql]
[INFO] Executed SQL script from URL [file:/Users/ramanagoudapatil/github/testrepo/build/resources/test/data.sql] in 1 ms.
[INFO] Started AccountRepositoryTest in 0.446 seconds (JVM running for 101.174)
[INFO] Began transaction (1) for test context [DefaultTestContext@45303179 testClass = AccountRepositoryTest, testInstance = com.mybank.atm.repo.AccountRepositoryTest@20cdeb93, testMethod = addNewAccountTest@AccountRepositoryTest, testException = [null], mergedContextConfiguration = [MergedContextConfiguration@48d865c6 testClass = AccountRepositoryTest, locations = '{}', classes = '{class com.mybank.atm.AtmApplication}', contextInitializerClasses = '[]', activeProfiles = '{}', propertySourceLocations = '{}', propertySourceProperties = '{org.springframework.boot.test.context.SpringBootTestContextBootstrapper=true}', contextCustomizers = set[org.springframework.boot.test.autoconfigure.OverrideAutoConfigurationContextCustomizerFactory$DisableAutoConfigurationContextCustomizer@2480bd81, org.springframework.boot.test.autoconfigure.filter.TypeExcludeFiltersContextCustomizer@351584c0, org.springframework.boot.test.autoconfigure.properties.PropertyMappingContextCustomizer@460a9587, org.springframework.boot.test.autoconfigure.web.servlet.WebDriverContextCustomizerFactory$Customizer@4c032a48, [ImportsContextCustomizer@560ab565 key = [org.springframework.boot.autoconfigure.cache.CacheAutoConfiguration, org.springframework.boot.autoconfigure.data.jpa.JpaRepositoriesAutoConfiguration, org.springframework.boot.autoconfigure.flyway.FlywayAutoConfiguration, org.springframework.boot.autoconfigure.jdbc.DataSourceAutoConfiguration, org.springframework.boot.autoconfigure.jdbc.DataSourceTransactionManagerAutoConfiguration, org.springframework.boot.autoconfigure.jdbc.JdbcTemplateAutoConfiguration, org.springframework.boot.autoconfigure.liquibase.LiquibaseAutoConfiguration, org.springframework.boot.autoconfigure.orm.jpa.HibernateJpaAutoConfiguration, org.springframework.boot.autoconfigure.transaction.TransactionAutoConfiguration, org.springframework.boot.test.autoconfigure.jdbc.TestDatabaseAutoConfiguration, org.springframework.boot.test.autoconfigure.orm.jpa.TestEntityManagerAutoConfiguration]], org.springframework.boot.test.context.filter.ExcludeFilterContextCustomizer@7a25e733, org.springframework.boot.test.json.DuplicateJsonObjectContextCustomizerFactory$DuplicateJsonObjectContextCustomizer@e9faed3, org.springframework.boot.test.mock.mockito.MockitoContextCustomizer@0], contextLoader = 'org.springframework.boot.test.context.SpringBootContextLoader', parent = [null]]]; transaction manager [org.springframework.orm.jpa.JpaTransactionManager@31243ac]; rollback [true]
Hibernate: insert into account (id, account_number, balance, overdraft, pin) values (null, ?, ?, ?, ?)
Hibernate: select account0_.id as id1_0_, account0_.account_number as account_2_0_, account0_.balance as balance3_0_, account0_.overdraft as overdraf4_0_, account0_.pin as pin5_0_ from account account0_ where account0_.account_number=?
[INFO] Rolled back transaction for test context [DefaultTestContext@45303179 testClass = AccountRepositoryTest, testInstance = com.mybank.atm.repo.AccountRepositoryTest@20cdeb93, testMethod = addNewAccountTest@AccountRepositoryTest, testException = [null], mergedContextConfiguration = [MergedContextConfiguration@48d865c6 testClass = AccountRepositoryTest, locations = '{}', classes = '{class com.mybank.atm.AtmApplication}', contextInitializerClasses = '[]', activeProfiles = '{}', propertySourceLocations = '{}', propertySourceProperties = '{org.springframework.boot.test.context.SpringBootTestContextBootstrapper=true}', contextCustomizers = set[org.springframework.boot.test.autoconfigure.OverrideAutoConfigurationContextCustomizerFactory$DisableAutoConfigurationContextCustomizer@2480bd81, org.springframework.boot.test.autoconfigure.filter.TypeExcludeFiltersContextCustomizer@351584c0, org.springframework.boot.test.autoconfigure.properties.PropertyMappingContextCustomizer@460a9587, org.springframework.boot.test.autoconfigure.web.servlet.WebDriverContextCustomizerFactory$Customizer@4c032a48, [ImportsContextCustomizer@560ab565 key = [org.springframework.boot.autoconfigure.cache.CacheAutoConfiguration, org.springframework.boot.autoconfigure.data.jpa.JpaRepositoriesAutoConfiguration, org.springframework.boot.autoconfigure.flyway.FlywayAutoConfiguration, org.springframework.boot.autoconfigure.jdbc.DataSourceAutoConfiguration, org.springframework.boot.autoconfigure.jdbc.DataSourceTransactionManagerAutoConfiguration, org.springframework.boot.autoconfigure.jdbc.JdbcTemplateAutoConfiguration, org.springframework.boot.autoconfigure.liquibase.LiquibaseAutoConfiguration, org.springframework.boot.autoconfigure.orm.jpa.HibernateJpaAutoConfiguration, org.springframework.boot.autoconfigure.transaction.TransactionAutoConfiguration, org.springframework.boot.test.autoconfigure.jdbc.TestDatabaseAutoConfiguration, org.springframework.boot.test.autoconfigure.orm.jpa.TestEntityManagerAutoConfiguration]], org.springframework.boot.test.context.filter.ExcludeFilterContextCustomizer@7a25e733, org.springframework.boot.test.json.DuplicateJsonObjectContextCustomizerFactory$DuplicateJsonObjectContextCustomizer@e9faed3, org.springframework.boot.test.mock.mockito.MockitoContextCustomizer@0], contextLoader = 'org.springframework.boot.test.context.SpringBootContextLoader', parent = [null]]].
[INFO] Began transaction (1) for test context [DefaultTestContext@45303179 testClass = AccountRepositoryTest, testInstance = com.mybank.atm.repo.AccountRepositoryTest@5c6eb97, testMethod = getAccountTest@AccountRepositoryTest, testException = [null], mergedContextConfiguration = [MergedContextConfiguration@48d865c6 testClass = AccountRepositoryTest, locations = '{}', classes = '{class com.mybank.atm.AtmApplication}', contextInitializerClasses = '[]', activeProfiles = '{}', propertySourceLocations = '{}', propertySourceProperties = '{org.springframework.boot.test.context.SpringBootTestContextBootstrapper=true}', contextCustomizers = set[org.springframework.boot.test.autoconfigure.OverrideAutoConfigurationContextCustomizerFactory$DisableAutoConfigurationContextCustomizer@2480bd81, org.springframework.boot.test.autoconfigure.filter.TypeExcludeFiltersContextCustomizer@351584c0, org.springframework.boot.test.autoconfigure.properties.PropertyMappingContextCustomizer@460a9587, org.springframework.boot.test.autoconfigure.web.servlet.WebDriverContextCustomizerFactory$Customizer@4c032a48, [ImportsContextCustomizer@560ab565 key = [org.springframework.boot.autoconfigure.cache.CacheAutoConfiguration, org.springframework.boot.autoconfigure.data.jpa.JpaRepositoriesAutoConfiguration, org.springframework.boot.autoconfigure.flyway.FlywayAutoConfiguration, org.springframework.boot.autoconfigure.jdbc.DataSourceAutoConfiguration, org.springframework.boot.autoconfigure.jdbc.DataSourceTransactionManagerAutoConfiguration, org.springframework.boot.autoconfigure.jdbc.JdbcTemplateAutoConfiguration, org.springframework.boot.autoconfigure.liquibase.LiquibaseAutoConfiguration, org.springframework.boot.autoconfigure.orm.jpa.HibernateJpaAutoConfiguration, org.springframework.boot.autoconfigure.transaction.TransactionAutoConfiguration, org.springframework.boot.test.autoconfigure.jdbc.TestDatabaseAutoConfiguration, org.springframework.boot.test.autoconfigure.orm.jpa.TestEntityManagerAutoConfiguration]], org.springframework.boot.test.context.filter.ExcludeFilterContextCustomizer@7a25e733, org.springframework.boot.test.json.DuplicateJsonObjectContextCustomizerFactory$DuplicateJsonObjectContextCustomizer@e9faed3, org.springframework.boot.test.mock.mockito.MockitoContextCustomizer@0], contextLoader = 'org.springframework.boot.test.context.SpringBootContextLoader', parent = [null]]]; transaction manager [org.springframework.orm.jpa.JpaTransactionManager@31243ac]; rollback [true]
Hibernate: select account0_.id as id1_0_, account0_.account_number as account_2_0_, account0_.balance as balance3_0_, account0_.overdraft as overdraf4_0_, account0_.pin as pin5_0_ from account account0_ where account0_.account_number=?
[INFO] Rolled back transaction for test context [DefaultTestContext@45303179 testClass = AccountRepositoryTest, testInstance = com.mybank.atm.repo.AccountRepositoryTest@5c6eb97, testMethod = getAccountTest@AccountRepositoryTest, testException = [null], mergedContextConfiguration = [MergedContextConfiguration@48d865c6 testClass = AccountRepositoryTest, locations = '{}', classes = '{class com.mybank.atm.AtmApplication}', contextInitializerClasses = '[]', activeProfiles = '{}', propertySourceLocations = '{}', propertySourceProperties = '{org.springframework.boot.test.context.SpringBootTestContextBootstrapper=true}', contextCustomizers = set[org.springframework.boot.test.autoconfigure.OverrideAutoConfigurationContextCustomizerFactory$DisableAutoConfigurationContextCustomizer@2480bd81, org.springframework.boot.test.autoconfigure.filter.TypeExcludeFiltersContextCustomizer@351584c0, org.springframework.boot.test.autoconfigure.properties.PropertyMappingContextCustomizer@460a9587, org.springframework.boot.test.autoconfigure.web.servlet.WebDriverContextCustomizerFactory$Customizer@4c032a48, [ImportsContextCustomizer@560ab565 key = [org.springframework.boot.autoconfigure.cache.CacheAutoConfiguration, org.springframework.boot.autoconfigure.data.jpa.JpaRepositoriesAutoConfiguration, org.springframework.boot.autoconfigure.flyway.FlywayAutoConfiguration, org.springframework.boot.autoconfigure.jdbc.DataSourceAutoConfiguration, org.springframework.boot.autoconfigure.jdbc.DataSourceTransactionManagerAutoConfiguration, org.springframework.boot.autoconfigure.jdbc.JdbcTemplateAutoConfiguration, org.springframework.boot.autoconfigure.liquibase.LiquibaseAutoConfiguration, org.springframework.boot.autoconfigure.orm.jpa.HibernateJpaAutoConfiguration, org.springframework.boot.autoconfigure.transaction.TransactionAutoConfiguration, org.springframework.boot.test.autoconfigure.jdbc.TestDatabaseAutoConfiguration, org.springframework.boot.test.autoconfigure.orm.jpa.TestEntityManagerAutoConfiguration]], org.springframework.boot.test.context.filter.ExcludeFilterContextCustomizer@7a25e733, org.springframework.boot.test.json.DuplicateJsonObjectContextCustomizerFactory$DuplicateJsonObjectContextCustomizer@e9faed3, org.springframework.boot.test.mock.mockito.MockitoContextCustomizer@0], contextLoader = 'org.springframework.boot.test.context.SpringBootContextLoader', parent = [null]]].
[INFO] Began transaction (1) for test context [DefaultTestContext@45303179 testClass = AccountRepositoryTest, testInstance = com.mybank.atm.repo.AccountRepositoryTest@18d74dcc, testMethod = getAllAccountsTest@AccountRepositoryTest, testException = [null], mergedContextConfiguration = [MergedContextConfiguration@48d865c6 testClass = AccountRepositoryTest, locations = '{}', classes = '{class com.mybank.atm.AtmApplication}', contextInitializerClasses = '[]', activeProfiles = '{}', propertySourceLocations = '{}', propertySourceProperties = '{org.springframework.boot.test.context.SpringBootTestContextBootstrapper=true}', contextCustomizers = set[org.springframework.boot.test.autoconfigure.OverrideAutoConfigurationContextCustomizerFactory$DisableAutoConfigurationContextCustomizer@2480bd81, org.springframework.boot.test.autoconfigure.filter.TypeExcludeFiltersContextCustomizer@351584c0, org.springframework.boot.test.autoconfigure.properties.PropertyMappingContextCustomizer@460a9587, org.springframework.boot.test.autoconfigure.web.servlet.WebDriverContextCustomizerFactory$Customizer@4c032a48, [ImportsContextCustomizer@560ab565 key = [org.springframework.boot.autoconfigure.cache.CacheAutoConfiguration, org.springframework.boot.autoconfigure.data.jpa.JpaRepositoriesAutoConfiguration, org.springframework.boot.autoconfigure.flyway.FlywayAutoConfiguration, org.springframework.boot.autoconfigure.jdbc.DataSourceAutoConfiguration, org.springframework.boot.autoconfigure.jdbc.DataSourceTransactionManagerAutoConfiguration, org.springframework.boot.autoconfigure.jdbc.JdbcTemplateAutoConfiguration, org.springframework.boot.autoconfigure.liquibase.LiquibaseAutoConfiguration, org.springframework.boot.autoconfigure.orm.jpa.HibernateJpaAutoConfiguration, org.springframework.boot.autoconfigure.transaction.TransactionAutoConfiguration, org.springframework.boot.test.autoconfigure.jdbc.TestDatabaseAutoConfiguration, org.springframework.boot.test.autoconfigure.orm.jpa.TestEntityManagerAutoConfiguration]], org.springframework.boot.test.context.filter.ExcludeFilterContextCustomizer@7a25e733, org.springframework.boot.test.json.DuplicateJsonObjectContextCustomizerFactory$DuplicateJsonObjectContextCustomizer@e9faed3, org.springframework.boot.test.mock.mockito.MockitoContextCustomizer@0], contextLoader = 'org.springframework.boot.test.context.SpringBootContextLoader', parent = [null]]]; transaction manager [org.springframework.orm.jpa.JpaTransactionManager@31243ac]; rollback [true]
Hibernate: select count(*) as col_0_0_ from account account0_
[INFO] Rolled back transaction for test context [DefaultTestContext@45303179 testClass = AccountRepositoryTest, testInstance = com.mybank.atm.repo.AccountRepositoryTest@18d74dcc, testMethod = getAllAccountsTest@AccountRepositoryTest, testException = [null], mergedContextConfiguration = [MergedContextConfiguration@48d865c6 testClass = AccountRepositoryTest, locations = '{}', classes = '{class com.mybank.atm.AtmApplication}', contextInitializerClasses = '[]', activeProfiles = '{}', propertySourceLocations = '{}', propertySourceProperties = '{org.springframework.boot.test.context.SpringBootTestContextBootstrapper=true}', contextCustomizers = set[org.springframework.boot.test.autoconfigure.OverrideAutoConfigurationContextCustomizerFactory$DisableAutoConfigurationContextCustomizer@2480bd81, org.springframework.boot.test.autoconfigure.filter.TypeExcludeFiltersContextCustomizer@351584c0, org.springframework.boot.test.autoconfigure.properties.PropertyMappingContextCustomizer@460a9587, org.springframework.boot.test.autoconfigure.web.servlet.WebDriverContextCustomizerFactory$Customizer@4c032a48, [ImportsContextCustomizer@560ab565 key = [org.springframework.boot.autoconfigure.cache.CacheAutoConfiguration, org.springframework.boot.autoconfigure.data.jpa.JpaRepositoriesAutoConfiguration, org.springframework.boot.autoconfigure.flyway.FlywayAutoConfiguration, org.springframework.boot.autoconfigure.jdbc.DataSourceAutoConfiguration, org.springframework.boot.autoconfigure.jdbc.DataSourceTransactionManagerAutoConfiguration, org.springframework.boot.autoconfigure.jdbc.JdbcTemplateAutoConfiguration, org.springframework.boot.autoconfigure.liquibase.LiquibaseAutoConfiguration, org.springframework.boot.autoconfigure.orm.jpa.HibernateJpaAutoConfiguration, org.springframework.boot.autoconfigure.transaction.TransactionAutoConfiguration, org.springframework.boot.test.autoconfigure.jdbc.TestDatabaseAutoConfiguration, org.springframework.boot.test.autoconfigure.orm.jpa.TestEntityManagerAutoConfiguration]], org.springframework.boot.test.context.filter.ExcludeFilterContextCustomizer@7a25e733, org.springframework.boot.test.json.DuplicateJsonObjectContextCustomizerFactory$DuplicateJsonObjectContextCustomizer@e9faed3, org.springframework.boot.test.mock.mockito.MockitoContextCustomizer@0], contextLoader = 'org.springframework.boot.test.context.SpringBootContextLoader', parent = [null]]].
]]></system-out>
  <system-err><![CDATA[]]></system-err>
</testsuite>
